<?xml version="1.0" encoding="UTF-8"?>
<testsuite name="com.fridgerescuer.springboot.data.dao.CommentDaoTest" tests="4" skipped="0" failures="0" errors="0" timestamp="2022-10-10T14:41:02" hostname="DESKTOP-QT4MFI0" time="0.553">
  <properties/>
  <testcase name="평점 적용 테스트" classname="com.fridgerescuer.springboot.data.dao.CommentDaoTest" time="0.192"/>
  <testcase name="saveCommentWithMemberAndRecipe()" classname="com.fridgerescuer.springboot.data.dao.CommentDaoTest" time="0.056"/>
  <testcase name="deleteComment()" classname="com.fridgerescuer.springboot.data.dao.CommentDaoTest" time="0.201"/>
  <testcase name="updateCommentData()" classname="com.fridgerescuer.springboot.data.dao.CommentDaoTest" time="0.097"/>
  <system-out><![CDATA[2022-10-10 23:41:02.815  INFO 2080 --- [    Test worker] t.a.d.m.DataMongoTestContextBootstrapper : Neither @ContextConfiguration nor @ContextHierarchy found for test class [com.fridgerescuer.springboot.data.dao.CommentDaoTest], using SpringBootContextLoader
2022-10-10 23:41:02.816  INFO 2080 --- [    Test worker] o.s.t.c.support.AbstractContextLoader    : Could not detect default resource locations for test class [com.fridgerescuer.springboot.data.dao.CommentDaoTest]: no resource found for suffixes {-context.xml, Context.groovy}.
2022-10-10 23:41:02.816  INFO 2080 --- [    Test worker] t.c.s.AnnotationConfigContextLoaderUtils : Could not detect default configuration classes for test class [com.fridgerescuer.springboot.data.dao.CommentDaoTest]: CommentDaoTest does not declare any static, non-private, non-final, nested classes annotated with @Configuration.
2022-10-10 23:41:02.829  INFO 2080 --- [    Test worker] .b.t.c.SpringBootTestContextBootstrapper : Found @SpringBootConfiguration com.fridgerescuer.springboot.SpringbootApplication for test class com.fridgerescuer.springboot.data.dao.CommentDaoTest
2022-10-10 23:41:02.830  INFO 2080 --- [    Test worker] t.a.d.m.DataMongoTestContextBootstrapper : Loaded default TestExecutionListener class names from location [META-INF/spring.factories]: [org.springframework.security.test.context.support.WithSecurityContextTestExecutionListener, org.springframework.security.test.context.support.ReactorContextTestExecutionListener, org.springframework.boot.test.autoconfigure.restdocs.RestDocsTestExecutionListener, org.springframework.boot.test.autoconfigure.web.client.MockRestServiceServerResetTestExecutionListener, org.springframework.boot.test.autoconfigure.web.servlet.MockMvcPrintOnlyOnFailureTestExecutionListener, org.springframework.boot.test.autoconfigure.web.servlet.WebDriverTestExecutionListener, org.springframework.boot.test.autoconfigure.webservices.client.MockWebServiceServerTestExecutionListener, org.springframework.boot.test.mock.mockito.MockitoTestExecutionListener, org.springframework.boot.test.mock.mockito.ResetMocksTestExecutionListener, org.springframework.test.context.web.ServletTestExecutionListener, org.springframework.test.context.support.DirtiesContextBeforeModesTestExecutionListener, org.springframework.test.context.event.ApplicationEventsTestExecutionListener, org.springframework.test.context.support.DependencyInjectionTestExecutionListener, org.springframework.test.context.support.DirtiesContextTestExecutionListener, org.springframework.test.context.transaction.TransactionalTestExecutionListener, org.springframework.test.context.jdbc.SqlScriptsTestExecutionListener, org.springframework.test.context.event.EventPublishingTestExecutionListener]
2022-10-10 23:41:02.830  INFO 2080 --- [    Test worker] t.a.d.m.DataMongoTestContextBootstrapper : Using TestExecutionListeners: [org.springframework.test.context.web.ServletTestExecutionListener@5c2ae7d7, org.springframework.test.context.support.DirtiesContextBeforeModesTestExecutionListener@6e7cb01a, org.springframework.test.context.event.ApplicationEventsTestExecutionListener@236206f8, org.springframework.boot.test.mock.mockito.MockitoTestExecutionListener@5c04ec8, org.springframework.boot.test.autoconfigure.SpringBootDependencyInjectionTestExecutionListener@e5f05f8, org.springframework.test.context.support.DirtiesContextTestExecutionListener@5a88849, org.springframework.test.context.transaction.TransactionalTestExecutionListener@36ce0bc2, org.springframework.test.context.jdbc.SqlScriptsTestExecutionListener@317fa5dd, org.springframework.security.test.context.support.WithSecurityContextTestExecutionListener@477906cf, org.springframework.test.context.event.EventPublishingTestExecutionListener@65234a9, org.springframework.security.test.context.support.ReactorContextTestExecutionListener@4004bfba, org.springframework.boot.test.autoconfigure.restdocs.RestDocsTestExecutionListener@c19bb2a, org.springframework.boot.test.autoconfigure.web.client.MockRestServiceServerResetTestExecutionListener@3599b18, org.springframework.boot.test.autoconfigure.web.servlet.MockMvcPrintOnlyOnFailureTestExecutionListener@143900a6, org.springframework.boot.test.autoconfigure.web.servlet.WebDriverTestExecutionListener@712594f4, org.springframework.boot.test.autoconfigure.webservices.client.MockWebServiceServerTestExecutionListener@30a4a111, org.springframework.boot.test.mock.mockito.ResetMocksTestExecutionListener@7f6a6d46]
2022-10-10 23:41:02.862  INFO 2080 --- [       Thread-4] o.s.b.a.mongo.embedded.EmbeddedMongo     : {"t":{"$date":"2022-10-10T23:41:02.863+09:00"},"s":"I",  "c":"STORAGE",  "id":20320,   "ctx":"conn5","msg":"createCollection","attr":{"namespace":"test.member","uuidDisposition":"generated","uuid":{"uuid":{"$uuid":"e9d40634-82ec-45c1-90d2-5c5495eebe3b"}},"options":{}}}
2022-10-10 23:41:02.893  INFO 2080 --- [       Thread-4] o.s.b.a.mongo.embedded.EmbeddedMongo     : {"t":{"$date":"2022-10-10T23:41:02.893+09:00"},"s":"I",  "c":"INDEX",    "id":20345,   "ctx":"conn5","msg":"Index build: done building","attr":{"buildUUID":null,"namespace":"test.member","index":"_id_","commitTimestamp":null}}
2022-10-10 23:41:02.903  INFO 2080 --- [       Thread-4] o.s.b.a.mongo.embedded.EmbeddedMongo     : {"t":{"$date":"2022-10-10T23:41:02.904+09:00"},"s":"I",  "c":"STORAGE",  "id":20320,   "ctx":"conn5","msg":"createCollection","attr":{"namespace":"test.comment","uuidDisposition":"generated","uuid":{"uuid":{"$uuid":"b16cd76d-ce39-4bbe-82d5-9540e34421f5"}},"options":{}}}
2022-10-10 23:41:02.934  INFO 2080 --- [       Thread-4] o.s.b.a.mongo.embedded.EmbeddedMongo     : {"t":{"$date":"2022-10-10T23:41:02.934+09:00"},"s":"I",  "c":"INDEX",    "id":20345,   "ctx":"conn5","msg":"Index build: done building","attr":{"buildUUID":null,"namespace":"test.comment","index":"_id_","commitTimestamp":null}}
2022-10-10 23:41:02.938  INFO 2080 --- [    Test worker] c.f.s.data.dao.impl.MemberDaoImpl        : addCommentToMember memberId=63442efe6bd3da2dcf79124f
2022-10-10 23:41:02.945  INFO 2080 --- [    Test worker] c.f.s.data.dao.impl.RecipeDaoImpl        : addCommentToMember recipeId=63442efe6bd3da2dcf79124e, ratingTotalSum =3.5, finalRatingAvg =3.5
2022-10-10 23:41:02.945  INFO 2080 --- [    Test worker] c.f.s.data.dao.impl.CommentDaoImpl       : save Comment =Comment(id=63442efe6bd3da2dcf791250, rating=3.5, body=null, imageId=null, date=2022-10-10T23:41:02.853866800, recipeId=63442efe6bd3da2dcf79124e)
2022-10-10 23:41:02.988  INFO 2080 --- [    Test worker] c.f.s.data.dao.impl.MemberDaoImpl        : addCommentToMember memberId=63442efe6bd3da2dcf79124f
2022-10-10 23:41:02.996  INFO 2080 --- [    Test worker] c.f.s.data.dao.impl.RecipeDaoImpl        : addCommentToMember recipeId=63442efe6bd3da2dcf79124e, ratingTotalSum =6.5, finalRatingAvg =3.25
2022-10-10 23:41:02.996  INFO 2080 --- [    Test worker] c.f.s.data.dao.impl.CommentDaoImpl       : save Comment =Comment(id=63442efe6bd3da2dcf791251, rating=3.0, body=null, imageId=null, date=2022-10-10T23:41:02.853866800, recipeId=63442efe6bd3da2dcf79124e)
2022-10-10 23:41:03.010  INFO 2080 --- [    Test worker] c.f.s.data.dao.impl.MemberDaoImpl        : addCommentToMember memberId=63442efe6bd3da2dcf79124f
2022-10-10 23:41:03.016  INFO 2080 --- [    Test worker] c.f.s.data.dao.impl.RecipeDaoImpl        : addCommentToMember recipeId=63442efe6bd3da2dcf79124e, ratingTotalSum =11.0, finalRatingAvg =3.6666666666666665
2022-10-10 23:41:03.016  INFO 2080 --- [    Test worker] c.f.s.data.dao.impl.CommentDaoImpl       : save Comment =Comment(id=63442eff6bd3da2dcf791252, rating=4.5, body=null, imageId=null, date=2022-10-10T23:41:02.853866800, recipeId=63442efe6bd3da2dcf79124e)
2022-10-10 23:41:03.045  INFO 2080 --- [    Test worker] c.f.s.data.dao.impl.MemberDaoImpl        : addCommentToMember memberId=63442eff6bd3da2dcf791254
2022-10-10 23:41:03.050  INFO 2080 --- [    Test worker] c.f.s.data.dao.impl.RecipeDaoImpl        : addCommentToMember recipeId=63442eff6bd3da2dcf791253, ratingTotalSum =3.5, finalRatingAvg =3.5
2022-10-10 23:41:03.051  INFO 2080 --- [    Test worker] c.f.s.data.dao.impl.CommentDaoImpl       : save Comment =Comment(id=63442eff6bd3da2dcf791255, rating=3.5, body=조금 어려웠습니다., imageId=null, date=2022-10-10T23:41:03.041437500, recipeId=63442eff6bd3da2dcf791253)
2022-10-10 23:41:03.128  INFO 2080 --- [    Test worker] c.f.s.data.dao.impl.MemberDaoImpl        : addCommentToMember memberId=63442eff6bd3da2dcf791257
2022-10-10 23:41:03.145  INFO 2080 --- [    Test worker] c.f.s.data.dao.impl.RecipeDaoImpl        : addCommentToMember recipeId=63442eff6bd3da2dcf791256, ratingTotalSum =3.5, finalRatingAvg =3.5
2022-10-10 23:41:03.146  INFO 2080 --- [    Test worker] c.f.s.data.dao.impl.CommentDaoImpl       : save Comment =Comment(id=63442eff6bd3da2dcf791258, rating=3.5, body=null, imageId=null, date=2022-10-10T23:41:03.123218100, recipeId=63442eff6bd3da2dcf791256)
2022-10-10 23:41:03.160  INFO 2080 --- [    Test worker] c.f.s.data.dao.impl.MemberDaoImpl        : addCommentToMember memberId=63442eff6bd3da2dcf791257
2022-10-10 23:41:03.177  INFO 2080 --- [    Test worker] c.f.s.data.dao.impl.RecipeDaoImpl        : addCommentToMember recipeId=63442eff6bd3da2dcf791256, ratingTotalSum =6.5, finalRatingAvg =3.25
2022-10-10 23:41:03.177  INFO 2080 --- [    Test worker] c.f.s.data.dao.impl.CommentDaoImpl       : save Comment =Comment(id=63442eff6bd3da2dcf791259, rating=3.0, body=null, imageId=null, date=2022-10-10T23:41:03.123218100, recipeId=63442eff6bd3da2dcf791256)
2022-10-10 23:41:03.206  INFO 2080 --- [    Test worker] c.f.s.data.dao.impl.RecipeDaoImpl        : delete recipe id =63442eff6bd3da2dcf791256 of rating =3.0, now avg=3.5 
2022-10-10 23:41:03.210  INFO 2080 --- [    Test worker] c.f.s.data.dao.impl.CommentDaoImpl       : delete comment id=63442eff6bd3da2dcf791259
2022-10-10 23:41:03.245  INFO 2080 --- [    Test worker] c.f.s.data.dao.impl.RecipeDaoImpl        : delete recipe id =63442eff6bd3da2dcf791256 of rating =3.5, now avg=0.0 
2022-10-10 23:41:03.250  INFO 2080 --- [    Test worker] c.f.s.data.dao.impl.CommentDaoImpl       : delete comment id=63442eff6bd3da2dcf791258
2022-10-10 23:41:03.313  INFO 2080 --- [    Test worker] c.f.s.data.dao.impl.MemberDaoImpl        : addCommentToMember memberId=63442eff6bd3da2dcf79125b
2022-10-10 23:41:03.320  INFO 2080 --- [    Test worker] c.f.s.data.dao.impl.RecipeDaoImpl        : addCommentToMember recipeId=63442eff6bd3da2dcf79125a, ratingTotalSum =3.5, finalRatingAvg =3.5
2022-10-10 23:41:03.321  INFO 2080 --- [    Test worker] c.f.s.data.dao.impl.CommentDaoImpl       : save Comment =Comment(id=63442eff6bd3da2dcf79125c, rating=3.5, body=null, imageId=null, date=2022-10-10T23:41:03.308096, recipeId=63442eff6bd3da2dcf79125a)
2022-10-10 23:41:03.323  INFO 2080 --- [    Test worker] c.f.s.data.dao.impl.MemberDaoImpl        : addCommentToMember memberId=63442eff6bd3da2dcf79125b
2022-10-10 23:41:03.333  INFO 2080 --- [    Test worker] c.f.s.data.dao.impl.RecipeDaoImpl        : addCommentToMember recipeId=63442eff6bd3da2dcf79125a, ratingTotalSum =6.5, finalRatingAvg =3.25
2022-10-10 23:41:03.334  INFO 2080 --- [    Test worker] c.f.s.data.dao.impl.CommentDaoImpl       : save Comment =Comment(id=63442eff6bd3da2dcf79125d, rating=3.0, body=null, imageId=null, date=2022-10-10T23:41:03.308096, recipeId=63442eff6bd3da2dcf79125a)
2022-10-10 23:41:03.340  INFO 2080 --- [    Test worker] c.f.s.data.dao.impl.MemberDaoImpl        : addCommentToMember memberId=63442eff6bd3da2dcf79125b
2022-10-10 23:41:03.346  INFO 2080 --- [    Test worker] c.f.s.data.dao.impl.RecipeDaoImpl        : addCommentToMember recipeId=63442eff6bd3da2dcf79125a, ratingTotalSum =11.0, finalRatingAvg =3.6666666666666665
2022-10-10 23:41:03.347  INFO 2080 --- [    Test worker] c.f.s.data.dao.impl.CommentDaoImpl       : save Comment =Comment(id=63442eff6bd3da2dcf79125e, rating=4.5, body=null, imageId=null, date=2022-10-10T23:41:03.308096, recipeId=63442eff6bd3da2dcf79125a)
2022-10-10 23:41:03.365  INFO 2080 --- [    Test worker] c.f.s.data.dao.impl.RecipeDaoImpl        : update recipe id =63442eff6bd3da2dcf79125a to ratingAvg =2.5 
2022-10-10 23:41:03.370  INFO 2080 --- [    Test worker] c.f.s.data.dao.impl.CommentDaoImpl       : Update comment id=63442eff6bd3da2dcf79125e, to data =CommentDTO(id=null, rating=1.0, body=null, imageId=null, date=2022-10-10T23:41:03.308096, recipeId=null)
]]></system-out>
  <system-err><![CDATA[]]></system-err>
</testsuite>
