<?xml version="1.0" encoding="UTF-8"?>
<testsuite name="com.fridgerescuer.springboot.data.mapper.MapperTest" tests="2" skipped="0" failures="0" errors="0" timestamp="2022-09-04T12:44:04" hostname="DESKTOP-QT4MFI0" time="0.014">
  <properties/>
  <testcase name="commentListToResponseListMapper()" classname="com.fridgerescuer.springboot.data.mapper.MapperTest" time="0.004"/>
  <testcase name="builderWithMapperTest()" classname="com.fridgerescuer.springboot.data.mapper.MapperTest" time="0.009"/>
  <system-out><![CDATA[]]></system-out>
  <system-err><![CDATA[]]></system-err>
</testsuite>
