<?xml version="1.0" encoding="UTF-8"?>
<testsuite name="com.fridgerescuer.springboot.data.dao.ImageDaoTest" tests="2" skipped="0" failures="0" errors="0" timestamp="2022-10-10T14:41:03" hostname="DESKTOP-QT4MFI0" time="0.169">
  <properties/>
  <testcase name="downloadNoExistImage()" classname="com.fridgerescuer.springboot.data.dao.ImageDaoTest" time="0.014"/>
  <testcase name="uploadAndDeleteImage()" classname="com.fridgerescuer.springboot.data.dao.ImageDaoTest" time="0.153"/>
  <system-out><![CDATA[2022-10-10 23:41:03.593  INFO 2080 --- [    Test worker] t.a.d.m.DataMongoTestContextBootstrapper : Neither @ContextConfiguration nor @ContextHierarchy found for test class [com.fridgerescuer.springboot.data.dao.ImageDaoTest], using SpringBootContextLoader
2022-10-10 23:41:03.594  INFO 2080 --- [    Test worker] o.s.t.c.support.AbstractContextLoader    : Could not detect default resource locations for test class [com.fridgerescuer.springboot.data.dao.ImageDaoTest]: no resource found for suffixes {-context.xml, Context.groovy}.
2022-10-10 23:41:03.595  INFO 2080 --- [    Test worker] t.c.s.AnnotationConfigContextLoaderUtils : Could not detect default configuration classes for test class [com.fridgerescuer.springboot.data.dao.ImageDaoTest]: ImageDaoTest does not declare any static, non-private, non-final, nested classes annotated with @Configuration.
2022-10-10 23:41:03.609  INFO 2080 --- [    Test worker] .b.t.c.SpringBootTestContextBootstrapper : Found @SpringBootConfiguration com.fridgerescuer.springboot.SpringbootApplication for test class com.fridgerescuer.springboot.data.dao.ImageDaoTest
2022-10-10 23:41:03.610  INFO 2080 --- [    Test worker] t.a.d.m.DataMongoTestContextBootstrapper : Loaded default TestExecutionListener class names from location [META-INF/spring.factories]: [org.springframework.security.test.context.support.WithSecurityContextTestExecutionListener, org.springframework.security.test.context.support.ReactorContextTestExecutionListener, org.springframework.boot.test.autoconfigure.restdocs.RestDocsTestExecutionListener, org.springframework.boot.test.autoconfigure.web.client.MockRestServiceServerResetTestExecutionListener, org.springframework.boot.test.autoconfigure.web.servlet.MockMvcPrintOnlyOnFailureTestExecutionListener, org.springframework.boot.test.autoconfigure.web.servlet.WebDriverTestExecutionListener, org.springframework.boot.test.autoconfigure.webservices.client.MockWebServiceServerTestExecutionListener, org.springframework.boot.test.mock.mockito.MockitoTestExecutionListener, org.springframework.boot.test.mock.mockito.ResetMocksTestExecutionListener, org.springframework.test.context.web.ServletTestExecutionListener, org.springframework.test.context.support.DirtiesContextBeforeModesTestExecutionListener, org.springframework.test.context.event.ApplicationEventsTestExecutionListener, org.springframework.test.context.support.DependencyInjectionTestExecutionListener, org.springframework.test.context.support.DirtiesContextTestExecutionListener, org.springframework.test.context.transaction.TransactionalTestExecutionListener, org.springframework.test.context.jdbc.SqlScriptsTestExecutionListener, org.springframework.test.context.event.EventPublishingTestExecutionListener]
2022-10-10 23:41:03.611  INFO 2080 --- [    Test worker] t.a.d.m.DataMongoTestContextBootstrapper : Using TestExecutionListeners: [org.springframework.test.context.web.ServletTestExecutionListener@ff12b53, org.springframework.test.context.support.DirtiesContextBeforeModesTestExecutionListener@78141c58, org.springframework.test.context.event.ApplicationEventsTestExecutionListener@9863ed5, org.springframework.boot.test.mock.mockito.MockitoTestExecutionListener@763ddfc3, org.springframework.boot.test.autoconfigure.SpringBootDependencyInjectionTestExecutionListener@7010c9e4, org.springframework.test.context.support.DirtiesContextTestExecutionListener@28befd62, org.springframework.test.context.transaction.TransactionalTestExecutionListener@10f60e36, org.springframework.test.context.jdbc.SqlScriptsTestExecutionListener@8ad182c, org.springframework.security.test.context.support.WithSecurityContextTestExecutionListener@7e84af34, org.springframework.test.context.event.EventPublishingTestExecutionListener@218e186b, org.springframework.security.test.context.support.ReactorContextTestExecutionListener@12925d2, org.springframework.boot.test.autoconfigure.restdocs.RestDocsTestExecutionListener@612531a3, org.springframework.boot.test.autoconfigure.web.client.MockRestServiceServerResetTestExecutionListener@3a83cfbc, org.springframework.boot.test.autoconfigure.web.servlet.MockMvcPrintOnlyOnFailureTestExecutionListener@6b9fc5c7, org.springframework.boot.test.autoconfigure.web.servlet.WebDriverTestExecutionListener@23d07ad3, org.springframework.boot.test.autoconfigure.webservices.client.MockWebServiceServerTestExecutionListener@6b30ff23, org.springframework.boot.test.mock.mockito.ResetMocksTestExecutionListener@4fea23d6]
2022-10-10 23:41:03.661  INFO 2080 --- [       Thread-4] o.s.b.a.mongo.embedded.EmbeddedMongo     : {"t":{"$date":"2022-10-10T23:41:03.662+09:00"},"s":"I",  "c":"STORAGE",  "id":20320,   "ctx":"conn5","msg":"createCollection","attr":{"namespace":"test.fs.files","uuidDisposition":"generated","uuid":{"uuid":{"$uuid":"052fc978-9596-4fba-9adf-c034abc71bc8"}},"options":{}}}
2022-10-10 23:41:03.706  INFO 2080 --- [       Thread-4] o.s.b.a.mongo.embedded.EmbeddedMongo     : {"t":{"$date":"2022-10-10T23:41:03.707+09:00"},"s":"I",  "c":"INDEX",    "id":20345,   "ctx":"conn5","msg":"Index build: done building","attr":{"buildUUID":null,"namespace":"test.fs.files","index":"_id_","commitTimestamp":null}}
2022-10-10 23:41:03.707  INFO 2080 --- [       Thread-4] o.s.b.a.mongo.embedded.EmbeddedMongo     : {"t":{"$date":"2022-10-10T23:41:03.707+09:00"},"s":"I",  "c":"INDEX",    "id":20345,   "ctx":"conn5","msg":"Index build: done building","attr":{"buildUUID":null,"namespace":"test.fs.files","index":"filename_1_uploadDate_1","commitTimestamp":null}}
2022-10-10 23:41:03.710  INFO 2080 --- [       Thread-4] o.s.b.a.mongo.embedded.EmbeddedMongo     : {"t":{"$date":"2022-10-10T23:41:03.710+09:00"},"s":"I",  "c":"STORAGE",  "id":20320,   "ctx":"conn5","msg":"createCollection","attr":{"namespace":"test.fs.chunks","uuidDisposition":"generated","uuid":{"uuid":{"$uuid":"e73f1f6a-8a3d-4c86-95fc-d2936292d6a9"}},"options":{}}}
2022-10-10 23:41:03.755  INFO 2080 --- [       Thread-4] o.s.b.a.mongo.embedded.EmbeddedMongo     : {"t":{"$date":"2022-10-10T23:41:03.756+09:00"},"s":"I",  "c":"INDEX",    "id":20345,   "ctx":"conn5","msg":"Index build: done building","attr":{"buildUUID":null,"namespace":"test.fs.chunks","index":"_id_","commitTimestamp":null}}
2022-10-10 23:41:03.755  INFO 2080 --- [       Thread-4] o.s.b.a.mongo.embedded.EmbeddedMongo     : {"t":{"$date":"2022-10-10T23:41:03.756+09:00"},"s":"I",  "c":"INDEX",    "id":20345,   "ctx":"conn5","msg":"Index build: done building","attr":{"buildUUID":null,"namespace":"test.fs.chunks","index":"files_id_1_n_1","commitTimestamp":null}}
2022-10-10 23:41:03.760  INFO 2080 --- [    Test worker] c.f.s.data.dao.impl.ImageDaoImpl         : image upload id =63442eff6bd3da2dcf791263, category=test
2022-10-10 23:41:03.775  INFO 2080 --- [    Test worker] c.f.s.data.dao.impl.ImageDaoImpl         : delete image, id= 63442eff6bd3da2dcf791263
]]></system-out>
  <system-err><![CDATA[]]></system-err>
</testsuite>
