<?xml version="1.0" encoding="UTF-8"?>
<testsuite name="com.fridgerescuer.springboot.data.dao.RecipeDaoTest" tests="5" skipped="0" failures="0" errors="0" timestamp="2022-10-10T14:41:04" hostname="DESKTOP-QT4MFI0" time="0.156">
  <properties/>
  <testcase name="deleteRecipeById()" classname="com.fridgerescuer.springboot.data.dao.RecipeDaoTest" time="0.033"/>
  <testcase name="레시피 저장, 재료와 연관" classname="com.fridgerescuer.springboot.data.dao.RecipeDaoTest" time="0.025"/>
  <testcase name="레시피 후기들 레시피 id로 받아오기" classname="com.fridgerescuer.springboot.data.dao.RecipeDaoTest" time="0.034"/>
  <testcase name="해당 이름을 포함하는 모든 레시피 찾기" classname="com.fridgerescuer.springboot.data.dao.RecipeDaoTest" time="0.018"/>
  <testcase name="recipeUpdateAndDelete()" classname="com.fridgerescuer.springboot.data.dao.RecipeDaoTest" time="0.039"/>
  <system-out><![CDATA[2022-10-10 23:41:04.352  INFO 2080 --- [    Test worker] t.a.d.m.DataMongoTestContextBootstrapper : Neither @ContextConfiguration nor @ContextHierarchy found for test class [com.fridgerescuer.springboot.data.dao.RecipeDaoTest], using SpringBootContextLoader
2022-10-10 23:41:04.354  INFO 2080 --- [    Test worker] o.s.t.c.support.AbstractContextLoader    : Could not detect default resource locations for test class [com.fridgerescuer.springboot.data.dao.RecipeDaoTest]: no resource found for suffixes {-context.xml, Context.groovy}.
2022-10-10 23:41:04.354  INFO 2080 --- [    Test worker] t.c.s.AnnotationConfigContextLoaderUtils : Could not detect default configuration classes for test class [com.fridgerescuer.springboot.data.dao.RecipeDaoTest]: RecipeDaoTest does not declare any static, non-private, non-final, nested classes annotated with @Configuration.
2022-10-10 23:41:04.358  INFO 2080 --- [    Test worker] .b.t.c.SpringBootTestContextBootstrapper : Found @SpringBootConfiguration com.fridgerescuer.springboot.SpringbootApplication for test class com.fridgerescuer.springboot.data.dao.RecipeDaoTest
2022-10-10 23:41:04.359  INFO 2080 --- [    Test worker] t.a.d.m.DataMongoTestContextBootstrapper : Loaded default TestExecutionListener class names from location [META-INF/spring.factories]: [org.springframework.security.test.context.support.WithSecurityContextTestExecutionListener, org.springframework.security.test.context.support.ReactorContextTestExecutionListener, org.springframework.boot.test.autoconfigure.restdocs.RestDocsTestExecutionListener, org.springframework.boot.test.autoconfigure.web.client.MockRestServiceServerResetTestExecutionListener, org.springframework.boot.test.autoconfigure.web.servlet.MockMvcPrintOnlyOnFailureTestExecutionListener, org.springframework.boot.test.autoconfigure.web.servlet.WebDriverTestExecutionListener, org.springframework.boot.test.autoconfigure.webservices.client.MockWebServiceServerTestExecutionListener, org.springframework.boot.test.mock.mockito.MockitoTestExecutionListener, org.springframework.boot.test.mock.mockito.ResetMocksTestExecutionListener, org.springframework.test.context.web.ServletTestExecutionListener, org.springframework.test.context.support.DirtiesContextBeforeModesTestExecutionListener, org.springframework.test.context.event.ApplicationEventsTestExecutionListener, org.springframework.test.context.support.DependencyInjectionTestExecutionListener, org.springframework.test.context.support.DirtiesContextTestExecutionListener, org.springframework.test.context.transaction.TransactionalTestExecutionListener, org.springframework.test.context.jdbc.SqlScriptsTestExecutionListener, org.springframework.test.context.event.EventPublishingTestExecutionListener]
2022-10-10 23:41:04.359  INFO 2080 --- [    Test worker] t.a.d.m.DataMongoTestContextBootstrapper : Using TestExecutionListeners: [org.springframework.test.context.web.ServletTestExecutionListener@1104ad6a, org.springframework.test.context.support.DirtiesContextBeforeModesTestExecutionListener@54d2887a, org.springframework.test.context.event.ApplicationEventsTestExecutionListener@73e63b4d, org.springframework.boot.test.mock.mockito.MockitoTestExecutionListener@8aafd70, org.springframework.boot.test.autoconfigure.SpringBootDependencyInjectionTestExecutionListener@3c717ef2, org.springframework.test.context.support.DirtiesContextTestExecutionListener@7ca0b05e, org.springframework.test.context.transaction.TransactionalTestExecutionListener@3e5ed0d4, org.springframework.test.context.jdbc.SqlScriptsTestExecutionListener@61c0fb12, org.springframework.security.test.context.support.WithSecurityContextTestExecutionListener@56f19f36, org.springframework.test.context.event.EventPublishingTestExecutionListener@2faae7f6, org.springframework.security.test.context.support.ReactorContextTestExecutionListener@673a5aa7, org.springframework.boot.test.autoconfigure.restdocs.RestDocsTestExecutionListener@1443539, org.springframework.boot.test.autoconfigure.web.client.MockRestServiceServerResetTestExecutionListener@5b160208, org.springframework.boot.test.autoconfigure.web.servlet.MockMvcPrintOnlyOnFailureTestExecutionListener@237bdbcb, org.springframework.boot.test.autoconfigure.web.servlet.WebDriverTestExecutionListener@16a15261, org.springframework.boot.test.autoconfigure.webservices.client.MockWebServiceServerTestExecutionListener@36ec4071, org.springframework.boot.test.mock.mockito.ResetMocksTestExecutionListener@5d8112e6]
2022-10-10 23:41:04.369  INFO 2080 --- [    Test worker] c.f.s.data.dao.impl.IngredientDaoImpl    : save ingredient =Ingredient(id=63442f006bd3da2dcf791289, name=마늘, index=0.0, foodGroup=null, foodCode=null, representationName=null, largeCategory=null, mediumCategory=null, smallCategory=null, subCategory=null, generalComponent=null, mineral=null, vitamin=null, aminoAcid=null, fattyAcid=null, recipes=null)
2022-10-10 23:41:04.370  INFO 2080 --- [    Test worker] c.f.s.data.dao.impl.IngredientDaoImpl    : save ingredient =Ingredient(id=63442f006bd3da2dcf79128a, name=올리브유, index=0.0, foodGroup=null, foodCode=null, representationName=null, largeCategory=null, mediumCategory=null, smallCategory=null, subCategory=null, generalComponent=null, mineral=null, vitamin=null, aminoAcid=null, fattyAcid=null, recipes=null)
2022-10-10 23:41:04.372  INFO 2080 --- [    Test worker] c.f.s.data.dao.impl.IngredientDaoImpl    : save ingredient =Ingredient(id=63442f006bd3da2dcf79128b, name=고추, index=0.0, foodGroup=null, foodCode=null, representationName=null, largeCategory=null, mediumCategory=null, smallCategory=null, subCategory=null, generalComponent=null, mineral=null, vitamin=null, aminoAcid=null, fattyAcid=null, recipes=null)
2022-10-10 23:41:04.377  INFO 2080 --- [    Test worker] c.f.s.data.dao.impl.RecipeDaoImpl        :  setReferenceWithIngredientsByIngredientIds modify 3'document 
2022-10-10 23:41:04.384  INFO 2080 --- [    Test worker] c.f.springboot.cache.CacheUtil           : size =3 
2022-10-10 23:41:04.385  INFO 2080 --- [    Test worker] c.f.springboot.cache.CacheUtil           : size =3 
2022-10-10 23:41:04.385  INFO 2080 --- [    Test worker] c.f.springboot.cache.CacheUtil           : size =3 
2022-10-10 23:41:04.386  INFO 2080 --- [    Test worker] c.f.s.data.dao.impl.RecipeDaoImpl        : delete recipe, id=63442f006bd3da2dcf79128c
2022-10-10 23:41:04.403  INFO 2080 --- [    Test worker] c.f.s.data.dao.impl.IngredientDaoImpl    : save ingredient =Ingredient(id=63442f006bd3da2dcf79128d, name=마늘, index=0.0, foodGroup=null, foodCode=null, representationName=null, largeCategory=null, mediumCategory=null, smallCategory=null, subCategory=null, generalComponent=null, mineral=null, vitamin=null, aminoAcid=null, fattyAcid=null, recipes=null)
2022-10-10 23:41:04.404  INFO 2080 --- [    Test worker] c.f.s.data.dao.impl.IngredientDaoImpl    : save ingredient =Ingredient(id=63442f006bd3da2dcf79128e, name=올리브유, index=0.0, foodGroup=null, foodCode=null, representationName=null, largeCategory=null, mediumCategory=null, smallCategory=null, subCategory=null, generalComponent=null, mineral=null, vitamin=null, aminoAcid=null, fattyAcid=null, recipes=null)
2022-10-10 23:41:04.406  INFO 2080 --- [    Test worker] c.f.s.data.dao.impl.IngredientDaoImpl    : save ingredient =Ingredient(id=63442f006bd3da2dcf79128f, name=고추, index=0.0, foodGroup=null, foodCode=null, representationName=null, largeCategory=null, mediumCategory=null, smallCategory=null, subCategory=null, generalComponent=null, mineral=null, vitamin=null, aminoAcid=null, fattyAcid=null, recipes=null)
2022-10-10 23:41:04.413  INFO 2080 --- [    Test worker] c.f.s.data.dao.impl.RecipeDaoImpl        :  setReferenceWithIngredientsByIngredientIds modify 3'document 
2022-10-10 23:41:04.431  INFO 2080 --- [    Test worker] c.f.s.data.dao.impl.MemberDaoImpl        : save Member =Member(id=63442f006bd3da2dcf791291, password=null, name=아사쿠사, imageId=null, expirationDataList=null, privateExpirationDataList=null, recipes=null, comments=null, authorities=null, activated=false)
2022-10-10 23:41:04.438  INFO 2080 --- [    Test worker] c.f.s.data.dao.impl.MemberDaoImpl        : addCommentToMember memberId=63442f006bd3da2dcf791291
2022-10-10 23:41:04.442  INFO 2080 --- [    Test worker] c.f.s.data.dao.impl.RecipeDaoImpl        : addCommentToMember recipeId=63442f006bd3da2dcf791292, ratingTotalSum =1.0, finalRatingAvg =1.0
2022-10-10 23:41:04.443  INFO 2080 --- [    Test worker] c.f.s.data.dao.impl.CommentDaoImpl       : save Comment =Comment(id=63442f006bd3da2dcf791293, rating=1.0, body=null, imageId=null, date=null, recipeId=63442f006bd3da2dcf791292)
2022-10-10 23:41:04.446  INFO 2080 --- [    Test worker] c.f.s.data.dao.impl.MemberDaoImpl        : addCommentToMember memberId=63442f006bd3da2dcf791291
2022-10-10 23:41:04.451  INFO 2080 --- [    Test worker] c.f.s.data.dao.impl.RecipeDaoImpl        : addCommentToMember recipeId=63442f006bd3da2dcf791292, ratingTotalSum =3.0, finalRatingAvg =1.5
2022-10-10 23:41:04.451  INFO 2080 --- [    Test worker] c.f.s.data.dao.impl.CommentDaoImpl       : save Comment =Comment(id=63442f006bd3da2dcf791294, rating=2.0, body=null, imageId=null, date=null, recipeId=63442f006bd3da2dcf791292)
recipe = RecipeDTO(id=63442f006bd3da2dcf791295, name=감자 튀김, type=튀김, ingredientIds=null, producerMemberId=null, imageId=null, comments=[], ratingAvg=0.0, ratingTotalSum=0.0)
recipe = RecipeDTO(id=63442f006bd3da2dcf791296, name=새우튀김, type=튀김, ingredientIds=null, producerMemberId=null, imageId=null, comments=[], ratingAvg=0.0, ratingTotalSum=0.0)
recipe = RecipeDTO(id=63442f006bd3da2dcf791297, name=병아리 튀김, type=튀김, ingredientIds=null, producerMemberId=null, imageId=null, comments=[], ratingAvg=0.0, ratingTotalSum=0.0)
2022-10-10 23:41:04.484  INFO 2080 --- [    Test worker] c.f.s.data.dao.impl.IngredientDaoImpl    : save ingredient =Ingredient(id=63442f006bd3da2dcf791298, name=마늘, index=0.0, foodGroup=null, foodCode=null, representationName=null, largeCategory=null, mediumCategory=null, smallCategory=null, subCategory=null, generalComponent=null, mineral=null, vitamin=null, aminoAcid=null, fattyAcid=null, recipes=null)
2022-10-10 23:41:04.485  INFO 2080 --- [    Test worker] c.f.s.data.dao.impl.IngredientDaoImpl    : save ingredient =Ingredient(id=63442f006bd3da2dcf791299, name=올리브유, index=0.0, foodGroup=null, foodCode=null, representationName=null, largeCategory=null, mediumCategory=null, smallCategory=null, subCategory=null, generalComponent=null, mineral=null, vitamin=null, aminoAcid=null, fattyAcid=null, recipes=null)
2022-10-10 23:41:04.487  INFO 2080 --- [    Test worker] c.f.s.data.dao.impl.IngredientDaoImpl    : save ingredient =Ingredient(id=63442f006bd3da2dcf79129a, name=고추, index=0.0, foodGroup=null, foodCode=null, representationName=null, largeCategory=null, mediumCategory=null, smallCategory=null, subCategory=null, generalComponent=null, mineral=null, vitamin=null, aminoAcid=null, fattyAcid=null, recipes=null)
2022-10-10 23:41:04.489  INFO 2080 --- [    Test worker] c.f.s.data.dao.impl.IngredientDaoImpl    : save ingredient =Ingredient(id=63442f006bd3da2dcf79129b, name=감자, index=0.0, foodGroup=null, foodCode=null, representationName=null, largeCategory=null, mediumCategory=null, smallCategory=null, subCategory=null, generalComponent=null, mineral=null, vitamin=null, aminoAcid=null, fattyAcid=null, recipes=null)
2022-10-10 23:41:04.495  INFO 2080 --- [    Test worker] c.f.s.data.dao.impl.RecipeDaoImpl        :  setReferenceWithIngredientsByIngredientIds modify 3'document 
2022-10-10 23:41:04.497  INFO 2080 --- [    Test worker] c.f.springboot.cache.CacheUtil           : size =3 
2022-10-10 23:41:04.497  INFO 2080 --- [    Test worker] c.f.springboot.cache.CacheUtil           : size =3 
2022-10-10 23:41:04.498  INFO 2080 --- [    Test worker] c.f.springboot.cache.CacheUtil           : size =3 
2022-10-10 23:41:04.505  INFO 2080 --- [    Test worker] c.f.s.data.dao.impl.RecipeDaoImpl        :  setReferenceWithIngredientsByIngredientIds modify 1'document 
2022-10-10 23:41:04.505  INFO 2080 --- [    Test worker] c.f.s.data.dao.impl.RecipeDaoImpl        : update id=63442f006bd3da2dcf79129c to recipe data =RecipeDTO(id=null, name=감자 튀김, type=튀김, ingredientIds=[63442f006bd3da2dcf79129b], producerMemberId=null, imageId=null, comments=null, ratingAvg=0.0, ratingTotalSum=0.0)
updatedRecipe = RecipeDTO(id=63442f006bd3da2dcf79129c, name=감자 튀김, type=튀김, ingredientIds=[63442f006bd3da2dcf79129b], producerMemberId=null, imageId=null, comments=[], ratingAvg=0.0, ratingTotalSum=0.0)
]]></system-out>
  <system-err><![CDATA[]]></system-err>
</testsuite>
