<?xml version="1.0" encoding="UTF-8"?>
<testsuite name="com.fridgerescuer.springboot.SpringbootApplicationTests" tests="1" skipped="0" failures="0" errors="0" timestamp="2022-10-10T14:40:52" hostname="DESKTOP-QT4MFI0" time="0.056">
  <properties/>
  <testcase name="contextLoads()" classname="com.fridgerescuer.springboot.SpringbootApplicationTests" time="0.056"/>
  <system-out><![CDATA[]]></system-out>
  <system-err><![CDATA[]]></system-err>
</testsuite>
