<?xml version="1.0" encoding="UTF-8"?>
<testsuite name="com.fridgerescuer.springboot.service.MemberServiceTest" tests="2" skipped="0" failures="0" errors="0" timestamp="2022-10-10T14:41:04" hostname="DESKTOP-QT4MFI0" time="0.031">
  <properties/>
  <testcase name="memberJoin()" classname="com.fridgerescuer.springboot.service.MemberServiceTest" time="0.017"/>
  <testcase name="memberLogin()" classname="com.fridgerescuer.springboot.service.MemberServiceTest" time="0.013"/>
  <system-out><![CDATA[2022-10-10 23:41:04.531  INFO 2080 --- [    Test worker] t.a.d.m.DataMongoTestContextBootstrapper : Neither @ContextConfiguration nor @ContextHierarchy found for test class [com.fridgerescuer.springboot.service.MemberServiceTest], using SpringBootContextLoader
2022-10-10 23:41:04.533  INFO 2080 --- [    Test worker] o.s.t.c.support.AbstractContextLoader    : Could not detect default resource locations for test class [com.fridgerescuer.springboot.service.MemberServiceTest]: no resource found for suffixes {-context.xml, Context.groovy}.
2022-10-10 23:41:04.533  INFO 2080 --- [    Test worker] t.c.s.AnnotationConfigContextLoaderUtils : Could not detect default configuration classes for test class [com.fridgerescuer.springboot.service.MemberServiceTest]: MemberServiceTest does not declare any static, non-private, non-final, nested classes annotated with @Configuration.
2022-10-10 23:41:04.545  INFO 2080 --- [    Test worker] .b.t.c.SpringBootTestContextBootstrapper : Found @SpringBootConfiguration com.fridgerescuer.springboot.SpringbootApplication for test class com.fridgerescuer.springboot.service.MemberServiceTest
2022-10-10 23:41:04.545  INFO 2080 --- [    Test worker] t.a.d.m.DataMongoTestContextBootstrapper : Loaded default TestExecutionListener class names from location [META-INF/spring.factories]: [org.springframework.security.test.context.support.WithSecurityContextTestExecutionListener, org.springframework.security.test.context.support.ReactorContextTestExecutionListener, org.springframework.boot.test.autoconfigure.restdocs.RestDocsTestExecutionListener, org.springframework.boot.test.autoconfigure.web.client.MockRestServiceServerResetTestExecutionListener, org.springframework.boot.test.autoconfigure.web.servlet.MockMvcPrintOnlyOnFailureTestExecutionListener, org.springframework.boot.test.autoconfigure.web.servlet.WebDriverTestExecutionListener, org.springframework.boot.test.autoconfigure.webservices.client.MockWebServiceServerTestExecutionListener, org.springframework.boot.test.mock.mockito.MockitoTestExecutionListener, org.springframework.boot.test.mock.mockito.ResetMocksTestExecutionListener, org.springframework.test.context.web.ServletTestExecutionListener, org.springframework.test.context.support.DirtiesContextBeforeModesTestExecutionListener, org.springframework.test.context.event.ApplicationEventsTestExecutionListener, org.springframework.test.context.support.DependencyInjectionTestExecutionListener, org.springframework.test.context.support.DirtiesContextTestExecutionListener, org.springframework.test.context.transaction.TransactionalTestExecutionListener, org.springframework.test.context.jdbc.SqlScriptsTestExecutionListener, org.springframework.test.context.event.EventPublishingTestExecutionListener]
2022-10-10 23:41:04.546  INFO 2080 --- [    Test worker] t.a.d.m.DataMongoTestContextBootstrapper : Using TestExecutionListeners: [org.springframework.test.context.web.ServletTestExecutionListener@20505460, org.springframework.test.context.support.DirtiesContextBeforeModesTestExecutionListener@8eeb4c5, org.springframework.test.context.event.ApplicationEventsTestExecutionListener@2dc77962, org.springframework.boot.test.mock.mockito.MockitoTestExecutionListener@32bae609, org.springframework.boot.test.autoconfigure.SpringBootDependencyInjectionTestExecutionListener@106b476a, org.springframework.test.context.support.DirtiesContextTestExecutionListener@6dde913e, org.springframework.test.context.transaction.TransactionalTestExecutionListener@7b44e98e, org.springframework.test.context.jdbc.SqlScriptsTestExecutionListener@1e2bc241, org.springframework.security.test.context.support.WithSecurityContextTestExecutionListener@543196f9, org.springframework.test.context.event.EventPublishingTestExecutionListener@4d7fba20, org.springframework.security.test.context.support.ReactorContextTestExecutionListener@112b3298, org.springframework.boot.test.autoconfigure.restdocs.RestDocsTestExecutionListener@51d2d336, org.springframework.boot.test.autoconfigure.web.client.MockRestServiceServerResetTestExecutionListener@90c01ab, org.springframework.boot.test.autoconfigure.web.servlet.MockMvcPrintOnlyOnFailureTestExecutionListener@39921410, org.springframework.boot.test.autoconfigure.web.servlet.WebDriverTestExecutionListener@71e55e48, org.springframework.boot.test.autoconfigure.webservices.client.MockWebServiceServerTestExecutionListener@36696821, org.springframework.boot.test.mock.mockito.ResetMocksTestExecutionListener@5f01361e]
2022-10-10 23:41:04.557  INFO 2080 --- [    Test worker] c.f.s.data.dao.impl.MemberDaoImpl        : save Member =Member(id=tank3a, password=abcd1234, name=김종원, imageId=null, expirationDataList=null, privateExpirationDataList=null, recipes=null, comments=null, authorities=null, activated=false)
2022-10-10 23:41:04.571  INFO 2080 --- [    Test worker] c.f.s.data.dao.impl.MemberDaoImpl        : save Member =Member(id=tank3a, password=abcd1234, name=김종원, imageId=null, expirationDataList=null, privateExpirationDataList=null, recipes=null, comments=null, authorities=null, activated=false)
]]></system-out>
  <system-err><![CDATA[]]></system-err>
</testsuite>
