<?xml version="1.0" encoding="UTF-8"?>
<testsuite name="com.fridgerescuer.springboot.cache.CacheTest" tests="2" skipped="0" failures="0" errors="0" timestamp="2022-10-10T14:41:01" hostname="DESKTOP-QT4MFI0" time="1.012">
  <properties/>
  <testcase name="evictRecipeCache()" classname="com.fridgerescuer.springboot.cache.CacheTest" time="0.869"/>
  <testcase name="evictIngredientCache()" classname="com.fridgerescuer.springboot.cache.CacheTest" time="0.142"/>
  <system-out><![CDATA[23:40:52.754 [Test worker] DEBUG org.springframework.test.context.BootstrapUtils - Instantiating CacheAwareContextLoaderDelegate from class [org.springframework.test.context.cache.DefaultCacheAwareContextLoaderDelegate]
23:40:52.771 [Test worker] DEBUG org.springframework.test.context.BootstrapUtils - Instantiating BootstrapContext using constructor [public org.springframework.test.context.support.DefaultBootstrapContext(java.lang.Class,org.springframework.test.context.CacheAwareContextLoaderDelegate)]
23:40:52.836 [Test worker] DEBUG org.springframework.test.context.BootstrapUtils - Instantiating TestContextBootstrapper for test class [com.fridgerescuer.springboot.cache.CacheTest] from class [org.springframework.boot.test.autoconfigure.data.mongo.DataMongoTestContextBootstrapper]
23:40:52.854 [Test worker] INFO org.springframework.boot.test.autoconfigure.data.mongo.DataMongoTestContextBootstrapper - Neither @ContextConfiguration nor @ContextHierarchy found for test class [com.fridgerescuer.springboot.cache.CacheTest], using SpringBootContextLoader
23:40:52.859 [Test worker] DEBUG org.springframework.test.context.support.AbstractContextLoader - Did not detect default resource location for test class [com.fridgerescuer.springboot.cache.CacheTest]: class path resource [com/fridgerescuer/springboot/cache/CacheTest-context.xml] does not exist
23:40:52.860 [Test worker] DEBUG org.springframework.test.context.support.AbstractContextLoader - Did not detect default resource location for test class [com.fridgerescuer.springboot.cache.CacheTest]: class path resource [com/fridgerescuer/springboot/cache/CacheTestContext.groovy] does not exist
23:40:52.860 [Test worker] INFO org.springframework.test.context.support.AbstractContextLoader - Could not detect default resource locations for test class [com.fridgerescuer.springboot.cache.CacheTest]: no resource found for suffixes {-context.xml, Context.groovy}.
23:40:52.861 [Test worker] INFO org.springframework.test.context.support.AnnotationConfigContextLoaderUtils - Could not detect default configuration classes for test class [com.fridgerescuer.springboot.cache.CacheTest]: CacheTest does not declare any static, non-private, non-final, nested classes annotated with @Configuration.
23:40:52.953 [Test worker] DEBUG org.springframework.test.context.support.ActiveProfilesUtils - Could not find an 'annotation declaring class' for annotation type [org.springframework.test.context.ActiveProfiles] and class [com.fridgerescuer.springboot.cache.CacheTest]
23:40:53.043 [Test worker] DEBUG org.springframework.context.annotation.ClassPathScanningCandidateComponentProvider - Identified candidate component class: file [C:\Users\JIN\fridgerescuer\springboot\build\classes\java\main\com\fridgerescuer\springboot\SpringbootApplication.class]
23:40:53.045 [Test worker] INFO org.springframework.boot.test.context.SpringBootTestContextBootstrapper - Found @SpringBootConfiguration com.fridgerescuer.springboot.SpringbootApplication for test class com.fridgerescuer.springboot.cache.CacheTest
23:40:53.049 [Test worker] DEBUG org.springframework.boot.test.autoconfigure.data.mongo.DataMongoTestContextBootstrapper - @TestExecutionListeners is not present for class [com.fridgerescuer.springboot.cache.CacheTest]: using defaults.
23:40:53.050 [Test worker] INFO org.springframework.boot.test.autoconfigure.data.mongo.DataMongoTestContextBootstrapper - Loaded default TestExecutionListener class names from location [META-INF/spring.factories]: [org.springframework.security.test.context.support.WithSecurityContextTestExecutionListener, org.springframework.security.test.context.support.ReactorContextTestExecutionListener, org.springframework.boot.test.autoconfigure.restdocs.RestDocsTestExecutionListener, org.springframework.boot.test.autoconfigure.web.client.MockRestServiceServerResetTestExecutionListener, org.springframework.boot.test.autoconfigure.web.servlet.MockMvcPrintOnlyOnFailureTestExecutionListener, org.springframework.boot.test.autoconfigure.web.servlet.WebDriverTestExecutionListener, org.springframework.boot.test.autoconfigure.webservices.client.MockWebServiceServerTestExecutionListener, org.springframework.boot.test.mock.mockito.MockitoTestExecutionListener, org.springframework.boot.test.mock.mockito.ResetMocksTestExecutionListener, org.springframework.test.context.web.ServletTestExecutionListener, org.springframework.test.context.support.DirtiesContextBeforeModesTestExecutionListener, org.springframework.test.context.event.ApplicationEventsTestExecutionListener, org.springframework.test.context.support.DependencyInjectionTestExecutionListener, org.springframework.test.context.support.DirtiesContextTestExecutionListener, org.springframework.test.context.transaction.TransactionalTestExecutionListener, org.springframework.test.context.jdbc.SqlScriptsTestExecutionListener, org.springframework.test.context.event.EventPublishingTestExecutionListener]
23:40:53.084 [Test worker] INFO org.springframework.boot.test.autoconfigure.data.mongo.DataMongoTestContextBootstrapper - Using TestExecutionListeners: [org.springframework.test.context.web.ServletTestExecutionListener@f31c0c6, org.springframework.test.context.support.DirtiesContextBeforeModesTestExecutionListener@b93aad, org.springframework.test.context.event.ApplicationEventsTestExecutionListener@4a9419d7, org.springframework.boot.test.mock.mockito.MockitoTestExecutionListener@2f3c6ac4, org.springframework.boot.test.autoconfigure.SpringBootDependencyInjectionTestExecutionListener@2e8ab815, org.springframework.test.context.support.DirtiesContextTestExecutionListener@67af833b, org.springframework.test.context.transaction.TransactionalTestExecutionListener@d1f74b8, org.springframework.test.context.jdbc.SqlScriptsTestExecutionListener@41394595, org.springframework.security.test.context.support.WithSecurityContextTestExecutionListener@3a0807b7, org.springframework.test.context.event.EventPublishingTestExecutionListener@21a5fd96, org.springframework.security.test.context.support.ReactorContextTestExecutionListener@5769e7ae, org.springframework.boot.test.autoconfigure.restdocs.RestDocsTestExecutionListener@5c77053b, org.springframework.boot.test.autoconfigure.web.client.MockRestServiceServerResetTestExecutionListener@26b894bd, org.springframework.boot.test.autoconfigure.web.servlet.MockMvcPrintOnlyOnFailureTestExecutionListener@287f94b1, org.springframework.boot.test.autoconfigure.web.servlet.WebDriverTestExecutionListener@30b34287, org.springframework.boot.test.autoconfigure.webservices.client.MockWebServiceServerTestExecutionListener@5489c777, org.springframework.boot.test.mock.mockito.ResetMocksTestExecutionListener@3676ac27]
23:40:53.089 [Test worker] DEBUG org.springframework.test.context.support.AbstractDirtiesContextTestExecutionListener - Before test class: context [DefaultTestContext@13579834 testClass = CacheTest, testInstance = [null], testMethod = [null], testException = [null], mergedContextConfiguration = [MergedContextConfiguration@24be2d9c testClass = CacheTest, locations = '{}', classes = '{class com.fridgerescuer.springboot.SpringbootApplication}', contextInitializerClasses = '[]', activeProfiles = '{}', propertySourceLocations = '{}', propertySourceProperties = '{org.springframework.boot.test.autoconfigure.data.mongo.DataMongoTestContextBootstrapper=true}', contextCustomizers = set[org.springframework.boot.test.autoconfigure.OverrideAutoConfigurationContextCustomizerFactory$DisableAutoConfigurationContextCustomizer@1d7f7be7, org.springframework.boot.test.autoconfigure.actuate.metrics.MetricsExportContextCustomizerFactory$DisableMetricExportContextCustomizer@7e3f95fe, org.springframework.boot.test.autoconfigure.filter.TypeExcludeFiltersContextCustomizer@351584c0, org.springframework.boot.test.autoconfigure.properties.PropertyMappingContextCustomizer@ad661144, org.springframework.boot.test.autoconfigure.web.servlet.WebDriverContextCustomizerFactory$Customizer@2e029d61, [ImportsContextCustomizer@5bd73d1a key = [org.springframework.boot.autoconfigure.cache.CacheAutoConfiguration, org.springframework.boot.autoconfigure.data.mongo.MongoDataAutoConfiguration, org.springframework.boot.autoconfigure.data.mongo.MongoReactiveDataAutoConfiguration, org.springframework.boot.autoconfigure.data.mongo.MongoReactiveRepositoriesAutoConfiguration, org.springframework.boot.autoconfigure.data.mongo.MongoRepositoriesAutoConfiguration, org.springframework.boot.autoconfigure.mongo.MongoAutoConfiguration, org.springframework.boot.autoconfigure.mongo.MongoReactiveAutoConfiguration, org.springframework.boot.autoconfigure.mongo.embedded.EmbeddedMongoAutoConfiguration, org.springframework.boot.autoconfigure.transaction.TransactionAutoConfiguration]], org.springframework.boot.test.context.filter.ExcludeFilterContextCustomizer@30ea8c23, org.springframework.boot.test.json.DuplicateJsonObjectContextCustomizerFactory$DuplicateJsonObjectContextCustomizer@611df6e3, org.springframework.boot.test.mock.mockito.MockitoContextCustomizer@0, org.springframework.boot.test.context.SpringBootTestArgs@1, org.springframework.boot.test.context.SpringBootTestWebEnvironment@0], contextLoader = 'org.springframework.boot.test.context.SpringBootContextLoader', parent = [null]], attributes = map[[empty]]], class annotated with @DirtiesContext [false] with mode [null].
23:40:53.100 [Test worker] DEBUG org.springframework.test.context.support.DependencyInjectionTestExecutionListener - Performing dependency injection for test context [[DefaultTestContext@13579834 testClass = CacheTest, testInstance = com.fridgerescuer.springboot.cache.CacheTest@30c31dd7, testMethod = [null], testException = [null], mergedContextConfiguration = [MergedContextConfiguration@24be2d9c testClass = CacheTest, locations = '{}', classes = '{class com.fridgerescuer.springboot.SpringbootApplication}', contextInitializerClasses = '[]', activeProfiles = '{}', propertySourceLocations = '{}', propertySourceProperties = '{org.springframework.boot.test.autoconfigure.data.mongo.DataMongoTestContextBootstrapper=true}', contextCustomizers = set[org.springframework.boot.test.autoconfigure.OverrideAutoConfigurationContextCustomizerFactory$DisableAutoConfigurationContextCustomizer@1d7f7be7, org.springframework.boot.test.autoconfigure.actuate.metrics.MetricsExportContextCustomizerFactory$DisableMetricExportContextCustomizer@7e3f95fe, org.springframework.boot.test.autoconfigure.filter.TypeExcludeFiltersContextCustomizer@351584c0, org.springframework.boot.test.autoconfigure.properties.PropertyMappingContextCustomizer@ad661144, org.springframework.boot.test.autoconfigure.web.servlet.WebDriverContextCustomizerFactory$Customizer@2e029d61, [ImportsContextCustomizer@5bd73d1a key = [org.springframework.boot.autoconfigure.cache.CacheAutoConfiguration, org.springframework.boot.autoconfigure.data.mongo.MongoDataAutoConfiguration, org.springframework.boot.autoconfigure.data.mongo.MongoReactiveDataAutoConfiguration, org.springframework.boot.autoconfigure.data.mongo.MongoReactiveRepositoriesAutoConfiguration, org.springframework.boot.autoconfigure.data.mongo.MongoRepositoriesAutoConfiguration, org.springframework.boot.autoconfigure.mongo.MongoAutoConfiguration, org.springframework.boot.autoconfigure.mongo.MongoReactiveAutoConfiguration, org.springframework.boot.autoconfigure.mongo.embedded.EmbeddedMongoAutoConfiguration, org.springframework.boot.autoconfigure.transaction.TransactionAutoConfiguration]], org.springframework.boot.test.context.filter.ExcludeFilterContextCustomizer@30ea8c23, org.springframework.boot.test.json.DuplicateJsonObjectContextCustomizerFactory$DuplicateJsonObjectContextCustomizer@611df6e3, org.springframework.boot.test.mock.mockito.MockitoContextCustomizer@0, org.springframework.boot.test.context.SpringBootTestArgs@1, org.springframework.boot.test.context.SpringBootTestWebEnvironment@0], contextLoader = 'org.springframework.boot.test.context.SpringBootContextLoader', parent = [null]], attributes = map['org.springframework.test.context.event.ApplicationEventsTestExecutionListener.recordApplicationEvents' -> false]]].

  .   ____          _            __ _ _
 /\\ / ___'_ __ _ _(_)_ __  __ _ \ \ \ \
( ( )\___ | '_ | '_| | '_ \/ _` | \ \ \ \
 \\/  ___)| |_)| | | | | || (_| |  ) ) ) )
  '  |____| .__|_| |_|_| |_\__, | / / / /
 =========|_|==============|___/=/_/_/_/
 :: Spring Boot ::                (v2.7.2)

2022-10-10 23:40:53.656  INFO 2080 --- [    Test worker] c.f.springboot.cache.CacheTest           : Starting CacheTest using Java 11.0.1 on DESKTOP-QT4MFI0 with PID 2080 (started by JIN in C:\Users\JIN\fridgerescuer\springboot)
2022-10-10 23:40:53.658  INFO 2080 --- [    Test worker] c.f.springboot.cache.CacheTest           : No active profile set, falling back to 1 default profile: "default"
2022-10-10 23:40:54.747  INFO 2080 --- [    Test worker] .s.d.r.c.RepositoryConfigurationDelegate : Multiple Spring Data modules found, entering strict repository configuration mode
2022-10-10 23:40:54.748  INFO 2080 --- [    Test worker] .s.d.r.c.RepositoryConfigurationDelegate : Bootstrapping Spring Data MongoDB repositories in DEFAULT mode.
2022-10-10 23:40:55.085  INFO 2080 --- [    Test worker] .s.d.r.c.RepositoryConfigurationDelegate : Finished Spring Data repository scanning in 330 ms. Found 7 MongoDB repository interfaces.
2022-10-10 23:40:55.273  INFO 2080 --- [    Test worker] .s.d.r.c.RepositoryConfigurationDelegate : Multiple Spring Data modules found, entering strict repository configuration mode
2022-10-10 23:40:55.274  INFO 2080 --- [    Test worker] .s.d.r.c.RepositoryConfigurationDelegate : Bootstrapping Spring Data Reactive MongoDB repositories in DEFAULT mode.
2022-10-10 23:40:55.303  INFO 2080 --- [    Test worker] .s.d.r.c.RepositoryConfigurationDelegate : Finished Spring Data repository scanning in 28 ms. Found 0 Reactive MongoDB repository interfaces.
2022-10-10 23:40:57.102  INFO 2080 --- [       Thread-4] o.s.b.a.mongo.embedded.EmbeddedMongo     : {"t":{"$date":"2022-10-10T23:40:57.102+09:00"},"s":"I",  "c":"NETWORK",  "id":4915701, "ctx":"-","msg":"Initialized wire specification","attr":{"spec":{"incomingExternalClient":{"minWireVersion":0,"maxWireVersion":13},"incomingInternalClient":{"minWireVersion":0,"maxWireVersion":13},"outgoing":{"minWireVersion":0,"maxWireVersion":13},"isInternalClient":true}}}
2022-10-10 23:40:57.105  INFO 2080 --- [       Thread-4] o.s.b.a.mongo.embedded.EmbeddedMongo     : {"t":{"$date":"2022-10-10T23:40:57.104+09:00"},"s":"I",  "c":"CONTROL",  "id":23285,   "ctx":"-","msg":"Automatically disabling TLS 1.0, to force-enable TLS 1.0 specify --sslDisabledProtocols 'none'"}
2022-10-10 23:40:57.173  INFO 2080 --- [       Thread-4] o.s.b.a.mongo.embedded.EmbeddedMongo     : {"t":{"$date":"2022-10-10T23:40:57.173+09:00"},"s":"W",  "c":"ASIO",     "id":22601,   "ctx":"main","msg":"No TransportLayer configured during NetworkInterface startup"}
2022-10-10 23:40:57.173  INFO 2080 --- [       Thread-4] o.s.b.a.mongo.embedded.EmbeddedMongo     : {"t":{"$date":"2022-10-10T23:40:57.174+09:00"},"s":"I",  "c":"NETWORK",  "id":4648602, "ctx":"main","msg":"Implicit TCP FastOpen in use."}
2022-10-10 23:40:57.176  INFO 2080 --- [       Thread-4] o.s.b.a.mongo.embedded.EmbeddedMongo     : {"t":{"$date":"2022-10-10T23:40:57.177+09:00"},"s":"W",  "c":"ASIO",     "id":22601,   "ctx":"main","msg":"No TransportLayer configured during NetworkInterface startup"}
2022-10-10 23:40:57.176  INFO 2080 --- [       Thread-4] o.s.b.a.mongo.embedded.EmbeddedMongo     : {"t":{"$date":"2022-10-10T23:40:57.177+09:00"},"s":"I",  "c":"REPL",     "id":5123008, "ctx":"main","msg":"Successfully registered PrimaryOnlyService","attr":{"service":"TenantMigrationDonorService","ns":"config.tenantMigrationDonors"}}
2022-10-10 23:40:57.176  INFO 2080 --- [       Thread-4] o.s.b.a.mongo.embedded.EmbeddedMongo     : {"t":{"$date":"2022-10-10T23:40:57.177+09:00"},"s":"I",  "c":"REPL",     "id":5123008, "ctx":"main","msg":"Successfully registered PrimaryOnlyService","attr":{"service":"TenantMigrationRecipientService","ns":"config.tenantMigrationRecipients"}}
2022-10-10 23:40:57.177  INFO 2080 --- [       Thread-4] o.s.b.a.mongo.embedded.EmbeddedMongo     : {"t":{"$date":"2022-10-10T23:40:57.177+09:00"},"s":"I",  "c":"CONTROL",  "id":5945603, "ctx":"main","msg":"Multi threading initialized"}
2022-10-10 23:40:57.178  INFO 2080 --- [       Thread-4] o.s.b.a.mongo.embedded.EmbeddedMongo     : {"t":{"$date":"2022-10-10T23:40:57.178+09:00"},"s":"I",  "c":"CONTROL",  "id":4615611, "ctx":"initandlisten","msg":"MongoDB starting","attr":{"pid":5028,"port":51127,"dbPath":"C:/Users/JIN/AppData/Local/Temp/embedmongo-db-00e0d677-7f40-4e42-adb8-04f96b6d368f","architecture":"64-bit","host":"DESKTOP-QT4MFI0"}}
2022-10-10 23:40:57.178  INFO 2080 --- [       Thread-4] o.s.b.a.mongo.embedded.EmbeddedMongo     : {"t":{"$date":"2022-10-10T23:40:57.179+09:00"},"s":"I",  "c":"CONTROL",  "id":23398,   "ctx":"initandlisten","msg":"Target operating system minimum version","attr":{"targetMinOS":"Windows 7/Windows Server 2008 R2"}}
2022-10-10 23:40:57.179  INFO 2080 --- [       Thread-4] o.s.b.a.mongo.embedded.EmbeddedMongo     : {"t":{"$date":"2022-10-10T23:40:57.179+09:00"},"s":"I",  "c":"CONTROL",  "id":23403,   "ctx":"initandlisten","msg":"Build Info","attr":{"buildInfo":{"version":"5.0.5","gitVersion":"d65fd89df3fc039b5c55933c0f71d647a54510ae","modules":[],"allocator":"tcmalloc","environment":{"distmod":"windows","distarch":"x86_64","target_arch":"x86_64"}}}}
2022-10-10 23:40:57.179  INFO 2080 --- [       Thread-4] o.s.b.a.mongo.embedded.EmbeddedMongo     : {"t":{"$date":"2022-10-10T23:40:57.179+09:00"},"s":"I",  "c":"CONTROL",  "id":51765,   "ctx":"initandlisten","msg":"Operating System","attr":{"os":{"name":"Microsoft Windows 10","version":"10.0 (build 22000)"}}}
2022-10-10 23:40:57.179  INFO 2080 --- [       Thread-4] o.s.b.a.mongo.embedded.EmbeddedMongo     : {"t":{"$date":"2022-10-10T23:40:57.179+09:00"},"s":"I",  "c":"CONTROL",  "id":21951,   "ctx":"initandlisten","msg":"Options set by command line","attr":{"options":{"net":{"bindIp":"127.0.0.1","port":51127},"security":{"authorization":"disabled"},"storage":{"dbPath":"C:\\Users\\JIN\\AppData\\Local\\Temp\\embedmongo-db-00e0d677-7f40-4e42-adb8-04f96b6d368f","journal":{"enabled":false},"syncPeriodSecs":0}}}}
2022-10-10 23:40:57.181  INFO 2080 --- [       Thread-4] o.s.b.a.mongo.embedded.EmbeddedMongo     : {"t":{"$date":"2022-10-10T23:40:57.181+09:00"},"s":"I",  "c":"STORAGE",  "id":22315,   "ctx":"initandlisten","msg":"Opening WiredTiger","attr":{"config":"create,cache_size=7619M,session_max=33000,eviction=(threads_min=4,threads_max=4),config_base=false,statistics=(fast),log=(enabled=true,archive=true,path=journal,compressor=snappy),builtin_extension_config=(zstd=(compression_level=6)),file_manager=(close_idle_time=600,close_scan_interval=10,close_handle_minimum=250),statistics_log=(wait=0),verbose=[recovery_progress,checkpoint_progress,compact_progress],,log=(enabled=false),"}}
2022-10-10 23:40:57.210  INFO 2080 --- [       Thread-4] o.s.b.a.mongo.embedded.EmbeddedMongo     : {"t":{"$date":"2022-10-10T23:40:57.210+09:00"},"s":"I",  "c":"STORAGE",  "id":22430,   "ctx":"initandlisten","msg":"WiredTiger message","attr":{"message":"[1665412857:210266][5028:140737168957808], txn-recover: [WT_VERB_RECOVERY_ALL] Set global recovery timestamp: (0, 0)"}}
2022-10-10 23:40:57.210  INFO 2080 --- [       Thread-4] o.s.b.a.mongo.embedded.EmbeddedMongo     : {"t":{"$date":"2022-10-10T23:40:57.210+09:00"},"s":"I",  "c":"STORAGE",  "id":22430,   "ctx":"initandlisten","msg":"WiredTiger message","attr":{"message":"[1665412857:210266][5028:140737168957808], txn-recover: [WT_VERB_RECOVERY_ALL] Set global oldest timestamp: (0, 0)"}}
2022-10-10 23:40:57.233  INFO 2080 --- [       Thread-4] o.s.b.a.mongo.embedded.EmbeddedMongo     : {"t":{"$date":"2022-10-10T23:40:57.233+09:00"},"s":"I",  "c":"STORAGE",  "id":4795906, "ctx":"initandlisten","msg":"WiredTiger opened","attr":{"durationMillis":52}}
2022-10-10 23:40:57.234  INFO 2080 --- [       Thread-4] o.s.b.a.mongo.embedded.EmbeddedMongo     : {"t":{"$date":"2022-10-10T23:40:57.233+09:00"},"s":"I",  "c":"RECOVERY", "id":23987,   "ctx":"initandlisten","msg":"WiredTiger recoveryTimestamp","attr":{"recoveryTimestamp":{"$timestamp":{"t":0,"i":0}}}}
2022-10-10 23:40:57.268  INFO 2080 --- [       Thread-4] o.s.b.a.mongo.embedded.EmbeddedMongo     : {"t":{"$date":"2022-10-10T23:40:57.268+09:00"},"s":"I",  "c":"STORAGE",  "id":4366408, "ctx":"initandlisten","msg":"No table logging settings modifications are required for existing WiredTiger tables","attr":{"loggingEnabled":true}}
2022-10-10 23:40:57.268  INFO 2080 --- [       Thread-4] o.s.b.a.mongo.embedded.EmbeddedMongo     : {"t":{"$date":"2022-10-10T23:40:57.268+09:00"},"s":"I",  "c":"STORAGE",  "id":22262,   "ctx":"initandlisten","msg":"Timestamp monitor starting"}
2022-10-10 23:40:57.284  INFO 2080 --- [       Thread-4] o.s.b.a.mongo.embedded.EmbeddedMongo     : {"t":{"$date":"2022-10-10T23:40:57.284+09:00"},"s":"I",  "c":"STORAGE",  "id":20320,   "ctx":"initandlisten","msg":"createCollection","attr":{"namespace":"admin.system.version","uuidDisposition":"provided","uuid":{"uuid":{"$uuid":"9ef694e3-15af-409f-8611-17088ac3450c"}},"options":{"uuid":{"$uuid":"9ef694e3-15af-409f-8611-17088ac3450c"}}}}
2022-10-10 23:40:57.318  INFO 2080 --- [       Thread-4] o.s.b.a.mongo.embedded.EmbeddedMongo     : {"t":{"$date":"2022-10-10T23:40:57.318+09:00"},"s":"I",  "c":"INDEX",    "id":20345,   "ctx":"initandlisten","msg":"Index build: done building","attr":{"buildUUID":null,"namespace":"admin.system.version","index":"_id_","commitTimestamp":null}}
2022-10-10 23:40:57.319  INFO 2080 --- [       Thread-4] o.s.b.a.mongo.embedded.EmbeddedMongo     : {"t":{"$date":"2022-10-10T23:40:57.319+09:00"},"s":"I",  "c":"REPL",     "id":20459,   "ctx":"initandlisten","msg":"Setting featureCompatibilityVersion","attr":{"newVersion":"5.0"}}
2022-10-10 23:40:57.319  INFO 2080 --- [       Thread-4] o.s.b.a.mongo.embedded.EmbeddedMongo     : {"t":{"$date":"2022-10-10T23:40:57.319+09:00"},"s":"I",  "c":"NETWORK",  "id":4915702, "ctx":"initandlisten","msg":"Updated wire specification","attr":{"oldSpec":{"incomingExternalClient":{"minWireVersion":0,"maxWireVersion":13},"incomingInternalClient":{"minWireVersion":0,"maxWireVersion":13},"outgoing":{"minWireVersion":0,"maxWireVersion":13},"isInternalClient":true},"newSpec":{"incomingExternalClient":{"minWireVersion":0,"maxWireVersion":13},"incomingInternalClient":{"minWireVersion":13,"maxWireVersion":13},"outgoing":{"minWireVersion":13,"maxWireVersion":13},"isInternalClient":true}}}
2022-10-10 23:40:57.319  INFO 2080 --- [       Thread-4] o.s.b.a.mongo.embedded.EmbeddedMongo     : {"t":{"$date":"2022-10-10T23:40:57.319+09:00"},"s":"I",  "c":"NETWORK",  "id":4915702, "ctx":"initandlisten","msg":"Updated wire specification","attr":{"oldSpec":{"incomingExternalClient":{"minWireVersion":0,"maxWireVersion":13},"incomingInternalClient":{"minWireVersion":13,"maxWireVersion":13},"outgoing":{"minWireVersion":13,"maxWireVersion":13},"isInternalClient":true},"newSpec":{"incomingExternalClient":{"minWireVersion":0,"maxWireVersion":13},"incomingInternalClient":{"minWireVersion":13,"maxWireVersion":13},"outgoing":{"minWireVersion":13,"maxWireVersion":13},"isInternalClient":true}}}
2022-10-10 23:40:57.320  INFO 2080 --- [       Thread-4] o.s.b.a.mongo.embedded.EmbeddedMongo     : {"t":{"$date":"2022-10-10T23:40:57.320+09:00"},"s":"I",  "c":"STORAGE",  "id":5071100, "ctx":"initandlisten","msg":"Clearing temp directory"}
2022-10-10 23:40:57.320  INFO 2080 --- [       Thread-4] o.s.b.a.mongo.embedded.EmbeddedMongo     : {"t":{"$date":"2022-10-10T23:40:57.320+09:00"},"s":"I",  "c":"CONTROL",  "id":20536,   "ctx":"initandlisten","msg":"Flow Control is enabled on this deployment"}
2022-10-10 23:40:57.575  INFO 2080 --- [       Thread-4] o.s.b.a.mongo.embedded.EmbeddedMongo     : {"t":{"$date":"2022-10-10T23:40:57.575+09:00"},"s":"I",  "c":"FTDC",     "id":20625,   "ctx":"initandlisten","msg":"Initializing full-time diagnostic data capture","attr":{"dataDirectory":"C:/Users/JIN/AppData/Local/Temp/embedmongo-db-00e0d677-7f40-4e42-adb8-04f96b6d368f/diagnostic.data"}}
2022-10-10 23:40:57.575  INFO 2080 --- [       Thread-4] o.s.b.a.mongo.embedded.EmbeddedMongo     : {"t":{"$date":"2022-10-10T23:40:57.575+09:00"},"s":"I",  "c":"STORAGE",  "id":20320,   "ctx":"initandlisten","msg":"createCollection","attr":{"namespace":"local.startup_log","uuidDisposition":"generated","uuid":{"uuid":{"$uuid":"4e795bc7-2f3b-44f9-bbcb-c3c447fe6d7d"}},"options":{"capped":true,"size":10485760}}}
2022-10-10 23:40:57.620  INFO 2080 --- [       Thread-4] o.s.b.a.mongo.embedded.EmbeddedMongo     : {"t":{"$date":"2022-10-10T23:40:57.621+09:00"},"s":"I",  "c":"INDEX",    "id":20345,   "ctx":"initandlisten","msg":"Index build: done building","attr":{"buildUUID":null,"namespace":"local.startup_log","index":"_id_","commitTimestamp":null}}
2022-10-10 23:40:57.621  INFO 2080 --- [       Thread-4] o.s.b.a.mongo.embedded.EmbeddedMongo     : {"t":{"$date":"2022-10-10T23:40:57.621+09:00"},"s":"I",  "c":"REPL",     "id":6015317, "ctx":"initandlisten","msg":"Setting new configuration state","attr":{"newState":"ConfigReplicationDisabled","oldState":"ConfigPreStart"}}
2022-10-10 23:40:57.624  INFO 2080 --- [       Thread-4] o.s.b.a.mongo.embedded.EmbeddedMongo     : {"t":{"$date":"2022-10-10T23:40:57.625+09:00"},"s":"I",  "c":"CONTROL",  "id":20712,   "ctx":"LogicalSessionCacheReap","msg":"Sessions collection is not set up; waiting until next sessions reap interval","attr":{"error":"NamespaceNotFound: config.system.sessions does not exist"}}
2022-10-10 23:40:57.625  INFO 2080 --- [       Thread-4] o.s.b.a.mongo.embedded.EmbeddedMongo     : {"t":{"$date":"2022-10-10T23:40:57.625+09:00"},"s":"I",  "c":"NETWORK",  "id":23015,   "ctx":"listener","msg":"Listening on","attr":{"address":"127.0.0.1"}}
2022-10-10 23:40:57.625  INFO 2080 --- [       Thread-4] o.s.b.a.mongo.embedded.EmbeddedMongo     : {"t":{"$date":"2022-10-10T23:40:57.625+09:00"},"s":"I",  "c":"NETWORK",  "id":23016,   "ctx":"listener","msg":"Waiting for connections","attr":{"port":51127,"ssl":"off"}}
2022-10-10 23:40:57.625  INFO 2080 --- [       Thread-4] o.s.b.a.mongo.embedded.EmbeddedMongo     : {"t":{"$date":"2022-10-10T23:40:57.625+09:00"},"s":"I",  "c":"STORAGE",  "id":20320,   "ctx":"LogicalSessionCacheRefresh","msg":"createCollection","attr":{"namespace":"config.system.sessions","uuidDisposition":"generated","uuid":{"uuid":{"$uuid":"36c4c96c-1ccd-4300-977c-8d3338cfcf55"}},"options":{}}}
2022-10-10 23:40:57.626  INFO 2080 --- [    Test worker] d.f.embed.mongo.MongodExecutable         : start MongodConfig{version=Version{5.0.5}, timeout=de.flapdoodle.embed.mongo.config.Timeout@6ad6443, net=de.flapdoodle.embed.mongo.config.Net@78b03788, cmdOptions=MongoCmdOptions{syncDelay=0, useDefaultSyncDelay=false, isVerbose=false, useNoPrealloc=true, useSmallFiles=true, useNoJournal=true, enableTextSearch=false, auth=false, master=false}, password=, userName=, replication=de.flapdoodle.embed.mongo.config.Storage@3f5dfe69, isConfigServer=false, isShardServer=false, processListener=de.flapdoodle.embed.mongo.config.processlistener.NoopProcessListener@571a663c, params={}, args={}, pidFile=mongod.pid, supportConfig=de.flapdoodle.embed.mongo.config.SupportConfig@3a788fe0}
2022-10-10 23:40:57.667  INFO 2080 --- [       Thread-4] o.s.b.a.mongo.embedded.EmbeddedMongo     : {"t":{"$date":"2022-10-10T23:40:57.668+09:00"},"s":"I",  "c":"INDEX",    "id":20345,   "ctx":"LogicalSessionCacheRefresh","msg":"Index build: done building","attr":{"buildUUID":null,"namespace":"config.system.sessions","index":"_id_","commitTimestamp":null}}
2022-10-10 23:40:57.668  INFO 2080 --- [       Thread-4] o.s.b.a.mongo.embedded.EmbeddedMongo     : {"t":{"$date":"2022-10-10T23:40:57.668+09:00"},"s":"I",  "c":"INDEX",    "id":20345,   "ctx":"LogicalSessionCacheRefresh","msg":"Index build: done building","attr":{"buildUUID":null,"namespace":"config.system.sessions","index":"lsidTTLIndex","commitTimestamp":null}}
2022-10-10 23:40:57.801  INFO 2080 --- [       Thread-4] o.s.b.a.mongo.embedded.EmbeddedMongo     : {"t":{"$date":"2022-10-10T23:40:57.801+09:00"},"s":"I",  "c":"NETWORK",  "id":22943,   "ctx":"listener","msg":"Connection accepted","attr":{"remote":"127.0.0.1:51128","uuid":"d851b72f-ad8a-401b-a062-88b20f3bb7f2","connectionId":1,"connectionCount":1}}
2022-10-10 23:40:57.802  INFO 2080 --- [       Thread-4] o.s.b.a.mongo.embedded.EmbeddedMongo     : {"t":{"$date":"2022-10-10T23:40:57.801+09:00"},"s":"I",  "c":"NETWORK",  "id":22943,   "ctx":"listener","msg":"Connection accepted","attr":{"remote":"127.0.0.1:51129","uuid":"e88d9d78-ec6c-4b78-a9a0-f4571d1823a8","connectionId":2,"connectionCount":2}}
2022-10-10 23:40:57.817  INFO 2080 --- [       Thread-4] o.s.b.a.mongo.embedded.EmbeddedMongo     : {"t":{"$date":"2022-10-10T23:40:57.817+09:00"},"s":"I",  "c":"NETWORK",  "id":51800,   "ctx":"conn1","msg":"client metadata","attr":{"remote":"127.0.0.1:51128","client":"conn1","doc":{"driver":{"name":"mongo-java-driver|sync|spring-boot","version":"4.6.1"},"os":{"type":"Windows","name":"Windows 10","architecture":"amd64","version":"10.0"},"platform":"Java/Oracle Corporation/11.0.1+13"}}}
2022-10-10 23:40:57.817  INFO 2080 --- [       Thread-4] o.s.b.a.mongo.embedded.EmbeddedMongo     : {"t":{"$date":"2022-10-10T23:40:57.817+09:00"},"s":"I",  "c":"NETWORK",  "id":51800,   "ctx":"conn2","msg":"client metadata","attr":{"remote":"127.0.0.1:51129","client":"conn2","doc":{"driver":{"name":"mongo-java-driver|sync|spring-boot","version":"4.6.1"},"os":{"type":"Windows","name":"Windows 10","architecture":"amd64","version":"10.0"},"platform":"Java/Oracle Corporation/11.0.1+13"}}}
2022-10-10 23:40:57.820  INFO 2080 --- [    Test worker] org.mongodb.driver.client                : MongoClient with metadata {"driver": {"name": "mongo-java-driver|sync|spring-boot", "version": "4.6.1"}, "os": {"type": "Windows", "name": "Windows 10", "architecture": "amd64", "version": "10.0"}, "platform": "Java/Oracle Corporation/11.0.1+13"} created with settings MongoClientSettings{readPreference=primary, writeConcern=WriteConcern{w=null, wTimeout=null ms, journal=null}, retryWrites=true, retryReads=true, readConcern=ReadConcern{level=null}, credential=null, streamFactoryFactory=null, commandListeners=[], codecRegistry=ProvidersCodecRegistry{codecProviders=[ValueCodecProvider{}, BsonValueCodecProvider{}, DBRefCodecProvider{}, DBObjectCodecProvider{}, DocumentCodecProvider{}, IterableCodecProvider{}, MapCodecProvider{}, GeoJsonCodecProvider{}, GridFSFileCodecProvider{}, Jsr310CodecProvider{}, JsonObjectCodecProvider{}, BsonCodecProvider{}, EnumCodecProvider{}, com.mongodb.Jep395RecordCodecProvider@563317c1]}, clusterSettings={hosts=[localhost:51127], srvServiceName=mongodb, mode=SINGLE, requiredClusterType=UNKNOWN, requiredReplicaSetName='null', serverSelector='null', clusterListeners='[]', serverSelectionTimeout='30000 ms', localThreshold='30000 ms'}, socketSettings=SocketSettings{connectTimeoutMS=10000, readTimeoutMS=0, receiveBufferSize=0, sendBufferSize=0}, heartbeatSocketSettings=SocketSettings{connectTimeoutMS=10000, readTimeoutMS=10000, receiveBufferSize=0, sendBufferSize=0}, connectionPoolSettings=ConnectionPoolSettings{maxSize=100, minSize=0, maxWaitTimeMS=120000, maxConnectionLifeTimeMS=0, maxConnectionIdleTimeMS=0, maintenanceInitialDelayMS=0, maintenanceFrequencyMS=60000, connectionPoolListeners=[], maxConnecting=2}, serverSettings=ServerSettings{heartbeatFrequencyMS=10000, minHeartbeatFrequencyMS=500, serverListeners='[]', serverMonitorListeners='[]'}, sslSettings=SslSettings{enabled=false, invalidHostNameAllowed=false, context=null}, applicationName='null', compressorList=[], uuidRepresentation=JAVA_LEGACY, serverApi=null, autoEncryptionSettings=null, contextProvider=null}
2022-10-10 23:40:57.832  INFO 2080 --- [localhost:51127] org.mongodb.driver.connection            : Opened connection [connectionId{localValue:2, serverValue:1}] to localhost:51127
2022-10-10 23:40:57.837  INFO 2080 --- [localhost:51127] org.mongodb.driver.connection            : Opened connection [connectionId{localValue:1, serverValue:2}] to localhost:51127
2022-10-10 23:40:57.838  INFO 2080 --- [localhost:51127] org.mongodb.driver.cluster               : Monitor thread successfully connected to server with description ServerDescription{address=localhost:51127, type=STANDALONE, state=CONNECTED, ok=true, minWireVersion=0, maxWireVersion=13, maxDocumentSize=16777216, logicalSessionTimeoutMinutes=30, roundTripTimeNanos=29726000}
2022-10-10 23:41:01.446  INFO 2080 --- [    Test worker] o.s.s.web.DefaultSecurityFilterChain     : Will secure any request with [org.springframework.security.web.session.DisableEncodeUrlFilter@2a5d2041, org.springframework.security.web.context.request.async.WebAsyncManagerIntegrationFilter@3cacc87, org.springframework.security.web.context.SecurityContextPersistenceFilter@369fb99a, org.springframework.security.web.header.HeaderWriterFilter@128a188a, org.springframework.security.web.authentication.logout.LogoutFilter@425f94d7, org.springframework.web.filter.CorsFilter@12d44a2a, com.fridgerescuer.springboot.security.jwt.JwtFilter@3bc6c10f, org.springframework.security.web.savedrequest.RequestCacheAwareFilter@3e839aa3, org.springframework.security.web.servletapi.SecurityContextHolderAwareRequestFilter@751bb780, org.springframework.security.web.authentication.AnonymousAuthenticationFilter@3dcbbbc, org.springframework.security.web.session.SessionManagementFilter@56f61d74, org.springframework.security.web.access.ExceptionTranslationFilter@4a6ef712, org.springframework.security.web.access.intercept.FilterSecurityInterceptor@568ef502]
2022-10-10 23:41:01.475  WARN 2080 --- [    Test worker] o.s.s.c.a.web.builders.WebSecurity       : You are asking Spring Security to ignore Ant [pattern='/favicon.ico']. This is not recommended -- please use permitAll via HttpSecurity#authorizeHttpRequests instead.
2022-10-10 23:41:01.476  INFO 2080 --- [    Test worker] o.s.s.web.DefaultSecurityFilterChain     : Will not secure Ant [pattern='/favicon.ico']
2022-10-10 23:41:01.476  WARN 2080 --- [    Test worker] o.s.s.c.a.web.builders.WebSecurity       : You are asking Spring Security to ignore Ant [pattern='/error']. This is not recommended -- please use permitAll via HttpSecurity#authorizeHttpRequests instead.
2022-10-10 23:41:01.477  INFO 2080 --- [    Test worker] o.s.s.web.DefaultSecurityFilterChain     : Will not secure Ant [pattern='/error']
2022-10-10 23:41:01.616  INFO 2080 --- [       Thread-4] o.s.b.a.mongo.embedded.EmbeddedMongo     : {"t":{"$date":"2022-10-10T23:41:01.614+09:00"},"s":"I",  "c":"NETWORK",  "id":22943,   "ctx":"listener","msg":"Connection accepted","attr":{"remote":"127.0.0.1:51130","uuid":"e9682372-ac0e-427b-9147-86b7d497aecf","connectionId":3,"connectionCount":3}}
2022-10-10 23:41:01.616  INFO 2080 --- [       Thread-4] o.s.b.a.mongo.embedded.EmbeddedMongo     : {"t":{"$date":"2022-10-10T23:41:01.615+09:00"},"s":"I",  "c":"NETWORK",  "id":22943,   "ctx":"listener","msg":"Connection accepted","attr":{"remote":"127.0.0.1:51131","uuid":"6fa17314-f21a-4858-a7fe-3023fc9adc99","connectionId":4,"connectionCount":4}}
2022-10-10 23:41:01.620  INFO 2080 --- [    Test worker] org.mongodb.driver.client                : MongoClient with metadata {"driver": {"name": "mongo-java-driver|reactive-streams|spring-boot", "version": "4.6.1"}, "os": {"type": "Windows", "name": "Windows 10", "architecture": "amd64", "version": "10.0"}, "platform": "Java/Oracle Corporation/11.0.1+13"} created with settings MongoClientSettings{readPreference=primary, writeConcern=WriteConcern{w=null, wTimeout=null ms, journal=null}, retryWrites=true, retryReads=true, readConcern=ReadConcern{level=null}, credential=null, streamFactoryFactory=null, commandListeners=[], codecRegistry=ProvidersCodecRegistry{codecProviders=[ValueCodecProvider{}, BsonValueCodecProvider{}, DBRefCodecProvider{}, DBObjectCodecProvider{}, DocumentCodecProvider{}, IterableCodecProvider{}, MapCodecProvider{}, GeoJsonCodecProvider{}, GridFSFileCodecProvider{}, Jsr310CodecProvider{}, JsonObjectCodecProvider{}, BsonCodecProvider{}, EnumCodecProvider{}, com.mongodb.Jep395RecordCodecProvider@563317c1]}, clusterSettings={hosts=[localhost:51127], srvServiceName=mongodb, mode=SINGLE, requiredClusterType=UNKNOWN, requiredReplicaSetName='null', serverSelector='null', clusterListeners='[]', serverSelectionTimeout='30000 ms', localThreshold='30000 ms'}, socketSettings=SocketSettings{connectTimeoutMS=10000, readTimeoutMS=0, receiveBufferSize=0, sendBufferSize=0}, heartbeatSocketSettings=SocketSettings{connectTimeoutMS=10000, readTimeoutMS=10000, receiveBufferSize=0, sendBufferSize=0}, connectionPoolSettings=ConnectionPoolSettings{maxSize=100, minSize=0, maxWaitTimeMS=120000, maxConnectionLifeTimeMS=0, maxConnectionIdleTimeMS=0, maintenanceInitialDelayMS=0, maintenanceFrequencyMS=60000, connectionPoolListeners=[], maxConnecting=2}, serverSettings=ServerSettings{heartbeatFrequencyMS=10000, minHeartbeatFrequencyMS=500, serverListeners='[]', serverMonitorListeners='[]'}, sslSettings=SslSettings{enabled=false, invalidHostNameAllowed=false, context=null}, applicationName='null', compressorList=[], uuidRepresentation=JAVA_LEGACY, serverApi=null, autoEncryptionSettings=null, contextProvider=null}
2022-10-10 23:41:01.622  INFO 2080 --- [       Thread-4] o.s.b.a.mongo.embedded.EmbeddedMongo     : {"t":{"$date":"2022-10-10T23:41:01.622+09:00"},"s":"I",  "c":"NETWORK",  "id":51800,   "ctx":"conn3","msg":"client metadata","attr":{"remote":"127.0.0.1:51130","client":"conn3","doc":{"driver":{"name":"mongo-java-driver|reactive-streams|spring-boot","version":"4.6.1"},"os":{"type":"Windows","name":"Windows 10","architecture":"amd64","version":"10.0"},"platform":"Java/Oracle Corporation/11.0.1+13"}}}
2022-10-10 23:41:01.622  INFO 2080 --- [       Thread-4] o.s.b.a.mongo.embedded.EmbeddedMongo     : {"t":{"$date":"2022-10-10T23:41:01.622+09:00"},"s":"I",  "c":"NETWORK",  "id":51800,   "ctx":"conn4","msg":"client metadata","attr":{"remote":"127.0.0.1:51131","client":"conn4","doc":{"driver":{"name":"mongo-java-driver|reactive-streams|spring-boot","version":"4.6.1"},"os":{"type":"Windows","name":"Windows 10","architecture":"amd64","version":"10.0"},"platform":"Java/Oracle Corporation/11.0.1+13"}}}
2022-10-10 23:41:01.628  INFO 2080 --- [localhost:51127] org.mongodb.driver.connection            : Opened connection [connectionId{localValue:3, serverValue:3}] to localhost:51127
2022-10-10 23:41:01.629  INFO 2080 --- [localhost:51127] org.mongodb.driver.connection            : Opened connection [connectionId{localValue:4, serverValue:4}] to localhost:51127
2022-10-10 23:41:01.629  INFO 2080 --- [localhost:51127] org.mongodb.driver.cluster               : Monitor thread successfully connected to server with description ServerDescription{address=localhost:51127, type=STANDALONE, state=CONNECTED, ok=true, minWireVersion=0, maxWireVersion=13, maxDocumentSize=16777216, logicalSessionTimeoutMinutes=30, roundTripTimeNanos=10799800}
2022-10-10 23:41:01.784  INFO 2080 --- [    Test worker] c.f.springboot.cache.CacheTest           : Started CacheTest in 8.641 seconds (JVM running for 12.697)
2022-10-10 23:41:01.787  INFO 2080 --- [    Test worker] c.f.springboot.SpringbootApplication     : ==서버 초기 동작 시작==
2022-10-10 23:41:01.788  INFO 2080 --- [    Test worker] c.f.springboot.SpringbootApplication     : ==서버 초기 동작 끝~==
2022-10-10 23:41:02.378  INFO 2080 --- [       Thread-4] o.s.b.a.mongo.embedded.EmbeddedMongo     : {"t":{"$date":"2022-10-10T23:41:02.378+09:00"},"s":"I",  "c":"NETWORK",  "id":22943,   "ctx":"listener","msg":"Connection accepted","attr":{"remote":"127.0.0.1:51132","uuid":"3a857592-22be-4996-8eed-ed4af2d1f22f","connectionId":5,"connectionCount":5}}
2022-10-10 23:41:02.379  INFO 2080 --- [       Thread-4] o.s.b.a.mongo.embedded.EmbeddedMongo     : {"t":{"$date":"2022-10-10T23:41:02.379+09:00"},"s":"I",  "c":"NETWORK",  "id":51800,   "ctx":"conn5","msg":"client metadata","attr":{"remote":"127.0.0.1:51132","client":"conn5","doc":{"driver":{"name":"mongo-java-driver|sync|spring-boot","version":"4.6.1"},"os":{"type":"Windows","name":"Windows 10","architecture":"amd64","version":"10.0"},"platform":"Java/Oracle Corporation/11.0.1+13"}}}
2022-10-10 23:41:02.380  INFO 2080 --- [    Test worker] org.mongodb.driver.connection            : Opened connection [connectionId{localValue:5, serverValue:5}] to localhost:51127
2022-10-10 23:41:02.404  INFO 2080 --- [       Thread-4] o.s.b.a.mongo.embedded.EmbeddedMongo     : {"t":{"$date":"2022-10-10T23:41:02.404+09:00"},"s":"I",  "c":"STORAGE",  "id":20320,   "ctx":"conn5","msg":"createCollection","attr":{"namespace":"test.recipe","uuidDisposition":"generated","uuid":{"uuid":{"$uuid":"454b1dba-9a6b-4e65-9fdc-260829b0424a"}},"options":{}}}
2022-10-10 23:41:02.432  INFO 2080 --- [       Thread-4] o.s.b.a.mongo.embedded.EmbeddedMongo     : {"t":{"$date":"2022-10-10T23:41:02.432+09:00"},"s":"I",  "c":"INDEX",    "id":20345,   "ctx":"conn5","msg":"Index build: done building","attr":{"buildUUID":null,"namespace":"test.recipe","index":"_id_","commitTimestamp":null}}
2022-10-10 23:41:02.522  INFO 2080 --- [    Test worker] c.f.s.data.dao.impl.RecipeDaoImpl        : update id=63442efe6bd3da2dcf79124b to recipe data =RecipeDTO(id=null, name=짬뽕, type=null, ingredientIds=null, producerMemberId=null, imageId=null, comments=null, ratingAvg=0.0, ratingTotalSum=0.0)
2022-10-10 23:41:02.651  INFO 2080 --- [    Test worker] c.f.s.data.dao.impl.RecipeDaoImpl        : delete recipe, id=63442efe6bd3da2dcf79124b
2022-10-10 23:41:02.682  INFO 2080 --- [       Thread-4] o.s.b.a.mongo.embedded.EmbeddedMongo     : {"t":{"$date":"2022-10-10T23:41:02.682+09:00"},"s":"I",  "c":"STORAGE",  "id":20320,   "ctx":"conn5","msg":"createCollection","attr":{"namespace":"test.ingredient","uuidDisposition":"generated","uuid":{"uuid":{"$uuid":"5c2bd586-bead-4452-a459-d1368c68b4be"}},"options":{}}}
2022-10-10 23:41:02.709  INFO 2080 --- [       Thread-4] o.s.b.a.mongo.embedded.EmbeddedMongo     : {"t":{"$date":"2022-10-10T23:41:02.709+09:00"},"s":"I",  "c":"INDEX",    "id":20345,   "ctx":"conn5","msg":"Index build: done building","attr":{"buildUUID":null,"namespace":"test.ingredient","index":"_id_","commitTimestamp":null}}
2022-10-10 23:41:02.710  INFO 2080 --- [    Test worker] c.f.s.data.dao.impl.IngredientDaoImpl    : save ingredient =Ingredient(id=63442efe6bd3da2dcf79124c, name=김치, index=0.0, foodGroup=null, foodCode=null, representationName=null, largeCategory=null, mediumCategory=null, smallCategory=null, subCategory=null, generalComponent=null, mineral=null, vitamin=null, aminoAcid=null, fattyAcid=null, recipes=null)
2022-10-10 23:41:02.744  INFO 2080 --- [    Test worker] c.f.s.data.dao.impl.RecipeDaoImpl        :  setReferenceWithIngredientsByIngredientIds modify 1'document 
2022-10-10 23:41:02.757  INFO 2080 --- [    Test worker] c.f.springboot.cache.CacheUtil           : size =1 
2022-10-10 23:41:02.757  INFO 2080 --- [    Test worker] c.f.springboot.cache.CacheUtil           : cacheName: ingredient, key: 63442efe6bd3da2dcf79124c evicted
2022-10-10 23:41:02.766  INFO 2080 --- [    Test worker] c.f.s.data.dao.impl.RecipeDaoImpl        :  setReferenceWithIngredientsByIngredientIds modify 1'document 
2022-10-10 23:41:02.767  INFO 2080 --- [    Test worker] c.f.s.data.dao.impl.RecipeDaoImpl        : update id=63442efe6bd3da2dcf79124d to recipe data =RecipeDTO(id=null, name=짬뽕, type=null, ingredientIds=[63442efe6bd3da2dcf79124c], producerMemberId=null, imageId=null, comments=null, ratingAvg=0.0, ratingTotalSum=0.0)
2022-10-10 23:41:02.779  INFO 2080 --- [    Test worker] c.f.s.data.dao.impl.IngredientDaoImpl    : update id=63442efe6bd3da2dcf79124c to ingredient =IngredientDTO(id=null, name=피자, recipeDTOs=null)
2022-10-10 23:41:02.801  INFO 2080 --- [    Test worker] c.f.s.data.dao.impl.IngredientDaoImpl    : delete ingredient =63442efe6bd3da2dcf79124c
]]></system-out>
  <system-err><![CDATA[]]></system-err>
</testsuite>
