<?xml version="1.0" encoding="UTF-8"?>
<testsuite name="com.fridgerescuer.springboot.data.dao.ExpirationDataDaoTest" tests="4" skipped="0" failures="0" errors="0" timestamp="2022-10-10T14:41:03" hostname="DESKTOP-QT4MFI0" time="0.175">
  <properties/>
  <testcase name="updateExpiration()" classname="com.fridgerescuer.springboot.data.dao.ExpirationDataDaoTest" time="0.09"/>
  <testcase name="updatePrivateExpiration()" classname="com.fridgerescuer.springboot.data.dao.ExpirationDataDaoTest" time="0.058"/>
  <testcase name="noSuchPrivateExpirationDataException()" classname="com.fridgerescuer.springboot.data.dao.ExpirationDataDaoTest" time="0.009"/>
  <testcase name="noSuchExpirationDataException()" classname="com.fridgerescuer.springboot.data.dao.ExpirationDataDaoTest" time="0.013"/>
  <system-out><![CDATA[2022-10-10 23:41:03.393  INFO 2080 --- [    Test worker] t.a.d.m.DataMongoTestContextBootstrapper : Neither @ContextConfiguration nor @ContextHierarchy found for test class [com.fridgerescuer.springboot.data.dao.ExpirationDataDaoTest], using SpringBootContextLoader
2022-10-10 23:41:03.395  INFO 2080 --- [    Test worker] o.s.t.c.support.AbstractContextLoader    : Could not detect default resource locations for test class [com.fridgerescuer.springboot.data.dao.ExpirationDataDaoTest]: no resource found for suffixes {-context.xml, Context.groovy}.
2022-10-10 23:41:03.396  INFO 2080 --- [    Test worker] t.c.s.AnnotationConfigContextLoaderUtils : Could not detect default configuration classes for test class [com.fridgerescuer.springboot.data.dao.ExpirationDataDaoTest]: ExpirationDataDaoTest does not declare any static, non-private, non-final, nested classes annotated with @Configuration.
2022-10-10 23:41:03.406  INFO 2080 --- [    Test worker] .b.t.c.SpringBootTestContextBootstrapper : Found @SpringBootConfiguration com.fridgerescuer.springboot.SpringbootApplication for test class com.fridgerescuer.springboot.data.dao.ExpirationDataDaoTest
2022-10-10 23:41:03.407  INFO 2080 --- [    Test worker] t.a.d.m.DataMongoTestContextBootstrapper : Loaded default TestExecutionListener class names from location [META-INF/spring.factories]: [org.springframework.security.test.context.support.WithSecurityContextTestExecutionListener, org.springframework.security.test.context.support.ReactorContextTestExecutionListener, org.springframework.boot.test.autoconfigure.restdocs.RestDocsTestExecutionListener, org.springframework.boot.test.autoconfigure.web.client.MockRestServiceServerResetTestExecutionListener, org.springframework.boot.test.autoconfigure.web.servlet.MockMvcPrintOnlyOnFailureTestExecutionListener, org.springframework.boot.test.autoconfigure.web.servlet.WebDriverTestExecutionListener, org.springframework.boot.test.autoconfigure.webservices.client.MockWebServiceServerTestExecutionListener, org.springframework.boot.test.mock.mockito.MockitoTestExecutionListener, org.springframework.boot.test.mock.mockito.ResetMocksTestExecutionListener, org.springframework.test.context.web.ServletTestExecutionListener, org.springframework.test.context.support.DirtiesContextBeforeModesTestExecutionListener, org.springframework.test.context.event.ApplicationEventsTestExecutionListener, org.springframework.test.context.support.DependencyInjectionTestExecutionListener, org.springframework.test.context.support.DirtiesContextTestExecutionListener, org.springframework.test.context.transaction.TransactionalTestExecutionListener, org.springframework.test.context.jdbc.SqlScriptsTestExecutionListener, org.springframework.test.context.event.EventPublishingTestExecutionListener]
2022-10-10 23:41:03.409  INFO 2080 --- [    Test worker] t.a.d.m.DataMongoTestContextBootstrapper : Using TestExecutionListeners: [org.springframework.test.context.web.ServletTestExecutionListener@1d4e06bb, org.springframework.test.context.support.DirtiesContextBeforeModesTestExecutionListener@2eb9c7ad, org.springframework.test.context.event.ApplicationEventsTestExecutionListener@4529048e, org.springframework.boot.test.mock.mockito.MockitoTestExecutionListener@6addfa22, org.springframework.boot.test.autoconfigure.SpringBootDependencyInjectionTestExecutionListener@74b521c, org.springframework.test.context.support.DirtiesContextTestExecutionListener@672f69f7, org.springframework.test.context.transaction.TransactionalTestExecutionListener@6aaf1ce8, org.springframework.test.context.jdbc.SqlScriptsTestExecutionListener@6f26e775, org.springframework.security.test.context.support.WithSecurityContextTestExecutionListener@3220833f, org.springframework.test.context.event.EventPublishingTestExecutionListener@2e5c245d, org.springframework.security.test.context.support.ReactorContextTestExecutionListener@3c862522, org.springframework.boot.test.autoconfigure.restdocs.RestDocsTestExecutionListener@64c37088, org.springframework.boot.test.autoconfigure.web.client.MockRestServiceServerResetTestExecutionListener@524c3e54, org.springframework.boot.test.autoconfigure.web.servlet.MockMvcPrintOnlyOnFailureTestExecutionListener@1d7d968c, org.springframework.boot.test.autoconfigure.web.servlet.WebDriverTestExecutionListener@10df1f34, org.springframework.boot.test.autoconfigure.webservices.client.MockWebServiceServerTestExecutionListener@6fe77a97, org.springframework.boot.test.mock.mockito.ResetMocksTestExecutionListener@5cea47a1]
2022-10-10 23:41:03.426  INFO 2080 --- [       Thread-4] o.s.b.a.mongo.embedded.EmbeddedMongo     : {"t":{"$date":"2022-10-10T23:41:03.427+09:00"},"s":"I",  "c":"STORAGE",  "id":20320,   "ctx":"conn5","msg":"createCollection","attr":{"namespace":"test.expirationData","uuidDisposition":"generated","uuid":{"uuid":{"$uuid":"384fa30d-7c61-4fb5-91ca-23cc29109a53"}},"options":{}}}
2022-10-10 23:41:03.463  INFO 2080 --- [       Thread-4] o.s.b.a.mongo.embedded.EmbeddedMongo     : {"t":{"$date":"2022-10-10T23:41:03.463+09:00"},"s":"I",  "c":"INDEX",    "id":20345,   "ctx":"conn5","msg":"Index build: done building","attr":{"buildUUID":null,"namespace":"test.expirationData","index":"_id_","commitTimestamp":null}}
2022-10-10 23:41:03.464  INFO 2080 --- [    Test worker] c.f.s.d.dao.impl.ExpirationDataDaoImpl   : save ExpirationData =ExpirationData(id=63442eff6bd3da2dcf79125f, ingredient=null, expirationDate=null, isNoExpiration=false)
2022-10-10 23:41:03.476  INFO 2080 --- [    Test worker] c.f.s.data.dao.impl.IngredientDaoImpl    : save ingredient =Ingredient(id=63442eff6bd3da2dcf791260, name=목살구이, index=0.0, foodGroup=null, foodCode=null, representationName=null, largeCategory=null, mediumCategory=null, smallCategory=null, subCategory=null, generalComponent=null, mineral=null, vitamin=null, aminoAcid=null, fattyAcid=null, recipes=null)
2022-10-10 23:41:03.494  INFO 2080 --- [    Test worker] c.f.s.d.dao.impl.ExpirationDataDaoImpl   : update expirationData =ExpirationData(id=null, ingredient=Ingredient(id=63442eff6bd3da2dcf791260, name=목살구이, index=0.0, foodGroup=null, foodCode=null, representationName=null, largeCategory=null, mediumCategory=null, smallCategory=null, subCategory=null, generalComponent=null, mineral=null, vitamin=null, aminoAcid=null, fattyAcid=null, recipes=null), expirationDate=2022-10-20, isNoExpiration=true)
2022-10-10 23:41:03.519  INFO 2080 --- [       Thread-4] o.s.b.a.mongo.embedded.EmbeddedMongo     : {"t":{"$date":"2022-10-10T23:41:03.519+09:00"},"s":"I",  "c":"STORAGE",  "id":20320,   "ctx":"conn5","msg":"createCollection","attr":{"namespace":"test.privateExpirationData","uuidDisposition":"generated","uuid":{"uuid":{"$uuid":"31c711d0-168f-44fa-9356-cdc4ef3c0c8b"}},"options":{}}}
2022-10-10 23:41:03.550  INFO 2080 --- [       Thread-4] o.s.b.a.mongo.embedded.EmbeddedMongo     : {"t":{"$date":"2022-10-10T23:41:03.551+09:00"},"s":"I",  "c":"INDEX",    "id":20345,   "ctx":"conn5","msg":"Index build: done building","attr":{"buildUUID":null,"namespace":"test.privateExpirationData","index":"_id_","commitTimestamp":null}}
2022-10-10 23:41:03.551  INFO 2080 --- [    Test worker] c.f.s.d.dao.impl.ExpirationDataDaoImpl   : save ExpirationData =PrivateExpirationData(id=63442eff6bd3da2dcf791261, ingredient=null, expirationDate=null, isNoExpiration=false)
2022-10-10 23:41:03.557  INFO 2080 --- [    Test worker] c.f.s.d.dao.impl.ExpirationDataDaoImpl   : update privateExpirationData =PrivateExpirationData(id=null, ingredient=Ingredient(id=null, name=목살구이, index=0.0, foodGroup=null, foodCode=null, representationName=null, largeCategory=null, mediumCategory=null, smallCategory=null, subCategory=null, generalComponent=null, mineral=null, vitamin=null, aminoAcid=null, fattyAcid=null, recipes=null), expirationDate=2022-10-20, isNoExpiration=true)
2022-10-10 23:41:03.582  INFO 2080 --- [    Test worker] c.f.s.data.dao.impl.IngredientDaoImpl    : save ingredient =Ingredient(id=63442eff6bd3da2dcf791262, name=목살구이, index=0.0, foodGroup=null, foodCode=null, representationName=null, largeCategory=null, mediumCategory=null, smallCategory=null, subCategory=null, generalComponent=null, mineral=null, vitamin=null, aminoAcid=null, fattyAcid=null, recipes=null)
]]></system-out>
  <system-err><![CDATA[]]></system-err>
</testsuite>
