<?xml version="1.0" encoding="UTF-8"?>
<testsuite name="com.fridgerescuer.springboot.service.RecipeServiceTest" tests="6" skipped="0" failures="0" errors="0" timestamp="2022-09-04T12:44:05" hostname="DESKTOP-QT4MFI0" time="0.487">
  <properties/>
  <testcase name="deleteRecipeById()" classname="com.fridgerescuer.springboot.service.RecipeServiceTest" time="0.07"/>
  <testcase name="여러 재료로 여러 레시피 검색" classname="com.fridgerescuer.springboot.service.RecipeServiceTest" time="0.08"/>
  <testcase name="레시피 저장, 재료와 연관" classname="com.fridgerescuer.springboot.service.RecipeServiceTest" time="0.042"/>
  <testcase name="재료로 레시피 검색하기" classname="com.fridgerescuer.springboot.service.RecipeServiceTest" time="0.044"/>
  <testcase name="해당 이름을 포함하는 모든 레시피 찾기" classname="com.fridgerescuer.springboot.service.RecipeServiceTest" time="0.06"/>
  <testcase name="recipeUpdateAndDelete()" classname="com.fridgerescuer.springboot.service.RecipeServiceTest" time="0.174"/>
  <system-out><![CDATA[2022-09-04 21:44:04.987  INFO 4996 --- [    Test worker] t.a.d.m.DataMongoTestContextBootstrapper : Neither @ContextConfiguration nor @ContextHierarchy found for test class [com.fridgerescuer.springboot.service.RecipeServiceTest], using SpringBootContextLoader
2022-09-04 21:44:04.989  INFO 4996 --- [    Test worker] o.s.t.c.support.AbstractContextLoader    : Could not detect default resource locations for test class [com.fridgerescuer.springboot.service.RecipeServiceTest]: no resource found for suffixes {-context.xml, Context.groovy}.
2022-09-04 21:44:04.990  INFO 4996 --- [    Test worker] t.c.s.AnnotationConfigContextLoaderUtils : Could not detect default configuration classes for test class [com.fridgerescuer.springboot.service.RecipeServiceTest]: RecipeServiceTest does not declare any static, non-private, non-final, nested classes annotated with @Configuration.
2022-09-04 21:44:05.007  INFO 4996 --- [    Test worker] .b.t.c.SpringBootTestContextBootstrapper : Found @SpringBootConfiguration com.fridgerescuer.springboot.SpringbootApplication for test class com.fridgerescuer.springboot.service.RecipeServiceTest
2022-09-04 21:44:05.010  INFO 4996 --- [    Test worker] t.a.d.m.DataMongoTestContextBootstrapper : Loaded default TestExecutionListener class names from location [META-INF/spring.factories]: [org.springframework.boot.test.autoconfigure.restdocs.RestDocsTestExecutionListener, org.springframework.boot.test.autoconfigure.web.client.MockRestServiceServerResetTestExecutionListener, org.springframework.boot.test.autoconfigure.web.servlet.MockMvcPrintOnlyOnFailureTestExecutionListener, org.springframework.boot.test.autoconfigure.web.servlet.WebDriverTestExecutionListener, org.springframework.boot.test.autoconfigure.webservices.client.MockWebServiceServerTestExecutionListener, org.springframework.boot.test.mock.mockito.MockitoTestExecutionListener, org.springframework.boot.test.mock.mockito.ResetMocksTestExecutionListener, org.springframework.test.context.web.ServletTestExecutionListener, org.springframework.test.context.support.DirtiesContextBeforeModesTestExecutionListener, org.springframework.test.context.event.ApplicationEventsTestExecutionListener, org.springframework.test.context.support.DependencyInjectionTestExecutionListener, org.springframework.test.context.support.DirtiesContextTestExecutionListener, org.springframework.test.context.transaction.TransactionalTestExecutionListener, org.springframework.test.context.jdbc.SqlScriptsTestExecutionListener, org.springframework.test.context.event.EventPublishingTestExecutionListener]
2022-09-04 21:44:05.016  INFO 4996 --- [    Test worker] t.a.d.m.DataMongoTestContextBootstrapper : Using TestExecutionListeners: [org.springframework.test.context.web.ServletTestExecutionListener@1f7557fe, org.springframework.test.context.support.DirtiesContextBeforeModesTestExecutionListener@7bd7d71c, org.springframework.test.context.event.ApplicationEventsTestExecutionListener@52963839, org.springframework.boot.test.mock.mockito.MockitoTestExecutionListener@ce0bbd5, org.springframework.boot.test.autoconfigure.SpringBootDependencyInjectionTestExecutionListener@399fd710, org.springframework.test.context.support.DirtiesContextTestExecutionListener@7c359808, org.springframework.test.context.transaction.TransactionalTestExecutionListener@1f013047, org.springframework.test.context.jdbc.SqlScriptsTestExecutionListener@16361e61, org.springframework.test.context.event.EventPublishingTestExecutionListener@51566ce0, org.springframework.boot.test.autoconfigure.restdocs.RestDocsTestExecutionListener@1734b1a, org.springframework.boot.test.autoconfigure.web.client.MockRestServiceServerResetTestExecutionListener@17e6d07b, org.springframework.boot.test.autoconfigure.web.servlet.MockMvcPrintOnlyOnFailureTestExecutionListener@318511f0, org.springframework.boot.test.autoconfigure.web.servlet.WebDriverTestExecutionListener@53564a4c, org.springframework.boot.test.autoconfigure.webservices.client.MockWebServiceServerTestExecutionListener@4866e0a7, org.springframework.boot.test.mock.mockito.ResetMocksTestExecutionListener@69a294d8]
2022-09-04 21:44:05.034  INFO 4996 --- [    Test worker] c.f.s.data.dao.impl.IngredientDaoImpl    : save ingredient =Ingredient(id=null, name=마늘, recipes=null)
2022-09-04 21:44:05.038  INFO 4996 --- [    Test worker] c.f.s.data.dao.impl.IngredientDaoImpl    : save ingredient =Ingredient(id=null, name=올리브유, recipes=null)
2022-09-04 21:44:05.041  INFO 4996 --- [    Test worker] c.f.s.data.dao.impl.IngredientDaoImpl    : save ingredient =Ingredient(id=null, name=고추, recipes=null)
2022-09-04 21:44:05.082  INFO 4996 --- [    Test worker] c.f.s.data.dao.impl.RecipeDaoImpl        : delete recipe, id=63149d9533f5e33dedf29f54
2022-09-04 21:44:05.104  INFO 4996 --- [    Test worker] c.f.s.data.dao.impl.IngredientDaoImpl    : save ingredient =Ingredient(id=null, name=마늘, recipes=null)
2022-09-04 21:44:05.107  INFO 4996 --- [    Test worker] c.f.s.data.dao.impl.IngredientDaoImpl    : save ingredient =Ingredient(id=null, name=올리브유, recipes=null)
2022-09-04 21:44:05.109  INFO 4996 --- [    Test worker] c.f.s.data.dao.impl.IngredientDaoImpl    : save ingredient =Ingredient(id=null, name=계란, recipes=null)
2022-09-04 21:44:05.111  INFO 4996 --- [    Test worker] c.f.s.data.dao.impl.IngredientDaoImpl    : save ingredient =Ingredient(id=null, name=고추, recipes=null)
recipe = RecipeResponseDTO(id=63149d9533f5e33dedf29f59, name=알리오 올리오, type=파스타, ingredientNames=[마늘, 올리브유, 고추], producerMemberId=null, ratingAvg=0.0, ratingTotalSum=0.0)
recipe = RecipeResponseDTO(id=63149d9533f5e33dedf29f5a, name=계란 프라이, type=전, ingredientNames=[계란, 올리브유, 고추], producerMemberId=null, ratingAvg=0.0, ratingTotalSum=0.0)
2022-09-04 21:44:05.191  INFO 4996 --- [    Test worker] c.f.s.data.dao.impl.IngredientDaoImpl    : save ingredient =Ingredient(id=null, name=마늘, recipes=null)
2022-09-04 21:44:05.194  INFO 4996 --- [    Test worker] c.f.s.data.dao.impl.IngredientDaoImpl    : save ingredient =Ingredient(id=null, name=올리브유, recipes=null)
2022-09-04 21:44:05.196  INFO 4996 --- [    Test worker] c.f.s.data.dao.impl.IngredientDaoImpl    : save ingredient =Ingredient(id=null, name=고추, recipes=null)
2022-09-04 21:44:05.239  INFO 4996 --- [    Test worker] c.f.s.data.dao.impl.IngredientDaoImpl    : save ingredient =Ingredient(id=null, name=마늘, recipes=null)
RecipeResponseDTO(id=63149d9533f5e33dedf29f60, name=알리오 올리오, type=파스타, ingredientNames=[마늘], producerMemberId=null, ratingAvg=0.0, ratingTotalSum=0.0)
RecipeResponseDTO(id=63149d9533f5e33dedf29f61, name=마늘 장아찌, type=발효 식품, ingredientNames=[마늘], producerMemberId=null, ratingAvg=0.0, ratingTotalSum=0.0)
recipe = RecipeResponseDTO(id=63149d9533f5e33dedf29f62, name=감자 튀김, type=튀김, ingredientNames=[], producerMemberId=null, ratingAvg=0.0, ratingTotalSum=0.0)
recipe = RecipeResponseDTO(id=63149d9533f5e33dedf29f63, name=새우튀김, type=튀김, ingredientNames=[], producerMemberId=null, ratingAvg=0.0, ratingTotalSum=0.0)
recipe = RecipeResponseDTO(id=63149d9533f5e33dedf29f64, name=병아리 튀김, type=튀김, ingredientNames=[], producerMemberId=null, ratingAvg=0.0, ratingTotalSum=0.0)
2022-09-04 21:44:05.352  INFO 4996 --- [    Test worker] c.f.s.data.dao.impl.IngredientDaoImpl    : save ingredient =Ingredient(id=null, name=마늘, recipes=null)
2022-09-04 21:44:05.357  INFO 4996 --- [    Test worker] c.f.s.data.dao.impl.IngredientDaoImpl    : save ingredient =Ingredient(id=null, name=올리브유, recipes=null)
2022-09-04 21:44:05.360  INFO 4996 --- [    Test worker] c.f.s.data.dao.impl.IngredientDaoImpl    : save ingredient =Ingredient(id=null, name=고추, recipes=null)
2022-09-04 21:44:05.363  INFO 4996 --- [    Test worker] c.f.s.data.dao.impl.IngredientDaoImpl    : save ingredient =Ingredient(id=null, name=감자, recipes=null)
2022-09-04 21:44:05.438  INFO 4996 --- [    Test worker] c.f.s.data.dao.impl.RecipeDaoImpl        : update id=63149d9533f5e33dedf29f69 to recipe data =Recipe(id=null, name=감자 튀김, type=튀김, ingredientNames=[감자], producerMemberId=null, comments=null, ratingAvg=0.0, ratingTotalSum=0.0, imageId=null, sequence=null, category=null, cookingType=null, ingredientData=null, carbohydrate_g=null, fat_g=null, kcal=null, na_mg=null, protein_g=null, manuals=null, manualImageIds=null)
updatedRecipe = RecipeResponseDTO(id=63149d9533f5e33dedf29f69, name=감자 튀김, type=튀김, ingredientNames=[감자], producerMemberId=null, ratingAvg=0.0, ratingTotalSum=0.0)
]]></system-out>
  <system-err><![CDATA[]]></system-err>
</testsuite>
