<?xml version="1.0" encoding="UTF-8"?>
<testsuite name="com.fridgerescuer.springboot.service.IngredientServiceTest" tests="4" skipped="0" failures="0" errors="0" timestamp="2022-09-04T12:44:04" hostname="DESKTOP-QT4MFI0" time="0.175">
  <properties/>
  <testcase name="없는 재료명으로 인한 런타임 예외 처리 확인, NoSuchIngredientException" classname="com.fridgerescuer.springboot.service.IngredientServiceTest" time="0.037"/>
  <testcase name="deleteIngredient()" classname="com.fridgerescuer.springboot.service.IngredientServiceTest" time="0.055"/>
  <testcase name="재료의 id를 통해 재료 update" classname="com.fridgerescuer.springboot.service.IngredientServiceTest" time="0.028"/>
  <testcase name="이름으로 재료 id 찾기" classname="com.fridgerescuer.springboot.service.IngredientServiceTest" time="0.048"/>
  <system-out><![CDATA[2022-09-04 21:44:04.770  INFO 4996 --- [    Test worker] t.a.d.m.DataMongoTestContextBootstrapper : Neither @ContextConfiguration nor @ContextHierarchy found for test class [com.fridgerescuer.springboot.service.IngredientServiceTest], using SpringBootContextLoader
2022-09-04 21:44:04.772  INFO 4996 --- [    Test worker] o.s.t.c.support.AbstractContextLoader    : Could not detect default resource locations for test class [com.fridgerescuer.springboot.service.IngredientServiceTest]: no resource found for suffixes {-context.xml, Context.groovy}.
2022-09-04 21:44:04.772  INFO 4996 --- [    Test worker] t.c.s.AnnotationConfigContextLoaderUtils : Could not detect default configuration classes for test class [com.fridgerescuer.springboot.service.IngredientServiceTest]: IngredientServiceTest does not declare any static, non-private, non-final, nested classes annotated with @Configuration.
2022-09-04 21:44:04.789  INFO 4996 --- [    Test worker] .b.t.c.SpringBootTestContextBootstrapper : Found @SpringBootConfiguration com.fridgerescuer.springboot.SpringbootApplication for test class com.fridgerescuer.springboot.service.IngredientServiceTest
2022-09-04 21:44:04.791  INFO 4996 --- [    Test worker] t.a.d.m.DataMongoTestContextBootstrapper : Loaded default TestExecutionListener class names from location [META-INF/spring.factories]: [org.springframework.boot.test.autoconfigure.restdocs.RestDocsTestExecutionListener, org.springframework.boot.test.autoconfigure.web.client.MockRestServiceServerResetTestExecutionListener, org.springframework.boot.test.autoconfigure.web.servlet.MockMvcPrintOnlyOnFailureTestExecutionListener, org.springframework.boot.test.autoconfigure.web.servlet.WebDriverTestExecutionListener, org.springframework.boot.test.autoconfigure.webservices.client.MockWebServiceServerTestExecutionListener, org.springframework.boot.test.mock.mockito.MockitoTestExecutionListener, org.springframework.boot.test.mock.mockito.ResetMocksTestExecutionListener, org.springframework.test.context.web.ServletTestExecutionListener, org.springframework.test.context.support.DirtiesContextBeforeModesTestExecutionListener, org.springframework.test.context.event.ApplicationEventsTestExecutionListener, org.springframework.test.context.support.DependencyInjectionTestExecutionListener, org.springframework.test.context.support.DirtiesContextTestExecutionListener, org.springframework.test.context.transaction.TransactionalTestExecutionListener, org.springframework.test.context.jdbc.SqlScriptsTestExecutionListener, org.springframework.test.context.event.EventPublishingTestExecutionListener]
2022-09-04 21:44:04.792  INFO 4996 --- [    Test worker] t.a.d.m.DataMongoTestContextBootstrapper : Using TestExecutionListeners: [org.springframework.test.context.web.ServletTestExecutionListener@5a654e05, org.springframework.test.context.support.DirtiesContextBeforeModesTestExecutionListener@121dac1a, org.springframework.test.context.event.ApplicationEventsTestExecutionListener@6d946eee, org.springframework.boot.test.mock.mockito.MockitoTestExecutionListener@23dc70c1, org.springframework.boot.test.autoconfigure.SpringBootDependencyInjectionTestExecutionListener@53b907d9, org.springframework.test.context.support.DirtiesContextTestExecutionListener@2c3b0cc8, org.springframework.test.context.transaction.TransactionalTestExecutionListener@6296e4bf, org.springframework.test.context.jdbc.SqlScriptsTestExecutionListener@220cda54, org.springframework.test.context.event.EventPublishingTestExecutionListener@39109603, org.springframework.boot.test.autoconfigure.restdocs.RestDocsTestExecutionListener@4d3990a5, org.springframework.boot.test.autoconfigure.web.client.MockRestServiceServerResetTestExecutionListener@18df26a1, org.springframework.boot.test.autoconfigure.web.servlet.MockMvcPrintOnlyOnFailureTestExecutionListener@5c459194, org.springframework.boot.test.autoconfigure.web.servlet.WebDriverTestExecutionListener@61d8a491, org.springframework.boot.test.autoconfigure.webservices.client.MockWebServiceServerTestExecutionListener@6065bcb7, org.springframework.boot.test.mock.mockito.ResetMocksTestExecutionListener@1ee6434]
2022-09-04 21:44:04.813  INFO 4996 --- [    Test worker] c.f.s.data.dao.impl.IngredientDaoImpl    : save ingredient =Ingredient(id=null, name=마늘, recipes=null)
2022-09-04 21:44:04.850  INFO 4996 --- [    Test worker] c.f.s.data.dao.impl.IngredientDaoImpl    : save ingredient =Ingredient(id=null, name=마늘, recipes=null)
2022-09-04 21:44:04.882  INFO 4996 --- [    Test worker] c.f.s.data.dao.impl.IngredientDaoImpl    : delete ingredient =Ingredient(id=63149d9433f5e33dedf29f4e, name=마늘, recipes=[])
2022-09-04 21:44:04.891  INFO 4996 --- [    Test worker] c.f.s.data.dao.impl.IngredientDaoImpl    : delete ingredient =null
2022-09-04 21:44:04.905  INFO 4996 --- [    Test worker] c.f.s.data.dao.impl.IngredientDaoImpl    : save ingredient =Ingredient(id=null, name=마늘, recipes=null)
2022-09-04 21:44:04.913  INFO 4996 --- [    Test worker] c.f.s.data.dao.impl.IngredientDaoImpl    : update id=63149d9433f5e33dedf29f4f to ingredient =Ingredient(id=null, name=삼겹살, recipes=null)
updatedResponseDTO = com.fridgerescuer.springboot.data.dto.IngredientResponseDTO@5c215642
2022-09-04 21:44:04.940  INFO 4996 --- [    Test worker] c.f.s.data.dao.impl.IngredientDaoImpl    : save ingredient =Ingredient(id=null, name=마늘, recipes=null)
]]></system-out>
  <system-err><![CDATA[]]></system-err>
</testsuite>
