<?xml version="1.0" encoding="UTF-8"?>
<testsuite name="com.fridgerescuer.springboot.data.dao.CommentDaoTest" tests="4" skipped="0" failures="0" errors="0" timestamp="2022-09-04T12:44:02" hostname="DESKTOP-QT4MFI0" time="1.526">
  <properties/>
  <testcase name="평점 적용 테스트" classname="com.fridgerescuer.springboot.data.dao.CommentDaoTest" time="1.251"/>
  <testcase name="saveCommentWithMemberAndRecipe()" classname="com.fridgerescuer.springboot.data.dao.CommentDaoTest" time="0.068"/>
  <testcase name="deleteComment()" classname="com.fridgerescuer.springboot.data.dao.CommentDaoTest" time="0.1"/>
  <testcase name="updateCommentData()" classname="com.fridgerescuer.springboot.data.dao.CommentDaoTest" time="0.1"/>
  <system-out><![CDATA[21:43:55.779 [Test worker] DEBUG org.springframework.test.context.BootstrapUtils - Instantiating CacheAwareContextLoaderDelegate from class [org.springframework.test.context.cache.DefaultCacheAwareContextLoaderDelegate]
21:43:55.807 [Test worker] DEBUG org.springframework.test.context.BootstrapUtils - Instantiating BootstrapContext using constructor [public org.springframework.test.context.support.DefaultBootstrapContext(java.lang.Class,org.springframework.test.context.CacheAwareContextLoaderDelegate)]
21:43:55.906 [Test worker] DEBUG org.springframework.test.context.BootstrapUtils - Instantiating TestContextBootstrapper for test class [com.fridgerescuer.springboot.data.dao.CommentDaoTest] from class [org.springframework.boot.test.autoconfigure.data.mongo.DataMongoTestContextBootstrapper]
21:43:55.929 [Test worker] INFO org.springframework.boot.test.autoconfigure.data.mongo.DataMongoTestContextBootstrapper - Neither @ContextConfiguration nor @ContextHierarchy found for test class [com.fridgerescuer.springboot.data.dao.CommentDaoTest], using SpringBootContextLoader
21:43:55.938 [Test worker] DEBUG org.springframework.test.context.support.AbstractContextLoader - Did not detect default resource location for test class [com.fridgerescuer.springboot.data.dao.CommentDaoTest]: class path resource [com/fridgerescuer/springboot/data/dao/CommentDaoTest-context.xml] does not exist
21:43:55.941 [Test worker] DEBUG org.springframework.test.context.support.AbstractContextLoader - Did not detect default resource location for test class [com.fridgerescuer.springboot.data.dao.CommentDaoTest]: class path resource [com/fridgerescuer/springboot/data/dao/CommentDaoTestContext.groovy] does not exist
21:43:55.942 [Test worker] INFO org.springframework.test.context.support.AbstractContextLoader - Could not detect default resource locations for test class [com.fridgerescuer.springboot.data.dao.CommentDaoTest]: no resource found for suffixes {-context.xml, Context.groovy}.
21:43:55.944 [Test worker] INFO org.springframework.test.context.support.AnnotationConfigContextLoaderUtils - Could not detect default configuration classes for test class [com.fridgerescuer.springboot.data.dao.CommentDaoTest]: CommentDaoTest does not declare any static, non-private, non-final, nested classes annotated with @Configuration.
21:43:56.071 [Test worker] DEBUG org.springframework.test.context.support.ActiveProfilesUtils - Could not find an 'annotation declaring class' for annotation type [org.springframework.test.context.ActiveProfiles] and class [com.fridgerescuer.springboot.data.dao.CommentDaoTest]
21:43:56.181 [Test worker] DEBUG org.springframework.context.annotation.ClassPathScanningCandidateComponentProvider - Identified candidate component class: file [C:\Users\JIN\fridgerescuer\springboot\build\classes\java\main\com\fridgerescuer\springboot\SpringbootApplication.class]
21:43:56.183 [Test worker] INFO org.springframework.boot.test.context.SpringBootTestContextBootstrapper - Found @SpringBootConfiguration com.fridgerescuer.springboot.SpringbootApplication for test class com.fridgerescuer.springboot.data.dao.CommentDaoTest
21:43:56.188 [Test worker] DEBUG org.springframework.boot.test.autoconfigure.data.mongo.DataMongoTestContextBootstrapper - @TestExecutionListeners is not present for class [com.fridgerescuer.springboot.data.dao.CommentDaoTest]: using defaults.
21:43:56.189 [Test worker] INFO org.springframework.boot.test.autoconfigure.data.mongo.DataMongoTestContextBootstrapper - Loaded default TestExecutionListener class names from location [META-INF/spring.factories]: [org.springframework.boot.test.autoconfigure.restdocs.RestDocsTestExecutionListener, org.springframework.boot.test.autoconfigure.web.client.MockRestServiceServerResetTestExecutionListener, org.springframework.boot.test.autoconfigure.web.servlet.MockMvcPrintOnlyOnFailureTestExecutionListener, org.springframework.boot.test.autoconfigure.web.servlet.WebDriverTestExecutionListener, org.springframework.boot.test.autoconfigure.webservices.client.MockWebServiceServerTestExecutionListener, org.springframework.boot.test.mock.mockito.MockitoTestExecutionListener, org.springframework.boot.test.mock.mockito.ResetMocksTestExecutionListener, org.springframework.test.context.web.ServletTestExecutionListener, org.springframework.test.context.support.DirtiesContextBeforeModesTestExecutionListener, org.springframework.test.context.event.ApplicationEventsTestExecutionListener, org.springframework.test.context.support.DependencyInjectionTestExecutionListener, org.springframework.test.context.support.DirtiesContextTestExecutionListener, org.springframework.test.context.transaction.TransactionalTestExecutionListener, org.springframework.test.context.jdbc.SqlScriptsTestExecutionListener, org.springframework.test.context.event.EventPublishingTestExecutionListener]
21:43:56.216 [Test worker] INFO org.springframework.boot.test.autoconfigure.data.mongo.DataMongoTestContextBootstrapper - Using TestExecutionListeners: [org.springframework.test.context.web.ServletTestExecutionListener@62d363ab, org.springframework.test.context.support.DirtiesContextBeforeModesTestExecutionListener@7889a1ac, org.springframework.test.context.event.ApplicationEventsTestExecutionListener@3aee3976, org.springframework.boot.test.mock.mockito.MockitoTestExecutionListener@5ef8df1e, org.springframework.boot.test.autoconfigure.SpringBootDependencyInjectionTestExecutionListener@27cf3151, org.springframework.test.context.support.DirtiesContextTestExecutionListener@127e70c5, org.springframework.test.context.transaction.TransactionalTestExecutionListener@5910de75, org.springframework.test.context.jdbc.SqlScriptsTestExecutionListener@4108fa66, org.springframework.test.context.event.EventPublishingTestExecutionListener@1f130eaf, org.springframework.boot.test.autoconfigure.restdocs.RestDocsTestExecutionListener@7e0aadd0, org.springframework.boot.test.autoconfigure.web.client.MockRestServiceServerResetTestExecutionListener@21362712, org.springframework.boot.test.autoconfigure.web.servlet.MockMvcPrintOnlyOnFailureTestExecutionListener@27eb3298, org.springframework.boot.test.autoconfigure.web.servlet.WebDriverTestExecutionListener@200a26bc, org.springframework.boot.test.autoconfigure.webservices.client.MockWebServiceServerTestExecutionListener@bc57b40, org.springframework.boot.test.mock.mockito.ResetMocksTestExecutionListener@1b5bc39d]
21:43:56.222 [Test worker] DEBUG org.springframework.test.context.support.AbstractDirtiesContextTestExecutionListener - Before test class: context [DefaultTestContext@2a492f2a testClass = CommentDaoTest, testInstance = [null], testMethod = [null], testException = [null], mergedContextConfiguration = [MergedContextConfiguration@3277e499 testClass = CommentDaoTest, locations = '{}', classes = '{class com.fridgerescuer.springboot.SpringbootApplication}', contextInitializerClasses = '[]', activeProfiles = '{}', propertySourceLocations = '{}', propertySourceProperties = '{org.springframework.boot.test.autoconfigure.data.mongo.DataMongoTestContextBootstrapper=true}', contextCustomizers = set[org.springframework.boot.test.autoconfigure.OverrideAutoConfigurationContextCustomizerFactory$DisableAutoConfigurationContextCustomizer@34a1d21f, org.springframework.boot.test.autoconfigure.actuate.metrics.MetricsExportContextCustomizerFactory$DisableMetricExportContextCustomizer@6f0ca692, org.springframework.boot.test.autoconfigure.filter.TypeExcludeFiltersContextCustomizer@351584c0, org.springframework.boot.test.autoconfigure.properties.PropertyMappingContextCustomizer@edc5c090, org.springframework.boot.test.autoconfigure.web.servlet.WebDriverContextCustomizerFactory$Customizer@7a48e6e2, [ImportsContextCustomizer@585811a4 key = [org.springframework.boot.autoconfigure.cache.CacheAutoConfiguration, org.springframework.boot.autoconfigure.data.mongo.MongoDataAutoConfiguration, org.springframework.boot.autoconfigure.data.mongo.MongoReactiveDataAutoConfiguration, org.springframework.boot.autoconfigure.data.mongo.MongoReactiveRepositoriesAutoConfiguration, org.springframework.boot.autoconfigure.data.mongo.MongoRepositoriesAutoConfiguration, org.springframework.boot.autoconfigure.mongo.MongoAutoConfiguration, org.springframework.boot.autoconfigure.mongo.MongoReactiveAutoConfiguration, org.springframework.boot.autoconfigure.mongo.embedded.EmbeddedMongoAutoConfiguration, org.springframework.boot.autoconfigure.transaction.TransactionAutoConfiguration]], org.springframework.boot.test.context.filter.ExcludeFilterContextCustomizer@1a1da881, org.springframework.boot.test.json.DuplicateJsonObjectContextCustomizerFactory$DuplicateJsonObjectContextCustomizer@165b8a71, org.springframework.boot.test.mock.mockito.MockitoContextCustomizer@0, org.springframework.boot.test.context.SpringBootTestArgs@1, org.springframework.boot.test.context.SpringBootTestWebEnvironment@0], contextLoader = 'org.springframework.boot.test.context.SpringBootContextLoader', parent = [null]], attributes = map[[empty]]], class annotated with @DirtiesContext [false] with mode [null].
21:43:56.232 [Test worker] DEBUG org.springframework.test.context.support.DependencyInjectionTestExecutionListener - Performing dependency injection for test context [[DefaultTestContext@2a492f2a testClass = CommentDaoTest, testInstance = com.fridgerescuer.springboot.data.dao.CommentDaoTest@263f04ca, testMethod = [null], testException = [null], mergedContextConfiguration = [MergedContextConfiguration@3277e499 testClass = CommentDaoTest, locations = '{}', classes = '{class com.fridgerescuer.springboot.SpringbootApplication}', contextInitializerClasses = '[]', activeProfiles = '{}', propertySourceLocations = '{}', propertySourceProperties = '{org.springframework.boot.test.autoconfigure.data.mongo.DataMongoTestContextBootstrapper=true}', contextCustomizers = set[org.springframework.boot.test.autoconfigure.OverrideAutoConfigurationContextCustomizerFactory$DisableAutoConfigurationContextCustomizer@34a1d21f, org.springframework.boot.test.autoconfigure.actuate.metrics.MetricsExportContextCustomizerFactory$DisableMetricExportContextCustomizer@6f0ca692, org.springframework.boot.test.autoconfigure.filter.TypeExcludeFiltersContextCustomizer@351584c0, org.springframework.boot.test.autoconfigure.properties.PropertyMappingContextCustomizer@edc5c090, org.springframework.boot.test.autoconfigure.web.servlet.WebDriverContextCustomizerFactory$Customizer@7a48e6e2, [ImportsContextCustomizer@585811a4 key = [org.springframework.boot.autoconfigure.cache.CacheAutoConfiguration, org.springframework.boot.autoconfigure.data.mongo.MongoDataAutoConfiguration, org.springframework.boot.autoconfigure.data.mongo.MongoReactiveDataAutoConfiguration, org.springframework.boot.autoconfigure.data.mongo.MongoReactiveRepositoriesAutoConfiguration, org.springframework.boot.autoconfigure.data.mongo.MongoRepositoriesAutoConfiguration, org.springframework.boot.autoconfigure.mongo.MongoAutoConfiguration, org.springframework.boot.autoconfigure.mongo.MongoReactiveAutoConfiguration, org.springframework.boot.autoconfigure.mongo.embedded.EmbeddedMongoAutoConfiguration, org.springframework.boot.autoconfigure.transaction.TransactionAutoConfiguration]], org.springframework.boot.test.context.filter.ExcludeFilterContextCustomizer@1a1da881, org.springframework.boot.test.json.DuplicateJsonObjectContextCustomizerFactory$DuplicateJsonObjectContextCustomizer@165b8a71, org.springframework.boot.test.mock.mockito.MockitoContextCustomizer@0, org.springframework.boot.test.context.SpringBootTestArgs@1, org.springframework.boot.test.context.SpringBootTestWebEnvironment@0], contextLoader = 'org.springframework.boot.test.context.SpringBootContextLoader', parent = [null]], attributes = map['org.springframework.test.context.event.ApplicationEventsTestExecutionListener.recordApplicationEvents' -> false]]].

  .   ____          _            __ _ _
 /\\ / ___'_ __ _ _(_)_ __  __ _ \ \ \ \
( ( )\___ | '_ | '_| | '_ \/ _` | \ \ \ \
 \\/  ___)| |_)| | | | | || (_| |  ) ) ) )
  '  |____| .__|_| |_|_| |_\__, | / / / /
 =========|_|==============|___/=/_/_/_/
 :: Spring Boot ::                (v2.7.2)

2022-09-04 21:43:56.799  INFO 4996 --- [    Test worker] c.f.springboot.data.dao.CommentDaoTest   : Starting CommentDaoTest using Java 11.0.13 on DESKTOP-QT4MFI0 with PID 4996 (started by JIN in C:\Users\JIN\fridgerescuer\springboot)
2022-09-04 21:43:56.802  INFO 4996 --- [    Test worker] c.f.springboot.data.dao.CommentDaoTest   : No active profile set, falling back to 1 default profile: "default"
2022-09-04 21:43:58.253  INFO 4996 --- [    Test worker] .s.d.r.c.RepositoryConfigurationDelegate : Multiple Spring Data modules found, entering strict repository configuration mode
2022-09-04 21:43:58.254  INFO 4996 --- [    Test worker] .s.d.r.c.RepositoryConfigurationDelegate : Bootstrapping Spring Data MongoDB repositories in DEFAULT mode.
2022-09-04 21:43:58.523  INFO 4996 --- [    Test worker] .s.d.r.c.RepositoryConfigurationDelegate : Finished Spring Data repository scanning in 261 ms. Found 4 MongoDB repository interfaces.
2022-09-04 21:43:58.615  INFO 4996 --- [    Test worker] .s.d.r.c.RepositoryConfigurationDelegate : Multiple Spring Data modules found, entering strict repository configuration mode
2022-09-04 21:43:58.615  INFO 4996 --- [    Test worker] .s.d.r.c.RepositoryConfigurationDelegate : Bootstrapping Spring Data Reactive MongoDB repositories in DEFAULT mode.
2022-09-04 21:43:58.630  INFO 4996 --- [    Test worker] .s.d.r.c.RepositoryConfigurationDelegate : Finished Spring Data repository scanning in 14 ms. Found 0 Reactive MongoDB repository interfaces.
2022-09-04 21:43:59.854  INFO 4996 --- [       Thread-4] o.s.b.a.mongo.embedded.EmbeddedMongo     : {"t":{"$date":"2022-09-04T21:43:59.854+09:00"},"s":"I",  "c":"NETWORK",  "id":4915701, "ctx":"-","msg":"Initialized wire specification","attr":{"spec":{"incomingExternalClient":{"minWireVersion":0,"maxWireVersion":13},"incomingInternalClient":{"minWireVersion":0,"maxWireVersion":13},"outgoing":{"minWireVersion":0,"maxWireVersion":13},"isInternalClient":true}}}
2022-09-04 21:43:59.933  INFO 4996 --- [       Thread-4] o.s.b.a.mongo.embedded.EmbeddedMongo     : {"t":{"$date":"2022-09-04T21:43:59.933+09:00"},"s":"I",  "c":"CONTROL",  "id":23285,   "ctx":"main","msg":"Automatically disabling TLS 1.0, to force-enable TLS 1.0 specify --sslDisabledProtocols 'none'"}
2022-09-04 21:43:59.936  INFO 4996 --- [       Thread-4] o.s.b.a.mongo.embedded.EmbeddedMongo     : {"t":{"$date":"2022-09-04T21:43:59.936+09:00"},"s":"W",  "c":"ASIO",     "id":22601,   "ctx":"main","msg":"No TransportLayer configured during NetworkInterface startup"}
2022-09-04 21:43:59.937  INFO 4996 --- [       Thread-4] o.s.b.a.mongo.embedded.EmbeddedMongo     : {"t":{"$date":"2022-09-04T21:43:59.937+09:00"},"s":"I",  "c":"NETWORK",  "id":4648602, "ctx":"main","msg":"Implicit TCP FastOpen in use."}
2022-09-04 21:43:59.941  INFO 4996 --- [       Thread-4] o.s.b.a.mongo.embedded.EmbeddedMongo     : {"t":{"$date":"2022-09-04T21:43:59.941+09:00"},"s":"W",  "c":"ASIO",     "id":22601,   "ctx":"main","msg":"No TransportLayer configured during NetworkInterface startup"}
2022-09-04 21:43:59.941  INFO 4996 --- [       Thread-4] o.s.b.a.mongo.embedded.EmbeddedMongo     : {"t":{"$date":"2022-09-04T21:43:59.941+09:00"},"s":"I",  "c":"REPL",     "id":5123008, "ctx":"main","msg":"Successfully registered PrimaryOnlyService","attr":{"service":"TenantMigrationDonorService","ns":"config.tenantMigrationDonors"}}
2022-09-04 21:43:59.941  INFO 4996 --- [       Thread-4] o.s.b.a.mongo.embedded.EmbeddedMongo     : {"t":{"$date":"2022-09-04T21:43:59.941+09:00"},"s":"I",  "c":"REPL",     "id":5123008, "ctx":"main","msg":"Successfully registered PrimaryOnlyService","attr":{"service":"TenantMigrationRecipientService","ns":"config.tenantMigrationRecipients"}}
2022-09-04 21:43:59.942  INFO 4996 --- [       Thread-4] o.s.b.a.mongo.embedded.EmbeddedMongo     : {"t":{"$date":"2022-09-04T21:43:59.942+09:00"},"s":"I",  "c":"CONTROL",  "id":5945603, "ctx":"main","msg":"Multi threading initialized"}
2022-09-04 21:43:59.943  INFO 4996 --- [       Thread-4] o.s.b.a.mongo.embedded.EmbeddedMongo     : {"t":{"$date":"2022-09-04T21:43:59.943+09:00"},"s":"I",  "c":"CONTROL",  "id":4615611, "ctx":"initandlisten","msg":"MongoDB starting","attr":{"pid":17420,"port":64401,"dbPath":"C:/Users/JIN/AppData/Local/Temp/embedmongo-db-a5759379-83ce-4ff3-bcf5-472a50ef2352","architecture":"64-bit","host":"DESKTOP-QT4MFI0"}}
2022-09-04 21:43:59.943  INFO 4996 --- [       Thread-4] o.s.b.a.mongo.embedded.EmbeddedMongo     : {"t":{"$date":"2022-09-04T21:43:59.943+09:00"},"s":"I",  "c":"CONTROL",  "id":23398,   "ctx":"initandlisten","msg":"Target operating system minimum version","attr":{"targetMinOS":"Windows 7/Windows Server 2008 R2"}}
2022-09-04 21:43:59.944  INFO 4996 --- [       Thread-4] o.s.b.a.mongo.embedded.EmbeddedMongo     : {"t":{"$date":"2022-09-04T21:43:59.943+09:00"},"s":"I",  "c":"CONTROL",  "id":23403,   "ctx":"initandlisten","msg":"Build Info","attr":{"buildInfo":{"version":"5.0.5","gitVersion":"d65fd89df3fc039b5c55933c0f71d647a54510ae","modules":[],"allocator":"tcmalloc","environment":{"distmod":"windows","distarch":"x86_64","target_arch":"x86_64"}}}}
2022-09-04 21:43:59.944  INFO 4996 --- [       Thread-4] o.s.b.a.mongo.embedded.EmbeddedMongo     : {"t":{"$date":"2022-09-04T21:43:59.943+09:00"},"s":"I",  "c":"CONTROL",  "id":51765,   "ctx":"initandlisten","msg":"Operating System","attr":{"os":{"name":"Microsoft Windows 10","version":"10.0 (build 22000)"}}}
2022-09-04 21:43:59.945  INFO 4996 --- [       Thread-4] o.s.b.a.mongo.embedded.EmbeddedMongo     : {"t":{"$date":"2022-09-04T21:43:59.943+09:00"},"s":"I",  "c":"CONTROL",  "id":21951,   "ctx":"initandlisten","msg":"Options set by command line","attr":{"options":{"net":{"bindIp":"127.0.0.1","port":64401},"security":{"authorization":"disabled"},"storage":{"dbPath":"C:\\Users\\JIN\\AppData\\Local\\Temp\\embedmongo-db-a5759379-83ce-4ff3-bcf5-472a50ef2352","journal":{"enabled":false},"syncPeriodSecs":0}}}}
2022-09-04 21:43:59.947  INFO 4996 --- [       Thread-4] o.s.b.a.mongo.embedded.EmbeddedMongo     : {"t":{"$date":"2022-09-04T21:43:59.947+09:00"},"s":"I",  "c":"STORAGE",  "id":22315,   "ctx":"initandlisten","msg":"Opening WiredTiger","attr":{"config":"create,cache_size=7619M,session_max=33000,eviction=(threads_min=4,threads_max=4),config_base=false,statistics=(fast),log=(enabled=true,archive=true,path=journal,compressor=snappy),builtin_extension_config=(zstd=(compression_level=6)),file_manager=(close_idle_time=600,close_scan_interval=10,close_handle_minimum=250),statistics_log=(wait=0),verbose=[recovery_progress,checkpoint_progress,compact_progress],,log=(enabled=false),"}}
2022-09-04 21:43:59.978  INFO 4996 --- [       Thread-4] o.s.b.a.mongo.embedded.EmbeddedMongo     : {"t":{"$date":"2022-09-04T21:43:59.978+09:00"},"s":"I",  "c":"STORAGE",  "id":22430,   "ctx":"initandlisten","msg":"WiredTiger message","attr":{"message":"[1662295439:978415][17420:140709834416496], txn-recover: [WT_VERB_RECOVERY_ALL] Set global recovery timestamp: (0, 0)"}}
2022-09-04 21:43:59.978  INFO 4996 --- [       Thread-4] o.s.b.a.mongo.embedded.EmbeddedMongo     : {"t":{"$date":"2022-09-04T21:43:59.978+09:00"},"s":"I",  "c":"STORAGE",  "id":22430,   "ctx":"initandlisten","msg":"WiredTiger message","attr":{"message":"[1662295439:978415][17420:140709834416496], txn-recover: [WT_VERB_RECOVERY_ALL] Set global oldest timestamp: (0, 0)"}}
2022-09-04 21:43:59.996  INFO 4996 --- [       Thread-4] o.s.b.a.mongo.embedded.EmbeddedMongo     : {"t":{"$date":"2022-09-04T21:43:59.996+09:00"},"s":"I",  "c":"STORAGE",  "id":4795906, "ctx":"initandlisten","msg":"WiredTiger opened","attr":{"durationMillis":48}}
2022-09-04 21:43:59.996  INFO 4996 --- [       Thread-4] o.s.b.a.mongo.embedded.EmbeddedMongo     : {"t":{"$date":"2022-09-04T21:43:59.996+09:00"},"s":"I",  "c":"RECOVERY", "id":23987,   "ctx":"initandlisten","msg":"WiredTiger recoveryTimestamp","attr":{"recoveryTimestamp":{"$timestamp":{"t":0,"i":0}}}}
2022-09-04 21:44:00.021  INFO 4996 --- [       Thread-4] o.s.b.a.mongo.embedded.EmbeddedMongo     : {"t":{"$date":"2022-09-04T21:44:00.021+09:00"},"s":"I",  "c":"STORAGE",  "id":4366408, "ctx":"initandlisten","msg":"No table logging settings modifications are required for existing WiredTiger tables","attr":{"loggingEnabled":true}}
2022-09-04 21:44:00.021  INFO 4996 --- [       Thread-4] o.s.b.a.mongo.embedded.EmbeddedMongo     : {"t":{"$date":"2022-09-04T21:44:00.022+09:00"},"s":"I",  "c":"STORAGE",  "id":22262,   "ctx":"initandlisten","msg":"Timestamp monitor starting"}
2022-09-04 21:44:00.030  INFO 4996 --- [       Thread-4] o.s.b.a.mongo.embedded.EmbeddedMongo     : {"t":{"$date":"2022-09-04T21:44:00.031+09:00"},"s":"I",  "c":"STORAGE",  "id":20320,   "ctx":"initandlisten","msg":"createCollection","attr":{"namespace":"admin.system.version","uuidDisposition":"provided","uuid":{"uuid":{"$uuid":"53cea2ba-67fb-4dbf-8fa8-4d5419415414"}},"options":{"uuid":{"$uuid":"53cea2ba-67fb-4dbf-8fa8-4d5419415414"}}}}
2022-09-04 21:44:00.051  INFO 4996 --- [       Thread-4] o.s.b.a.mongo.embedded.EmbeddedMongo     : {"t":{"$date":"2022-09-04T21:44:00.051+09:00"},"s":"I",  "c":"INDEX",    "id":20345,   "ctx":"initandlisten","msg":"Index build: done building","attr":{"buildUUID":null,"namespace":"admin.system.version","index":"_id_","commitTimestamp":null}}
2022-09-04 21:44:00.052  INFO 4996 --- [       Thread-4] o.s.b.a.mongo.embedded.EmbeddedMongo     : {"t":{"$date":"2022-09-04T21:44:00.052+09:00"},"s":"I",  "c":"REPL",     "id":20459,   "ctx":"initandlisten","msg":"Setting featureCompatibilityVersion","attr":{"newVersion":"5.0"}}
2022-09-04 21:44:00.052  INFO 4996 --- [       Thread-4] o.s.b.a.mongo.embedded.EmbeddedMongo     : {"t":{"$date":"2022-09-04T21:44:00.052+09:00"},"s":"I",  "c":"NETWORK",  "id":4915702, "ctx":"initandlisten","msg":"Updated wire specification","attr":{"oldSpec":{"incomingExternalClient":{"minWireVersion":0,"maxWireVersion":13},"incomingInternalClient":{"minWireVersion":0,"maxWireVersion":13},"outgoing":{"minWireVersion":0,"maxWireVersion":13},"isInternalClient":true},"newSpec":{"incomingExternalClient":{"minWireVersion":0,"maxWireVersion":13},"incomingInternalClient":{"minWireVersion":13,"maxWireVersion":13},"outgoing":{"minWireVersion":13,"maxWireVersion":13},"isInternalClient":true}}}
2022-09-04 21:44:00.052  INFO 4996 --- [       Thread-4] o.s.b.a.mongo.embedded.EmbeddedMongo     : {"t":{"$date":"2022-09-04T21:44:00.052+09:00"},"s":"I",  "c":"NETWORK",  "id":4915702, "ctx":"initandlisten","msg":"Updated wire specification","attr":{"oldSpec":{"incomingExternalClient":{"minWireVersion":0,"maxWireVersion":13},"incomingInternalClient":{"minWireVersion":13,"maxWireVersion":13},"outgoing":{"minWireVersion":13,"maxWireVersion":13},"isInternalClient":true},"newSpec":{"incomingExternalClient":{"minWireVersion":0,"maxWireVersion":13},"incomingInternalClient":{"minWireVersion":13,"maxWireVersion":13},"outgoing":{"minWireVersion":13,"maxWireVersion":13},"isInternalClient":true}}}
2022-09-04 21:44:00.053  INFO 4996 --- [       Thread-4] o.s.b.a.mongo.embedded.EmbeddedMongo     : {"t":{"$date":"2022-09-04T21:44:00.053+09:00"},"s":"I",  "c":"STORAGE",  "id":5071100, "ctx":"initandlisten","msg":"Clearing temp directory"}
2022-09-04 21:44:00.053  INFO 4996 --- [       Thread-4] o.s.b.a.mongo.embedded.EmbeddedMongo     : {"t":{"$date":"2022-09-04T21:44:00.053+09:00"},"s":"I",  "c":"CONTROL",  "id":20536,   "ctx":"initandlisten","msg":"Flow Control is enabled on this deployment"}
2022-09-04 21:44:00.809  INFO 4996 --- [       Thread-4] o.s.b.a.mongo.embedded.EmbeddedMongo     : {"t":{"$date":"2022-09-04T21:44:00.810+09:00"},"s":"I",  "c":"FTDC",     "id":20625,   "ctx":"initandlisten","msg":"Initializing full-time diagnostic data capture","attr":{"dataDirectory":"C:/Users/JIN/AppData/Local/Temp/embedmongo-db-a5759379-83ce-4ff3-bcf5-472a50ef2352/diagnostic.data"}}
2022-09-04 21:44:00.810  INFO 4996 --- [       Thread-4] o.s.b.a.mongo.embedded.EmbeddedMongo     : {"t":{"$date":"2022-09-04T21:44:00.810+09:00"},"s":"I",  "c":"STORAGE",  "id":20320,   "ctx":"initandlisten","msg":"createCollection","attr":{"namespace":"local.startup_log","uuidDisposition":"generated","uuid":{"uuid":{"$uuid":"581a6e60-048f-474e-b787-97a34424fcea"}},"options":{"capped":true,"size":10485760}}}
2022-09-04 21:44:00.831  INFO 4996 --- [       Thread-4] o.s.b.a.mongo.embedded.EmbeddedMongo     : {"t":{"$date":"2022-09-04T21:44:00.831+09:00"},"s":"I",  "c":"INDEX",    "id":20345,   "ctx":"initandlisten","msg":"Index build: done building","attr":{"buildUUID":null,"namespace":"local.startup_log","index":"_id_","commitTimestamp":null}}
2022-09-04 21:44:00.833  INFO 4996 --- [       Thread-4] o.s.b.a.mongo.embedded.EmbeddedMongo     : {"t":{"$date":"2022-09-04T21:44:00.831+09:00"},"s":"I",  "c":"REPL",     "id":6015317, "ctx":"initandlisten","msg":"Setting new configuration state","attr":{"newState":"ConfigReplicationDisabled","oldState":"ConfigPreStart"}}
2022-09-04 21:44:00.834  INFO 4996 --- [       Thread-4] o.s.b.a.mongo.embedded.EmbeddedMongo     : {"t":{"$date":"2022-09-04T21:44:00.834+09:00"},"s":"I",  "c":"NETWORK",  "id":23015,   "ctx":"listener","msg":"Listening on","attr":{"address":"127.0.0.1"}}
2022-09-04 21:44:00.834  INFO 4996 --- [       Thread-4] o.s.b.a.mongo.embedded.EmbeddedMongo     : {"t":{"$date":"2022-09-04T21:44:00.834+09:00"},"s":"I",  "c":"NETWORK",  "id":23016,   "ctx":"listener","msg":"Waiting for connections","attr":{"port":64401,"ssl":"off"}}
2022-09-04 21:44:00.834  INFO 4996 --- [       Thread-4] o.s.b.a.mongo.embedded.EmbeddedMongo     : {"t":{"$date":"2022-09-04T21:44:00.835+09:00"},"s":"I",  "c":"CONTROL",  "id":20712,   "ctx":"LogicalSessionCacheReap","msg":"Sessions collection is not set up; waiting until next sessions reap interval","attr":{"error":"NamespaceNotFound: config.system.sessions does not exist"}}
2022-09-04 21:44:00.834  INFO 4996 --- [    Test worker] d.f.embed.mongo.MongodExecutable         : start MongodConfig{version=Version{5.0.5}, timeout=de.flapdoodle.embed.mongo.config.Timeout@265a094b, net=de.flapdoodle.embed.mongo.config.Net@1f536481, cmdOptions=MongoCmdOptions{syncDelay=0, useDefaultSyncDelay=false, isVerbose=false, useNoPrealloc=true, useSmallFiles=true, useNoJournal=true, enableTextSearch=false, auth=false, master=false}, password=, userName=, replication=de.flapdoodle.embed.mongo.config.Storage@5234b61a, isConfigServer=false, isShardServer=false, processListener=de.flapdoodle.embed.mongo.config.processlistener.NoopProcessListener@22a260ff, params={}, args={}, pidFile=mongod.pid, supportConfig=de.flapdoodle.embed.mongo.config.SupportConfig@54c425b1}
2022-09-04 21:44:00.835  INFO 4996 --- [       Thread-4] o.s.b.a.mongo.embedded.EmbeddedMongo     : {"t":{"$date":"2022-09-04T21:44:00.835+09:00"},"s":"I",  "c":"STORAGE",  "id":20320,   "ctx":"LogicalSessionCacheRefresh","msg":"createCollection","attr":{"namespace":"config.system.sessions","uuidDisposition":"generated","uuid":{"uuid":{"$uuid":"0e3336c7-f2d6-45cc-8010-4bf9285985f6"}},"options":{}}}
2022-09-04 21:44:00.870  INFO 4996 --- [       Thread-4] o.s.b.a.mongo.embedded.EmbeddedMongo     : {"t":{"$date":"2022-09-04T21:44:00.870+09:00"},"s":"I",  "c":"INDEX",    "id":20345,   "ctx":"LogicalSessionCacheRefresh","msg":"Index build: done building","attr":{"buildUUID":null,"namespace":"config.system.sessions","index":"_id_","commitTimestamp":null}}
2022-09-04 21:44:00.870  INFO 4996 --- [       Thread-4] o.s.b.a.mongo.embedded.EmbeddedMongo     : {"t":{"$date":"2022-09-04T21:44:00.870+09:00"},"s":"I",  "c":"INDEX",    "id":20345,   "ctx":"LogicalSessionCacheRefresh","msg":"Index build: done building","attr":{"buildUUID":null,"namespace":"config.system.sessions","index":"lsidTTLIndex","commitTimestamp":null}}
2022-09-04 21:44:01.051  INFO 4996 --- [       Thread-4] o.s.b.a.mongo.embedded.EmbeddedMongo     : {"t":{"$date":"2022-09-04T21:44:01.052+09:00"},"s":"I",  "c":"NETWORK",  "id":22943,   "ctx":"listener","msg":"Connection accepted","attr":{"remote":"127.0.0.1:64402","uuid":"0e2a9292-4b44-485b-871d-d79856197c4b","connectionId":1,"connectionCount":1}}
2022-09-04 21:44:01.052  INFO 4996 --- [       Thread-4] o.s.b.a.mongo.embedded.EmbeddedMongo     : {"t":{"$date":"2022-09-04T21:44:01.053+09:00"},"s":"I",  "c":"NETWORK",  "id":22943,   "ctx":"listener","msg":"Connection accepted","attr":{"remote":"127.0.0.1:64403","uuid":"1261ac32-1dca-4c0e-b129-7be244bea261","connectionId":2,"connectionCount":2}}
2022-09-04 21:44:01.073  INFO 4996 --- [       Thread-4] o.s.b.a.mongo.embedded.EmbeddedMongo     : {"t":{"$date":"2022-09-04T21:44:01.073+09:00"},"s":"I",  "c":"NETWORK",  "id":51800,   "ctx":"conn1","msg":"client metadata","attr":{"remote":"127.0.0.1:64402","client":"conn1","doc":{"driver":{"name":"mongo-java-driver|sync|spring-boot","version":"4.6.1"},"os":{"type":"Windows","name":"Windows 10","architecture":"amd64","version":"10.0"},"platform":"Java/Oracle Corporation/11.0.13+10-LTS-370"}}}
2022-09-04 21:44:01.074  INFO 4996 --- [       Thread-4] o.s.b.a.mongo.embedded.EmbeddedMongo     : {"t":{"$date":"2022-09-04T21:44:01.073+09:00"},"s":"I",  "c":"NETWORK",  "id":51800,   "ctx":"conn2","msg":"client metadata","attr":{"remote":"127.0.0.1:64403","client":"conn2","doc":{"driver":{"name":"mongo-java-driver|sync|spring-boot","version":"4.6.1"},"os":{"type":"Windows","name":"Windows 10","architecture":"amd64","version":"10.0"},"platform":"Java/Oracle Corporation/11.0.13+10-LTS-370"}}}
2022-09-04 21:44:01.076  INFO 4996 --- [    Test worker] org.mongodb.driver.client                : MongoClient with metadata {"driver": {"name": "mongo-java-driver|sync|spring-boot", "version": "4.6.1"}, "os": {"type": "Windows", "name": "Windows 10", "architecture": "amd64", "version": "10.0"}, "platform": "Java/Oracle Corporation/11.0.13+10-LTS-370"} created with settings MongoClientSettings{readPreference=primary, writeConcern=WriteConcern{w=null, wTimeout=null ms, journal=null}, retryWrites=true, retryReads=true, readConcern=ReadConcern{level=null}, credential=null, streamFactoryFactory=null, commandListeners=[], codecRegistry=ProvidersCodecRegistry{codecProviders=[ValueCodecProvider{}, BsonValueCodecProvider{}, DBRefCodecProvider{}, DBObjectCodecProvider{}, DocumentCodecProvider{}, IterableCodecProvider{}, MapCodecProvider{}, GeoJsonCodecProvider{}, GridFSFileCodecProvider{}, Jsr310CodecProvider{}, JsonObjectCodecProvider{}, BsonCodecProvider{}, EnumCodecProvider{}, com.mongodb.Jep395RecordCodecProvider@251a90ce]}, clusterSettings={hosts=[localhost:64401], srvServiceName=mongodb, mode=SINGLE, requiredClusterType=UNKNOWN, requiredReplicaSetName='null', serverSelector='null', clusterListeners='[]', serverSelectionTimeout='30000 ms', localThreshold='30000 ms'}, socketSettings=SocketSettings{connectTimeoutMS=10000, readTimeoutMS=0, receiveBufferSize=0, sendBufferSize=0}, heartbeatSocketSettings=SocketSettings{connectTimeoutMS=10000, readTimeoutMS=10000, receiveBufferSize=0, sendBufferSize=0}, connectionPoolSettings=ConnectionPoolSettings{maxSize=100, minSize=0, maxWaitTimeMS=120000, maxConnectionLifeTimeMS=0, maxConnectionIdleTimeMS=0, maintenanceInitialDelayMS=0, maintenanceFrequencyMS=60000, connectionPoolListeners=[], maxConnecting=2}, serverSettings=ServerSettings{heartbeatFrequencyMS=10000, minHeartbeatFrequencyMS=500, serverListeners='[]', serverMonitorListeners='[]'}, sslSettings=SslSettings{enabled=false, invalidHostNameAllowed=false, context=null}, applicationName='null', compressorList=[], uuidRepresentation=JAVA_LEGACY, serverApi=null, autoEncryptionSettings=null, contextProvider=null}
2022-09-04 21:44:01.097  INFO 4996 --- [localhost:64401] org.mongodb.driver.connection            : Opened connection [connectionId{localValue:1, serverValue:1}] to localhost:64401
2022-09-04 21:44:01.097  INFO 4996 --- [localhost:64401] org.mongodb.driver.connection            : Opened connection [connectionId{localValue:2, serverValue:2}] to localhost:64401
2022-09-04 21:44:01.098  INFO 4996 --- [localhost:64401] org.mongodb.driver.cluster               : Monitor thread successfully connected to server with description ServerDescription{address=localhost:64401, type=STANDALONE, state=CONNECTED, ok=true, minWireVersion=0, maxWireVersion=13, maxDocumentSize=16777216, logicalSessionTimeoutMinutes=30, roundTripTimeNanos=43692800}
2022-09-04 21:44:02.648  INFO 4996 --- [       Thread-4] o.s.b.a.mongo.embedded.EmbeddedMongo     : {"t":{"$date":"2022-09-04T21:44:02.647+09:00"},"s":"I",  "c":"NETWORK",  "id":22943,   "ctx":"listener","msg":"Connection accepted","attr":{"remote":"127.0.0.1:64405","uuid":"b78bd248-5cfa-4b8b-abc0-116e4ae3f5a5","connectionId":3,"connectionCount":3}}
2022-09-04 21:44:02.649  INFO 4996 --- [       Thread-4] o.s.b.a.mongo.embedded.EmbeddedMongo     : {"t":{"$date":"2022-09-04T21:44:02.648+09:00"},"s":"I",  "c":"NETWORK",  "id":22943,   "ctx":"listener","msg":"Connection accepted","attr":{"remote":"127.0.0.1:64404","uuid":"622e344e-f7bf-4510-a683-b5df80b118e0","connectionId":4,"connectionCount":4}}
2022-09-04 21:44:02.649  INFO 4996 --- [    Test worker] org.mongodb.driver.client                : MongoClient with metadata {"driver": {"name": "mongo-java-driver|reactive-streams|spring-boot", "version": "4.6.1"}, "os": {"type": "Windows", "name": "Windows 10", "architecture": "amd64", "version": "10.0"}, "platform": "Java/Oracle Corporation/11.0.13+10-LTS-370"} created with settings MongoClientSettings{readPreference=primary, writeConcern=WriteConcern{w=null, wTimeout=null ms, journal=null}, retryWrites=true, retryReads=true, readConcern=ReadConcern{level=null}, credential=null, streamFactoryFactory=null, commandListeners=[], codecRegistry=ProvidersCodecRegistry{codecProviders=[ValueCodecProvider{}, BsonValueCodecProvider{}, DBRefCodecProvider{}, DBObjectCodecProvider{}, DocumentCodecProvider{}, IterableCodecProvider{}, MapCodecProvider{}, GeoJsonCodecProvider{}, GridFSFileCodecProvider{}, Jsr310CodecProvider{}, JsonObjectCodecProvider{}, BsonCodecProvider{}, EnumCodecProvider{}, com.mongodb.Jep395RecordCodecProvider@251a90ce]}, clusterSettings={hosts=[localhost:64401], srvServiceName=mongodb, mode=SINGLE, requiredClusterType=UNKNOWN, requiredReplicaSetName='null', serverSelector='null', clusterListeners='[]', serverSelectionTimeout='30000 ms', localThreshold='30000 ms'}, socketSettings=SocketSettings{connectTimeoutMS=10000, readTimeoutMS=0, receiveBufferSize=0, sendBufferSize=0}, heartbeatSocketSettings=SocketSettings{connectTimeoutMS=10000, readTimeoutMS=10000, receiveBufferSize=0, sendBufferSize=0}, connectionPoolSettings=ConnectionPoolSettings{maxSize=100, minSize=0, maxWaitTimeMS=120000, maxConnectionLifeTimeMS=0, maxConnectionIdleTimeMS=0, maintenanceInitialDelayMS=0, maintenanceFrequencyMS=60000, connectionPoolListeners=[], maxConnecting=2}, serverSettings=ServerSettings{heartbeatFrequencyMS=10000, minHeartbeatFrequencyMS=500, serverListeners='[]', serverMonitorListeners='[]'}, sslSettings=SslSettings{enabled=false, invalidHostNameAllowed=false, context=null}, applicationName='null', compressorList=[], uuidRepresentation=JAVA_LEGACY, serverApi=null, autoEncryptionSettings=null, contextProvider=null}
2022-09-04 21:44:02.657  INFO 4996 --- [       Thread-4] o.s.b.a.mongo.embedded.EmbeddedMongo     : {"t":{"$date":"2022-09-04T21:44:02.657+09:00"},"s":"I",  "c":"NETWORK",  "id":51800,   "ctx":"conn4","msg":"client metadata","attr":{"remote":"127.0.0.1:64404","client":"conn4","doc":{"driver":{"name":"mongo-java-driver|reactive-streams|spring-boot","version":"4.6.1"},"os":{"type":"Windows","name":"Windows 10","architecture":"amd64","version":"10.0"},"platform":"Java/Oracle Corporation/11.0.13+10-LTS-370"}}}
2022-09-04 21:44:02.658  INFO 4996 --- [       Thread-4] o.s.b.a.mongo.embedded.EmbeddedMongo     : {"t":{"$date":"2022-09-04T21:44:02.657+09:00"},"s":"I",  "c":"NETWORK",  "id":51800,   "ctx":"conn3","msg":"client metadata","attr":{"remote":"127.0.0.1:64405","client":"conn3","doc":{"driver":{"name":"mongo-java-driver|reactive-streams|spring-boot","version":"4.6.1"},"os":{"type":"Windows","name":"Windows 10","architecture":"amd64","version":"10.0"},"platform":"Java/Oracle Corporation/11.0.13+10-LTS-370"}}}
2022-09-04 21:44:02.664  INFO 4996 --- [localhost:64401] org.mongodb.driver.connection            : Opened connection [connectionId{localValue:3, serverValue:4}] to localhost:64401
2022-09-04 21:44:02.665  INFO 4996 --- [localhost:64401] org.mongodb.driver.cluster               : Monitor thread successfully connected to server with description ServerDescription{address=localhost:64401, type=STANDALONE, state=CONNECTED, ok=true, minWireVersion=0, maxWireVersion=13, maxDocumentSize=16777216, logicalSessionTimeoutMinutes=30, roundTripTimeNanos=13779500}
2022-09-04 21:44:02.670  INFO 4996 --- [localhost:64401] org.mongodb.driver.connection            : Opened connection [connectionId{localValue:4, serverValue:3}] to localhost:64401
2022-09-04 21:44:02.828  INFO 4996 --- [    Test worker] c.f.springboot.data.dao.CommentDaoTest   : Started CommentDaoTest in 6.545 seconds (JVM running for 9.403)
2022-09-04 21:44:02.831  INFO 4996 --- [    Test worker] c.f.springboot.SpringbootApplication     : ==서버 초기 동작 시작==
2022-09-04 21:44:02.831  INFO 4996 --- [    Test worker] c.f.springboot.SpringbootApplication     : ==서버 초기 동작 끝~==
2022-09-04 21:44:03.461  INFO 4996 --- [       Thread-4] o.s.b.a.mongo.embedded.EmbeddedMongo     : {"t":{"$date":"2022-09-04T21:44:03.462+09:00"},"s":"I",  "c":"NETWORK",  "id":22943,   "ctx":"listener","msg":"Connection accepted","attr":{"remote":"127.0.0.1:64406","uuid":"9d50929c-a988-45a6-a6f3-4eaf87a9d35d","connectionId":5,"connectionCount":5}}
2022-09-04 21:44:03.462  INFO 4996 --- [       Thread-4] o.s.b.a.mongo.embedded.EmbeddedMongo     : {"t":{"$date":"2022-09-04T21:44:03.462+09:00"},"s":"I",  "c":"NETWORK",  "id":51800,   "ctx":"conn5","msg":"client metadata","attr":{"remote":"127.0.0.1:64406","client":"conn5","doc":{"driver":{"name":"mongo-java-driver|sync|spring-boot","version":"4.6.1"},"os":{"type":"Windows","name":"Windows 10","architecture":"amd64","version":"10.0"},"platform":"Java/Oracle Corporation/11.0.13+10-LTS-370"}}}
2022-09-04 21:44:03.463  INFO 4996 --- [    Test worker] org.mongodb.driver.connection            : Opened connection [connectionId{localValue:5, serverValue:5}] to localhost:64401
2022-09-04 21:44:03.565  INFO 4996 --- [       Thread-4] o.s.b.a.mongo.embedded.EmbeddedMongo     : {"t":{"$date":"2022-09-04T21:44:03.565+09:00"},"s":"I",  "c":"STORAGE",  "id":20320,   "ctx":"conn5","msg":"createCollection","attr":{"namespace":"test.recipe","uuidDisposition":"generated","uuid":{"uuid":{"$uuid":"19eae7b3-6dcf-43af-b334-e3712a8a0e80"}},"options":{}}}
2022-09-04 21:44:03.587  INFO 4996 --- [       Thread-4] o.s.b.a.mongo.embedded.EmbeddedMongo     : {"t":{"$date":"2022-09-04T21:44:03.587+09:00"},"s":"I",  "c":"INDEX",    "id":20345,   "ctx":"conn5","msg":"Index build: done building","attr":{"buildUUID":null,"namespace":"test.recipe","index":"_id_","commitTimestamp":null}}
2022-09-04 21:44:03.602  INFO 4996 --- [       Thread-4] o.s.b.a.mongo.embedded.EmbeddedMongo     : {"t":{"$date":"2022-09-04T21:44:03.602+09:00"},"s":"I",  "c":"STORAGE",  "id":20320,   "ctx":"conn5","msg":"createCollection","attr":{"namespace":"test.member","uuidDisposition":"generated","uuid":{"uuid":{"$uuid":"93ac8dee-d506-478a-816d-48d9671b0aa2"}},"options":{}}}
2022-09-04 21:44:03.623  INFO 4996 --- [       Thread-4] o.s.b.a.mongo.embedded.EmbeddedMongo     : {"t":{"$date":"2022-09-04T21:44:03.623+09:00"},"s":"I",  "c":"INDEX",    "id":20345,   "ctx":"conn5","msg":"Index build: done building","attr":{"buildUUID":null,"namespace":"test.member","index":"_id_","commitTimestamp":null}}
2022-09-04 21:44:03.630  INFO 4996 --- [       Thread-4] o.s.b.a.mongo.embedded.EmbeddedMongo     : {"t":{"$date":"2022-09-04T21:44:03.630+09:00"},"s":"I",  "c":"STORAGE",  "id":20320,   "ctx":"conn5","msg":"createCollection","attr":{"namespace":"test.comment","uuidDisposition":"generated","uuid":{"uuid":{"$uuid":"e43e78fe-a809-46a6-87cc-bc779a57562d"}},"options":{}}}
2022-09-04 21:44:03.653  INFO 4996 --- [       Thread-4] o.s.b.a.mongo.embedded.EmbeddedMongo     : {"t":{"$date":"2022-09-04T21:44:03.653+09:00"},"s":"I",  "c":"INDEX",    "id":20345,   "ctx":"conn5","msg":"Index build: done building","attr":{"buildUUID":null,"namespace":"test.comment","index":"_id_","commitTimestamp":null}}
2022-09-04 21:44:03.677  INFO 4996 --- [    Test worker] c.f.s.data.dao.impl.MemberDaoImpl        : addCommentToMember memberId=63149d9333f5e33dedf29f3a
2022-09-04 21:44:03.790  INFO 4996 --- [    Test worker] c.f.s.data.dao.impl.RecipeDaoImpl        : addCommentToMember recipeId=63149d9333f5e33dedf29f39, ratingTotalSum =3.5, finalRatingAvg =3.5
2022-09-04 21:44:03.790  INFO 4996 --- [    Test worker] c.f.s.data.dao.impl.CommentDaoImpl       : save Comment =Comment(id=63149d9333f5e33dedf29f3b, rating=3.5, body=null, imageId=null, date=2022-09-04, recipeId=63149d9333f5e33dedf29f39)
2022-09-04 21:44:04.038  INFO 4996 --- [    Test worker] c.f.s.data.dao.impl.MemberDaoImpl        : addCommentToMember memberId=63149d9333f5e33dedf29f3a
2022-09-04 21:44:04.047  INFO 4996 --- [    Test worker] c.f.s.data.dao.impl.RecipeDaoImpl        : addCommentToMember recipeId=63149d9333f5e33dedf29f39, ratingTotalSum =6.5, finalRatingAvg =3.25
2022-09-04 21:44:04.047  INFO 4996 --- [    Test worker] c.f.s.data.dao.impl.CommentDaoImpl       : save Comment =Comment(id=63149d9433f5e33dedf29f3c, rating=3.0, body=null, imageId=null, date=2022-09-04, recipeId=63149d9333f5e33dedf29f39)
2022-09-04 21:44:04.060  INFO 4996 --- [    Test worker] c.f.s.data.dao.impl.MemberDaoImpl        : addCommentToMember memberId=63149d9333f5e33dedf29f3a
2022-09-04 21:44:04.071  INFO 4996 --- [    Test worker] c.f.s.data.dao.impl.RecipeDaoImpl        : addCommentToMember recipeId=63149d9333f5e33dedf29f39, ratingTotalSum =11.0, finalRatingAvg =3.6666666666666665
2022-09-04 21:44:04.072  INFO 4996 --- [    Test worker] c.f.s.data.dao.impl.CommentDaoImpl       : save Comment =Comment(id=63149d9433f5e33dedf29f3d, rating=4.5, body=null, imageId=null, date=2022-09-04, recipeId=63149d9333f5e33dedf29f39)
2022-09-04 21:44:04.118  INFO 4996 --- [    Test worker] c.f.s.data.dao.impl.MemberDaoImpl        : addCommentToMember memberId=63149d9433f5e33dedf29f3f
2022-09-04 21:44:04.126  INFO 4996 --- [    Test worker] c.f.s.data.dao.impl.RecipeDaoImpl        : addCommentToMember recipeId=63149d9433f5e33dedf29f3e, ratingTotalSum =3.5, finalRatingAvg =3.5
2022-09-04 21:44:04.126  INFO 4996 --- [    Test worker] c.f.s.data.dao.impl.CommentDaoImpl       : save Comment =Comment(id=63149d9433f5e33dedf29f40, rating=3.5, body=조금 어려웠습니다., imageId=null, date=2022-09-04, recipeId=63149d9433f5e33dedf29f3e)
2022-09-04 21:44:04.186  INFO 4996 --- [    Test worker] c.f.s.data.dao.impl.MemberDaoImpl        : addCommentToMember memberId=63149d9433f5e33dedf29f42
2022-09-04 21:44:04.193  INFO 4996 --- [    Test worker] c.f.s.data.dao.impl.RecipeDaoImpl        : addCommentToMember recipeId=63149d9433f5e33dedf29f41, ratingTotalSum =3.5, finalRatingAvg =3.5
2022-09-04 21:44:04.194  INFO 4996 --- [    Test worker] c.f.s.data.dao.impl.CommentDaoImpl       : save Comment =Comment(id=63149d9433f5e33dedf29f43, rating=3.5, body=null, imageId=null, date=2022-09-04, recipeId=63149d9433f5e33dedf29f41)
2022-09-04 21:44:04.199  INFO 4996 --- [    Test worker] c.f.s.data.dao.impl.MemberDaoImpl        : addCommentToMember memberId=63149d9433f5e33dedf29f42
2022-09-04 21:44:04.208  INFO 4996 --- [    Test worker] c.f.s.data.dao.impl.RecipeDaoImpl        : addCommentToMember recipeId=63149d9433f5e33dedf29f41, ratingTotalSum =6.5, finalRatingAvg =3.25
2022-09-04 21:44:04.209  INFO 4996 --- [    Test worker] c.f.s.data.dao.impl.CommentDaoImpl       : save Comment =Comment(id=63149d9433f5e33dedf29f44, rating=3.0, body=null, imageId=null, date=2022-09-04, recipeId=63149d9433f5e33dedf29f41)
2022-09-04 21:44:04.220  INFO 4996 --- [    Test worker] c.f.s.data.dao.impl.RecipeDaoImpl        : delete recipe id =63149d9433f5e33dedf29f41 of rating =3.0, now avg=3.5 
2022-09-04 21:44:04.224  INFO 4996 --- [    Test worker] c.f.s.data.dao.impl.CommentDaoImpl       : delete comment id=63149d9433f5e33dedf29f44
2022-09-04 21:44:04.242  INFO 4996 --- [    Test worker] c.f.s.data.dao.impl.RecipeDaoImpl        : delete recipe id =63149d9433f5e33dedf29f41 of rating =3.5, now avg=0.0 
2022-09-04 21:44:04.244  INFO 4996 --- [    Test worker] c.f.s.data.dao.impl.CommentDaoImpl       : delete comment id=63149d9433f5e33dedf29f43
2022-09-04 21:44:04.289  INFO 4996 --- [    Test worker] c.f.s.data.dao.impl.MemberDaoImpl        : addCommentToMember memberId=63149d9433f5e33dedf29f46
2022-09-04 21:44:04.297  INFO 4996 --- [    Test worker] c.f.s.data.dao.impl.RecipeDaoImpl        : addCommentToMember recipeId=63149d9433f5e33dedf29f45, ratingTotalSum =3.5, finalRatingAvg =3.5
2022-09-04 21:44:04.297  INFO 4996 --- [    Test worker] c.f.s.data.dao.impl.CommentDaoImpl       : save Comment =Comment(id=63149d9433f5e33dedf29f47, rating=3.5, body=null, imageId=null, date=2022-09-04, recipeId=63149d9433f5e33dedf29f45)
2022-09-04 21:44:04.302  INFO 4996 --- [    Test worker] c.f.s.data.dao.impl.MemberDaoImpl        : addCommentToMember memberId=63149d9433f5e33dedf29f46
2022-09-04 21:44:04.310  INFO 4996 --- [    Test worker] c.f.s.data.dao.impl.RecipeDaoImpl        : addCommentToMember recipeId=63149d9433f5e33dedf29f45, ratingTotalSum =6.5, finalRatingAvg =3.25
2022-09-04 21:44:04.310  INFO 4996 --- [    Test worker] c.f.s.data.dao.impl.CommentDaoImpl       : save Comment =Comment(id=63149d9433f5e33dedf29f48, rating=3.0, body=null, imageId=null, date=2022-09-04, recipeId=63149d9433f5e33dedf29f45)
2022-09-04 21:44:04.315  INFO 4996 --- [    Test worker] c.f.s.data.dao.impl.MemberDaoImpl        : addCommentToMember memberId=63149d9433f5e33dedf29f46
2022-09-04 21:44:04.327  INFO 4996 --- [    Test worker] c.f.s.data.dao.impl.RecipeDaoImpl        : addCommentToMember recipeId=63149d9433f5e33dedf29f45, ratingTotalSum =11.0, finalRatingAvg =3.6666666666666665
2022-09-04 21:44:04.327  INFO 4996 --- [    Test worker] c.f.s.data.dao.impl.CommentDaoImpl       : save Comment =Comment(id=63149d9433f5e33dedf29f49, rating=4.5, body=null, imageId=null, date=2022-09-04, recipeId=63149d9433f5e33dedf29f45)
2022-09-04 21:44:04.344  INFO 4996 --- [    Test worker] c.f.s.data.dao.impl.RecipeDaoImpl        : update recipe id =63149d9433f5e33dedf29f45 to ratingAvg =2.5 
2022-09-04 21:44:04.348  INFO 4996 --- [    Test worker] c.f.s.data.dao.impl.CommentDaoImpl       : Update comment id=63149d9433f5e33dedf29f49, to data =Comment(id=null, rating=1.0, body=null, imageId=null, date=2022-09-04, recipeId=null)
]]></system-out>
  <system-err><![CDATA[]]></system-err>
</testsuite>
