<?xml version="1.0" encoding="UTF-8"?>
<testsuite name="com.fridgerescuer.springboot.data.repository.MemberRepositoryTest" tests="2" skipped="0" failures="0" errors="0" timestamp="2022-09-04T12:44:04" hostname="DESKTOP-QT4MFI0" time="0.092">
  <properties/>
  <testcase name="memberJoin()" classname="com.fridgerescuer.springboot.data.repository.MemberRepositoryTest" time="0.053"/>
  <testcase name="memberLogin()" classname="com.fridgerescuer.springboot.data.repository.MemberRepositoryTest" time="0.037"/>
  <system-out><![CDATA[2022-09-04 21:44:04.633  INFO 4996 --- [    Test worker] t.a.d.m.DataMongoTestContextBootstrapper : Neither @ContextConfiguration nor @ContextHierarchy found for test class [com.fridgerescuer.springboot.data.repository.MemberRepositoryTest], using SpringBootContextLoader
2022-09-04 21:44:04.637  INFO 4996 --- [    Test worker] o.s.t.c.support.AbstractContextLoader    : Could not detect default resource locations for test class [com.fridgerescuer.springboot.data.repository.MemberRepositoryTest]: no resource found for suffixes {-context.xml, Context.groovy}.
2022-09-04 21:44:04.637  INFO 4996 --- [    Test worker] t.c.s.AnnotationConfigContextLoaderUtils : Could not detect default configuration classes for test class [com.fridgerescuer.springboot.data.repository.MemberRepositoryTest]: MemberRepositoryTest does not declare any static, non-private, non-final, nested classes annotated with @Configuration.
2022-09-04 21:44:04.657  INFO 4996 --- [    Test worker] .b.t.c.SpringBootTestContextBootstrapper : Found @SpringBootConfiguration com.fridgerescuer.springboot.SpringbootApplication for test class com.fridgerescuer.springboot.data.repository.MemberRepositoryTest
2022-09-04 21:44:04.658  INFO 4996 --- [    Test worker] t.a.d.m.DataMongoTestContextBootstrapper : Loaded default TestExecutionListener class names from location [META-INF/spring.factories]: [org.springframework.boot.test.autoconfigure.restdocs.RestDocsTestExecutionListener, org.springframework.boot.test.autoconfigure.web.client.MockRestServiceServerResetTestExecutionListener, org.springframework.boot.test.autoconfigure.web.servlet.MockMvcPrintOnlyOnFailureTestExecutionListener, org.springframework.boot.test.autoconfigure.web.servlet.WebDriverTestExecutionListener, org.springframework.boot.test.autoconfigure.webservices.client.MockWebServiceServerTestExecutionListener, org.springframework.boot.test.mock.mockito.MockitoTestExecutionListener, org.springframework.boot.test.mock.mockito.ResetMocksTestExecutionListener, org.springframework.test.context.web.ServletTestExecutionListener, org.springframework.test.context.support.DirtiesContextBeforeModesTestExecutionListener, org.springframework.test.context.event.ApplicationEventsTestExecutionListener, org.springframework.test.context.support.DependencyInjectionTestExecutionListener, org.springframework.test.context.support.DirtiesContextTestExecutionListener, org.springframework.test.context.transaction.TransactionalTestExecutionListener, org.springframework.test.context.jdbc.SqlScriptsTestExecutionListener, org.springframework.test.context.event.EventPublishingTestExecutionListener]
2022-09-04 21:44:04.660  INFO 4996 --- [    Test worker] t.a.d.m.DataMongoTestContextBootstrapper : Using TestExecutionListeners: [org.springframework.test.context.web.ServletTestExecutionListener@21d15932, org.springframework.test.context.support.DirtiesContextBeforeModesTestExecutionListener@3966c679, org.springframework.test.context.event.ApplicationEventsTestExecutionListener@66a99584, org.springframework.boot.test.mock.mockito.MockitoTestExecutionListener@3945886e, org.springframework.boot.test.autoconfigure.SpringBootDependencyInjectionTestExecutionListener@12765ebd, org.springframework.test.context.support.DirtiesContextTestExecutionListener@1dac0784, org.springframework.test.context.transaction.TransactionalTestExecutionListener@3703a400, org.springframework.test.context.jdbc.SqlScriptsTestExecutionListener@22105c76, org.springframework.test.context.event.EventPublishingTestExecutionListener@2336d3f, org.springframework.boot.test.autoconfigure.restdocs.RestDocsTestExecutionListener@7f5ecada, org.springframework.boot.test.autoconfigure.web.client.MockRestServiceServerResetTestExecutionListener@55574295, org.springframework.boot.test.autoconfigure.web.servlet.MockMvcPrintOnlyOnFailureTestExecutionListener@750457a5, org.springframework.boot.test.autoconfigure.web.servlet.WebDriverTestExecutionListener@6c4786af, org.springframework.boot.test.autoconfigure.webservices.client.MockWebServiceServerTestExecutionListener@65c689e7, org.springframework.boot.test.mock.mockito.ResetMocksTestExecutionListener@a6a2c20]
2022-09-04 21:44:04.697  INFO 4996 --- [    Test worker] c.f.s.data.dao.impl.MemberDaoImpl        : save Member =Member(id=tank3a, password=abcd1234, name=김종원, ingredients=null, expirationDataList=null, recipes=null, comments=null)
2022-09-04 21:44:04.739  INFO 4996 --- [    Test worker] c.f.s.data.dao.impl.MemberDaoImpl        : save Member =Member(id=tank3a, password=abcd1234, name=김종원, ingredients=null, expirationDataList=null, recipes=null, comments=null)
]]></system-out>
  <system-err><![CDATA[]]></system-err>
</testsuite>
