<?xml version="1.0" encoding="UTF-8"?>
<testsuite name="com.fridgerescuer.springboot.data.dao.IngredientDaoTest" tests="5" skipped="0" failures="0" errors="0" timestamp="2022-10-10T14:41:03" hostname="DESKTOP-QT4MFI0" time="0.109">
  <properties/>
  <testcase name="없는 재료명으로 인한 런타임 예외 처리 확인, NoSuchIngredientException" classname="com.fridgerescuer.springboot.data.dao.IngredientDaoTest" time="0.013"/>
  <testcase name="재료의 id를 통해 재료 update" classname="com.fridgerescuer.springboot.data.dao.IngredientDaoTest" time="0.019"/>
  <testcase name="findIngredientContainName()" classname="com.fridgerescuer.springboot.data.dao.IngredientDaoTest" time="0.023"/>
  <testcase name="이름으로 재료 id 찾기" classname="com.fridgerescuer.springboot.data.dao.IngredientDaoTest" time="0.016"/>
  <testcase name="deleteIngredientWithRecipeReference()" classname="com.fridgerescuer.springboot.data.dao.IngredientDaoTest" time="0.032"/>
  <system-out><![CDATA[2022-10-10 23:41:03.784  INFO 2080 --- [    Test worker] t.a.d.m.DataMongoTestContextBootstrapper : Neither @ContextConfiguration nor @ContextHierarchy found for test class [com.fridgerescuer.springboot.data.dao.IngredientDaoTest], using SpringBootContextLoader
2022-10-10 23:41:03.785  INFO 2080 --- [    Test worker] o.s.t.c.support.AbstractContextLoader    : Could not detect default resource locations for test class [com.fridgerescuer.springboot.data.dao.IngredientDaoTest]: no resource found for suffixes {-context.xml, Context.groovy}.
2022-10-10 23:41:03.785  INFO 2080 --- [    Test worker] t.c.s.AnnotationConfigContextLoaderUtils : Could not detect default configuration classes for test class [com.fridgerescuer.springboot.data.dao.IngredientDaoTest]: IngredientDaoTest does not declare any static, non-private, non-final, nested classes annotated with @Configuration.
2022-10-10 23:41:03.789  INFO 2080 --- [    Test worker] .b.t.c.SpringBootTestContextBootstrapper : Found @SpringBootConfiguration com.fridgerescuer.springboot.SpringbootApplication for test class com.fridgerescuer.springboot.data.dao.IngredientDaoTest
2022-10-10 23:41:03.789  INFO 2080 --- [    Test worker] t.a.d.m.DataMongoTestContextBootstrapper : Loaded default TestExecutionListener class names from location [META-INF/spring.factories]: [org.springframework.security.test.context.support.WithSecurityContextTestExecutionListener, org.springframework.security.test.context.support.ReactorContextTestExecutionListener, org.springframework.boot.test.autoconfigure.restdocs.RestDocsTestExecutionListener, org.springframework.boot.test.autoconfigure.web.client.MockRestServiceServerResetTestExecutionListener, org.springframework.boot.test.autoconfigure.web.servlet.MockMvcPrintOnlyOnFailureTestExecutionListener, org.springframework.boot.test.autoconfigure.web.servlet.WebDriverTestExecutionListener, org.springframework.boot.test.autoconfigure.webservices.client.MockWebServiceServerTestExecutionListener, org.springframework.boot.test.mock.mockito.MockitoTestExecutionListener, org.springframework.boot.test.mock.mockito.ResetMocksTestExecutionListener, org.springframework.test.context.web.ServletTestExecutionListener, org.springframework.test.context.support.DirtiesContextBeforeModesTestExecutionListener, org.springframework.test.context.event.ApplicationEventsTestExecutionListener, org.springframework.test.context.support.DependencyInjectionTestExecutionListener, org.springframework.test.context.support.DirtiesContextTestExecutionListener, org.springframework.test.context.transaction.TransactionalTestExecutionListener, org.springframework.test.context.jdbc.SqlScriptsTestExecutionListener, org.springframework.test.context.event.EventPublishingTestExecutionListener]
2022-10-10 23:41:03.790  INFO 2080 --- [    Test worker] t.a.d.m.DataMongoTestContextBootstrapper : Using TestExecutionListeners: [org.springframework.test.context.web.ServletTestExecutionListener@52b49891, org.springframework.test.context.support.DirtiesContextBeforeModesTestExecutionListener@75973f7a, org.springframework.test.context.event.ApplicationEventsTestExecutionListener@7940b729, org.springframework.boot.test.mock.mockito.MockitoTestExecutionListener@527d1fe1, org.springframework.boot.test.autoconfigure.SpringBootDependencyInjectionTestExecutionListener@24fb752f, org.springframework.test.context.support.DirtiesContextTestExecutionListener@68dbe225, org.springframework.test.context.transaction.TransactionalTestExecutionListener@145ef9e8, org.springframework.test.context.jdbc.SqlScriptsTestExecutionListener@2e667e95, org.springframework.security.test.context.support.WithSecurityContextTestExecutionListener@514b247b, org.springframework.test.context.event.EventPublishingTestExecutionListener@66b62ebd, org.springframework.security.test.context.support.ReactorContextTestExecutionListener@5440a3a, org.springframework.boot.test.autoconfigure.restdocs.RestDocsTestExecutionListener@18cb4ed1, org.springframework.boot.test.autoconfigure.web.client.MockRestServiceServerResetTestExecutionListener@10abd94f, org.springframework.boot.test.autoconfigure.web.servlet.MockMvcPrintOnlyOnFailureTestExecutionListener@47bfde21, org.springframework.boot.test.autoconfigure.web.servlet.WebDriverTestExecutionListener@628f0936, org.springframework.boot.test.autoconfigure.webservices.client.MockWebServiceServerTestExecutionListener@20706e70, org.springframework.boot.test.mock.mockito.ResetMocksTestExecutionListener@6e5fba90]
2022-10-10 23:41:03.803  INFO 2080 --- [    Test worker] c.f.s.data.dao.impl.IngredientDaoImpl    : save ingredient =Ingredient(id=63442eff6bd3da2dcf791265, name=마늘, index=0.0, foodGroup=null, foodCode=null, representationName=null, largeCategory=null, mediumCategory=null, smallCategory=null, subCategory=null, generalComponent=null, mineral=null, vitamin=null, aminoAcid=null, fattyAcid=null, recipes=null)
2022-10-10 23:41:03.817  INFO 2080 --- [    Test worker] c.f.s.data.dao.impl.IngredientDaoImpl    : save ingredient =Ingredient(id=63442eff6bd3da2dcf791266, name=마늘, index=0.0, foodGroup=null, foodCode=null, representationName=null, largeCategory=null, mediumCategory=null, smallCategory=null, subCategory=null, generalComponent=null, mineral=null, vitamin=null, aminoAcid=null, fattyAcid=null, recipes=null)
2022-10-10 23:41:03.822  INFO 2080 --- [    Test worker] c.f.s.data.dao.impl.IngredientDaoImpl    : update id=63442eff6bd3da2dcf791266 to ingredient =IngredientDTO(id=null, name=삼겹살, recipeDTOs=null)
updatedResponseDTO = IngredientDTO(id=63442eff6bd3da2dcf791266, name=삼겹살, recipeDTOs=[])
2022-10-10 23:41:03.837  INFO 2080 --- [    Test worker] c.f.s.data.dao.impl.IngredientDaoImpl    : save ingredient =Ingredient(id=63442eff6bd3da2dcf791267, name=새우, index=0.0, foodGroup=null, foodCode=null, representationName=null, largeCategory=null, mediumCategory=null, smallCategory=null, subCategory=null, generalComponent=null, mineral=null, vitamin=null, aminoAcid=null, fattyAcid=null, recipes=null)
2022-10-10 23:41:03.839  INFO 2080 --- [    Test worker] c.f.s.data.dao.impl.IngredientDaoImpl    : save ingredient =Ingredient(id=63442eff6bd3da2dcf791268, name=꽃새우, index=0.0, foodGroup=null, foodCode=null, representationName=null, largeCategory=null, mediumCategory=null, smallCategory=null, subCategory=null, generalComponent=null, mineral=null, vitamin=null, aminoAcid=null, fattyAcid=null, recipes=null)
2022-10-10 23:41:03.841  INFO 2080 --- [    Test worker] c.f.s.data.dao.impl.IngredientDaoImpl    : save ingredient =Ingredient(id=63442eff6bd3da2dcf791269, name=꽃개, index=0.0, foodGroup=null, foodCode=null, representationName=null, largeCategory=null, mediumCategory=null, smallCategory=null, subCategory=null, generalComponent=null, mineral=null, vitamin=null, aminoAcid=null, fattyAcid=null, recipes=null)
2022-10-10 23:41:03.864  INFO 2080 --- [    Test worker] c.f.s.data.dao.impl.IngredientDaoImpl    : save ingredient =Ingredient(id=63442eff6bd3da2dcf79126a, name=마늘, index=0.0, foodGroup=null, foodCode=null, representationName=null, largeCategory=null, mediumCategory=null, smallCategory=null, subCategory=null, generalComponent=null, mineral=null, vitamin=null, aminoAcid=null, fattyAcid=null, recipes=null)
2022-10-10 23:41:03.879  INFO 2080 --- [    Test worker] c.f.s.data.dao.impl.IngredientDaoImpl    : save ingredient =Ingredient(id=63442eff6bd3da2dcf79126b, name=마늘, index=0.0, foodGroup=null, foodCode=null, representationName=null, largeCategory=null, mediumCategory=null, smallCategory=null, subCategory=null, generalComponent=null, mineral=null, vitamin=null, aminoAcid=null, fattyAcid=null, recipes=null)
2022-10-10 23:41:03.884  INFO 2080 --- [    Test worker] c.f.s.data.dao.impl.RecipeDaoImpl        :  setReferenceWithIngredientsByIngredientIds modify 1'document 
2022-10-10 23:41:03.895  INFO 2080 --- [    Test worker] c.f.s.data.dao.impl.IngredientDaoImpl    : delete ingredient =63442eff6bd3da2dcf79126b
]]></system-out>
  <system-err><![CDATA[]]></system-err>
</testsuite>
