<?xml version="1.0" encoding="UTF-8"?>
<testsuite name="com.fridgerescuer.springboot.data.dao.MemberDaoTest" tests="1" skipped="0" failures="0" errors="0" timestamp="2022-09-04T12:44:04" hostname="DESKTOP-QT4MFI0" time="0.22">
  <properties/>
  <testcase name="addIngredientsAndExpirationDateToMemberByIngredientId()" classname="com.fridgerescuer.springboot.data.dao.MemberDaoTest" time="0.22"/>
  <system-out><![CDATA[2022-09-04 21:44:04.374  INFO 4996 --- [    Test worker] t.a.d.m.DataMongoTestContextBootstrapper : Neither @ContextConfiguration nor @ContextHierarchy found for test class [com.fridgerescuer.springboot.data.dao.MemberDaoTest], using SpringBootContextLoader
2022-09-04 21:44:04.375  INFO 4996 --- [    Test worker] o.s.t.c.support.AbstractContextLoader    : Could not detect default resource locations for test class [com.fridgerescuer.springboot.data.dao.MemberDaoTest]: no resource found for suffixes {-context.xml, Context.groovy}.
2022-09-04 21:44:04.376  INFO 4996 --- [    Test worker] t.c.s.AnnotationConfigContextLoaderUtils : Could not detect default configuration classes for test class [com.fridgerescuer.springboot.data.dao.MemberDaoTest]: MemberDaoTest does not declare any static, non-private, non-final, nested classes annotated with @Configuration.
2022-09-04 21:44:04.383  INFO 4996 --- [    Test worker] .b.t.c.SpringBootTestContextBootstrapper : Found @SpringBootConfiguration com.fridgerescuer.springboot.SpringbootApplication for test class com.fridgerescuer.springboot.data.dao.MemberDaoTest
2022-09-04 21:44:04.384  INFO 4996 --- [    Test worker] t.a.d.m.DataMongoTestContextBootstrapper : Loaded default TestExecutionListener class names from location [META-INF/spring.factories]: [org.springframework.boot.test.autoconfigure.restdocs.RestDocsTestExecutionListener, org.springframework.boot.test.autoconfigure.web.client.MockRestServiceServerResetTestExecutionListener, org.springframework.boot.test.autoconfigure.web.servlet.MockMvcPrintOnlyOnFailureTestExecutionListener, org.springframework.boot.test.autoconfigure.web.servlet.WebDriverTestExecutionListener, org.springframework.boot.test.autoconfigure.webservices.client.MockWebServiceServerTestExecutionListener, org.springframework.boot.test.mock.mockito.MockitoTestExecutionListener, org.springframework.boot.test.mock.mockito.ResetMocksTestExecutionListener, org.springframework.test.context.web.ServletTestExecutionListener, org.springframework.test.context.support.DirtiesContextBeforeModesTestExecutionListener, org.springframework.test.context.event.ApplicationEventsTestExecutionListener, org.springframework.test.context.support.DependencyInjectionTestExecutionListener, org.springframework.test.context.support.DirtiesContextTestExecutionListener, org.springframework.test.context.transaction.TransactionalTestExecutionListener, org.springframework.test.context.jdbc.SqlScriptsTestExecutionListener, org.springframework.test.context.event.EventPublishingTestExecutionListener]
2022-09-04 21:44:04.385  INFO 4996 --- [    Test worker] t.a.d.m.DataMongoTestContextBootstrapper : Using TestExecutionListeners: [org.springframework.test.context.web.ServletTestExecutionListener@70df41f9, org.springframework.test.context.support.DirtiesContextBeforeModesTestExecutionListener@64a7ad02, org.springframework.test.context.event.ApplicationEventsTestExecutionListener@46590dd0, org.springframework.boot.test.mock.mockito.MockitoTestExecutionListener@6c737fdb, org.springframework.boot.test.autoconfigure.SpringBootDependencyInjectionTestExecutionListener@66a93b25, org.springframework.test.context.support.DirtiesContextTestExecutionListener@3f3f554f, org.springframework.test.context.transaction.TransactionalTestExecutionListener@3186f8f5, org.springframework.test.context.jdbc.SqlScriptsTestExecutionListener@467cd4b9, org.springframework.test.context.event.EventPublishingTestExecutionListener@69a3bf40, org.springframework.boot.test.autoconfigure.restdocs.RestDocsTestExecutionListener@2c731a16, org.springframework.boot.test.autoconfigure.web.client.MockRestServiceServerResetTestExecutionListener@2a341e3d, org.springframework.boot.test.autoconfigure.web.servlet.MockMvcPrintOnlyOnFailureTestExecutionListener@a4dcede, org.springframework.boot.test.autoconfigure.web.servlet.WebDriverTestExecutionListener@7ee02968, org.springframework.boot.test.autoconfigure.webservices.client.MockWebServiceServerTestExecutionListener@4a773f08, org.springframework.boot.test.mock.mockito.ResetMocksTestExecutionListener@40b8158d]
2022-09-04 21:44:04.396  INFO 4996 --- [    Test worker] c.f.s.data.dao.impl.IngredientDaoImpl    : save ingredient =Ingredient(id=null, name=마늘, recipes=null)
2022-09-04 21:44:04.443  INFO 4996 --- [       Thread-4] o.s.b.a.mongo.embedded.EmbeddedMongo     : {"t":{"$date":"2022-09-04T21:44:04.443+09:00"},"s":"I",  "c":"STORAGE",  "id":20320,   "ctx":"conn5","msg":"createCollection","attr":{"namespace":"test.ingredient","uuidDisposition":"generated","uuid":{"uuid":{"$uuid":"4d64bb57-6c81-40c9-a48f-cb1f424bb5a5"}},"options":{}}}
2022-09-04 21:44:04.481  INFO 4996 --- [       Thread-4] o.s.b.a.mongo.embedded.EmbeddedMongo     : {"t":{"$date":"2022-09-04T21:44:04.481+09:00"},"s":"I",  "c":"INDEX",    "id":20345,   "ctx":"conn5","msg":"Index build: done building","attr":{"buildUUID":null,"namespace":"test.ingredient","index":"_id_","commitTimestamp":null}}
2022-09-04 21:44:04.483  INFO 4996 --- [    Test worker] c.f.s.data.dao.impl.IngredientDaoImpl    : save ingredient =Ingredient(id=null, name=사과, recipes=null)
2022-09-04 21:44:04.486  INFO 4996 --- [    Test worker] c.f.s.data.dao.impl.MemberDaoImpl        : save Member =Member(id=null, password=null, name=야생마, ingredients=null, expirationDataList=null, recipes=null, comments=null)
2022-09-04 21:44:04.553  INFO 4996 --- [    Test worker] c.f.s.data.dao.impl.MemberDaoImpl        : add ingredient size=2, to member id=63149d9433f5e33dedf29f4c
2022-09-04 21:44:04.563  INFO 4996 --- [    Test worker] c.f.s.data.dao.impl.MemberDaoImpl        : push Member Ingredient ExpirationData =ExpirationData(ingredientId=63149d9433f5e33dedf29f4a, expirationDate=2022-09-25, isNoExpiration=false), to MemberId =63149d9433f5e33dedf29f4c
2022-09-04 21:44:04.581  INFO 4996 --- [    Test worker] c.f.s.data.dao.impl.MemberDaoImpl        : push Member Ingredient ExpirationData =ExpirationData(ingredientId=63149d9433f5e33dedf29f4b, expirationDate=2022-09-18, isNoExpiration=false), to MemberId =63149d9433f5e33dedf29f4c
]]></system-out>
  <system-err><![CDATA[]]></system-err>
</testsuite>
